[33m[2025-03-03 08:48:55.499][0;39m [34mINFO [0;39m
                [[36msla-service[0;39m, [34mtraceId[0;39m=[31mNONE[0;39m, [34mspanId[0;39m=NONE] - Starting TroopApplication using Java 19.0.1 with PID 97266 (/Users/danaimunjemu/Downloads/troop/target/classes started by danaimunjemu in /Users/danaimunjemu/Downloads/troop)
[33m[2025-03-03 08:48:55.500][0;39m [39mDEBUG[0;39m
                [[36msla-service[0;39m, [39mtraceId[0;39m=[31mNONE[0;39m, [39mspanId[0;39m=NONE] - Running with Spring Boot v3.4.3, Spring v6.2.3
[33m[2025-03-03 08:48:55.500][0;39m [34mINFO [0;39m
                [[36msla-service[0;39m, [34mtraceId[0;39m=[31mNONE[0;39m, [34mspanId[0;39m=NONE] - No active profile set, falling back to 1 default profile: "default"
[33m[2025-03-03 08:48:56.111][0;39m [34mINFO [0;39m
                [[36msla-service[0;39m, [34mtraceId[0;39m=[31mNONE[0;39m, [34mspanId[0;39m=NONE] - Bootstrapping Spring Data JPA repositories in DEFAULT mode.
[33m[2025-03-03 08:48:56.145][0;39m [34mINFO [0;39m
                [[36msla-service[0;39m, [34mtraceId[0;39m=[31mNONE[0;39m, [34mspanId[0;39m=NONE] - Finished Spring Data repository scanning in 27 ms. Found 1 JPA repository interface.
[33m[2025-03-03 08:48:56.595][0;39m [34mINFO [0;39m
                [[36msla-service[0;39m, [34mtraceId[0;39m=[31mNONE[0;39m, [34mspanId[0;39m=NONE] - Tomcat initialized with port 8113 (http)
[33m[2025-03-03 08:48:56.606][0;39m [34mINFO [0;39m
                [[36msla-service[0;39m, [34mtraceId[0;39m=[31mNONE[0;39m, [34mspanId[0;39m=NONE] - Initializing ProtocolHandler ["http-nio-8113"]
[33m[2025-03-03 08:48:56.607][0;39m [34mINFO [0;39m
                [[36msla-service[0;39m, [34mtraceId[0;39m=[31mNONE[0;39m, [34mspanId[0;39m=NONE] - Starting service [Tomcat]
[33m[2025-03-03 08:48:56.607][0;39m [34mINFO [0;39m
                [[36msla-service[0;39m, [34mtraceId[0;39m=[31mNONE[0;39m, [34mspanId[0;39m=NONE] - Starting Servlet engine: [Apache Tomcat/10.1.36]
[33m[2025-03-03 08:48:56.646][0;39m [34mINFO [0;39m
                [[36msla-service[0;39m, [34mtraceId[0;39m=[31mNONE[0;39m, [34mspanId[0;39m=NONE] - Initializing Spring embedded WebApplicationContext
[33m[2025-03-03 08:48:56.646][0;39m [34mINFO [0;39m
                [[36msla-service[0;39m, [34mtraceId[0;39m=[31mNONE[0;39m, [34mspanId[0;39m=NONE] - Root WebApplicationContext: initialization completed in 1124 ms
[33m[2025-03-03 08:48:56.867][0;39m [34mINFO [0;39m
                [[36msla-service[0;39m, [34mtraceId[0;39m=[31mNONE[0;39m, [34mspanId[0;39m=NONE] - HikariPool-1 - Starting...
[33m[2025-03-03 08:48:56.997][0;39m [34mINFO [0;39m
                [[36msla-service[0;39m, [34mtraceId[0;39m=[31mNONE[0;39m, [34mspanId[0;39m=NONE] - HikariPool-1 - Added connection org.postgresql.jdbc.PgConnection@7a117dc2
[33m[2025-03-03 08:48:56.998][0;39m [34mINFO [0;39m
                [[36msla-service[0;39m, [34mtraceId[0;39m=[31mNONE[0;39m, [34mspanId[0;39m=NONE] - HikariPool-1 - Start completed.
[33m[2025-03-03 08:48:57.104][0;39m [34mINFO [0;39m
                [[36msla-service[0;39m, [34mtraceId[0;39m=[31mNONE[0;39m, [34mspanId[0;39m=NONE] - Set default schema name to public
[33m[2025-03-03 08:48:57.264][0;39m [34mINFO [0;39m
                [[36msla-service[0;39m, [34mtraceId[0;39m=[31mNONE[0;39m, [34mspanId[0;39m=NONE] - Reading resource: liquibase/changelogs/27-01-changelog.xml
[33m[2025-03-03 08:48:57.695][0;39m [34mINFO [0;39m
                [[36msla-service[0;39m, [34mtraceId[0;39m=[31mNONE[0;39m, [34mspanId[0;39m=NONE] - Reading from public.databasechangelog
[33m[2025-03-03 08:48:57.729][0;39m [34mINFO [0;39m
                [[36msla-service[0;39m, [34mtraceId[0;39m=[31mNONE[0;39m, [34mspanId[0;39m=NONE] - Database is up to date, no changesets to execute
[33m[2025-03-03 08:48:57.732][0;39m [34mINFO [0;39m
                [[36msla-service[0;39m, [34mtraceId[0;39m=[31mNONE[0;39m, [34mspanId[0;39m=NONE] - Reading from public.databasechangelog
[33m[2025-03-03 08:48:57.736][0;39m [34mINFO [0;39m
                [[36msla-service[0;39m, [34mtraceId[0;39m=[31mNONE[0;39m, [34mspanId[0;39m=NONE] - UPDATE SUMMARY
[33m[2025-03-03 08:48:57.736][0;39m [34mINFO [0;39m
                [[36msla-service[0;39m, [34mtraceId[0;39m=[31mNONE[0;39m, [34mspanId[0;39m=NONE] - Run:                          0
[33m[2025-03-03 08:48:57.736][0;39m [34mINFO [0;39m
                [[36msla-service[0;39m, [34mtraceId[0;39m=[31mNONE[0;39m, [34mspanId[0;39m=NONE] - Previously run:               1
[33m[2025-03-03 08:48:57.736][0;39m [34mINFO [0;39m
                [[36msla-service[0;39m, [34mtraceId[0;39m=[31mNONE[0;39m, [34mspanId[0;39m=NONE] - Filtered out:                 0
[33m[2025-03-03 08:48:57.736][0;39m [34mINFO [0;39m
                [[36msla-service[0;39m, [34mtraceId[0;39m=[31mNONE[0;39m, [34mspanId[0;39m=NONE] - -------------------------------
[33m[2025-03-03 08:48:57.736][0;39m [34mINFO [0;39m
                [[36msla-service[0;39m, [34mtraceId[0;39m=[31mNONE[0;39m, [34mspanId[0;39m=NONE] - Total change sets:            1
[33m[2025-03-03 08:48:57.737][0;39m [34mINFO [0;39m
                [[36msla-service[0;39m, [34mtraceId[0;39m=[31mNONE[0;39m, [34mspanId[0;39m=NONE] - Update summary generated
[33m[2025-03-03 08:48:57.737][0;39m [34mINFO [0;39m
                [[36msla-service[0;39m, [34mtraceId[0;39m=[31mNONE[0;39m, [34mspanId[0;39m=NONE] - Command execution complete
[33m[2025-03-03 08:48:57.882][0;39m [34mINFO [0;39m
                [[36msla-service[0;39m, [34mtraceId[0;39m=[31mNONE[0;39m, [34mspanId[0;39m=NONE] - HHH000204: Processing PersistenceUnitInfo [name: default]
[33m[2025-03-03 08:48:57.958][0;39m [34mINFO [0;39m
                [[36msla-service[0;39m, [34mtraceId[0;39m=[31mNONE[0;39m, [34mspanId[0;39m=NONE] - HHH000412: Hibernate ORM core version 6.6.8.Final
[33m[2025-03-03 08:48:58.037][0;39m [34mINFO [0;39m
                [[36msla-service[0;39m, [34mtraceId[0;39m=[31mNONE[0;39m, [34mspanId[0;39m=NONE] - HHH000026: Second-level cache disabled
[33m[2025-03-03 08:48:58.475][0;39m [34mINFO [0;39m
                [[36msla-service[0;39m, [34mtraceId[0;39m=[31mNONE[0;39m, [34mspanId[0;39m=NONE] - No LoadTimeWeaver setup: ignoring JPA class transformer
[33m[2025-03-03 08:48:58.575][0;39m [34mINFO [0;39m
                [[36msla-service[0;39m, [34mtraceId[0;39m=[31mNONE[0;39m, [34mspanId[0;39m=NONE] - HHH10001005: Database info:
	Database JDBC URL [Connecting through datasource 'HikariDataSource (HikariPool-1)']
	Database driver: undefined/unknown
	Database version: 15.4
	Autocommit mode: undefined/unknown
	Isolation level: undefined/unknown
	Minimum pool size: undefined/unknown
	Maximum pool size: undefined/unknown
[33m[2025-03-03 08:49:00.467][0;39m [34mINFO [0;39m
                [[36msla-service[0;39m, [34mtraceId[0;39m=[31mNONE[0;39m, [34mspanId[0;39m=NONE] - HHH000489: No JTA platform available (set 'hibernate.transaction.jta.platform' to enable JTA platform integration)
[33m[2025-03-03 08:49:00.471][0;39m [34mINFO [0;39m
                [[36msla-service[0;39m, [34mtraceId[0;39m=[31mNONE[0;39m, [34mspanId[0;39m=NONE] - Initialized JPA EntityManagerFactory for persistence unit 'default'
[33m[2025-03-03 08:49:01.166][0;39m [31mWARN [0;39m
                [[36msla-service[0;39m, [31mtraceId[0;39m=[31mNONE[0;39m, [31mspanId[0;39m=NONE] - spring.jpa.open-in-view is enabled by default. Therefore, database queries may be performed during view rendering. Explicitly configure spring.jpa.open-in-view to disable this warning
[33m[2025-03-03 08:49:02.449][0;39m [34mINFO [0;39m
                [[36msla-service[0;39m, [34mtraceId[0;39m=[31mNONE[0;39m, [34mspanId[0;39m=NONE] - Exposing 16 endpoints beneath base path '/admin'
[33m[2025-03-03 08:49:02.542][0;39m [34mINFO [0;39m
                [[36msla-service[0;39m, [34mtraceId[0;39m=[31mNONE[0;39m, [34mspanId[0;39m=NONE] - Starting ProtocolHandler ["http-nio-8113"]
[33m[2025-03-03 08:49:02.552][0;39m [34mINFO [0;39m
                [[36msla-service[0;39m, [34mtraceId[0;39m=[31mNONE[0;39m, [34mspanId[0;39m=NONE] - Tomcat started on port 8113 (http) with context path '/api/troop'
[33m[2025-03-03 08:49:02.567][0;39m [34mINFO [0;39m
                [[36msla-service[0;39m, [34mtraceId[0;39m=[31mNONE[0;39m, [34mspanId[0;39m=NONE] - Started TroopApplication in 7.28 seconds (process running for 7.814)
[33m[2025-03-03 08:49:02.570][0;39m [34mINFO [0;39m
                [[36msla-service[0;39m, [34mtraceId[0;39m=[31mNONE[0;39m, [34mspanId[0;39m=NONE] - 🔔 THE SCHEDULER IS RUNNING 🔔
[33m[2025-03-03 08:49:02.728][0;39m [34mINFO [0;39m
                [[36msla-service[0;39m, [34mtraceId[0;39m=[31mNONE[0;39m, [34mspanId[0;39m=NONE] - Process IDs retrieved successfully
[33m[2025-03-03 08:49:02.728][0;39m [1;31mERROR[0;39m
                [[36msla-service[0;39m, [1;31mtraceId[0;39m=[31mNONE[0;39m, [1;31mspanId[0;39m=NONE] - 🛑 mta-monitor is not running
[33m[2025-03-03 08:49:02.735][0;39m [34mINFO [0;39m
                [[36msla-service[0;39m, [34mtraceId[0;39m=[31mNONE[0;39m, [34mspanId[0;39m=NONE] - Command execution complete
[33m[2025-03-03 08:49:02.770][0;39m [34mINFO [0;39m
                [[36msla-service[0;39m, [34mtraceId[0;39m=[31mNONE[0;39m, [34mspanId[0;39m=NONE] - Process IDs retrieved successfully
[33m[2025-03-03 08:49:02.771][0;39m [1;31mERROR[0;39m
                [[36msla-service[0;39m, [1;31mtraceId[0;39m=[31mNONE[0;39m, [1;31mspanId[0;39m=NONE] - 🛑 termius-clone is not running
[33m[2025-03-03 08:49:02.785][0;39m [34mINFO [0;39m
                [[36msla-service[0;39m, [34mtraceId[0;39m=[31mNONE[0;39m, [34mspanId[0;39m=NONE] - Command execution complete
[33m[2025-03-03 08:49:02.925][0;39m [34mINFO [0;39m
                [[36msla-service[0;39m, [34mtraceId[0;39m=[31mNONE[0;39m, [34mspanId[0;39m=NONE] - Initializing Spring DispatcherServlet 'dispatcherServlet'
[33m[2025-03-03 08:49:02.925][0;39m [34mINFO [0;39m
                [[36msla-service[0;39m, [34mtraceId[0;39m=[31mNONE[0;39m, [34mspanId[0;39m=NONE] - Initializing Servlet 'dispatcherServlet'
[33m[2025-03-03 08:49:02.927][0;39m [34mINFO [0;39m
                [[36msla-service[0;39m, [34mtraceId[0;39m=[31mNONE[0;39m, [34mspanId[0;39m=NONE] - Completed initialization in 1 ms
[33m[2025-03-03 08:49:22.570][0;39m [34mINFO [0;39m
                [[36msla-service[0;39m, [34mtraceId[0;39m=[31mNONE[0;39m, [34mspanId[0;39m=NONE] - 🔔 THE SCHEDULER IS RUNNING 🔔
[33m[2025-03-03 08:49:22.692][0;39m [34mINFO [0;39m
                [[36msla-service[0;39m, [34mtraceId[0;39m=[31mNONE[0;39m, [34mspanId[0;39m=NONE] - Process IDs retrieved successfully
[33m[2025-03-03 08:49:22.692][0;39m [1;31mERROR[0;39m
                [[36msla-service[0;39m, [1;31mtraceId[0;39m=[31mNONE[0;39m, [1;31mspanId[0;39m=NONE] - 🛑 mta-monitor is not running
[33m[2025-03-03 08:49:22.696][0;39m [34mINFO [0;39m
                [[36msla-service[0;39m, [34mtraceId[0;39m=[31mNONE[0;39m, [34mspanId[0;39m=NONE] - Command execution complete
[33m[2025-03-03 08:49:22.737][0;39m [34mINFO [0;39m
                [[36msla-service[0;39m, [34mtraceId[0;39m=[31mNONE[0;39m, [34mspanId[0;39m=NONE] - Process IDs retrieved successfully
[33m[2025-03-03 08:49:22.738][0;39m [34mINFO [0;39m
                [[36msla-service[0;39m, [34mtraceId[0;39m=[31mNONE[0;39m, [34mspanId[0;39m=NONE] - 🟢 termius-clone is running with process IDs: [97307]
[33m[2025-03-03 08:49:42.569][0;39m [34mINFO [0;39m
                [[36msla-service[0;39m, [34mtraceId[0;39m=[31mNONE[0;39m, [34mspanId[0;39m=NONE] - 🔔 THE SCHEDULER IS RUNNING 🔔
[33m[2025-03-03 08:49:42.671][0;39m [34mINFO [0;39m
                [[36msla-service[0;39m, [34mtraceId[0;39m=[31mNONE[0;39m, [34mspanId[0;39m=NONE] - Process IDs retrieved successfully
[33m[2025-03-03 08:49:42.671][0;39m [1;31mERROR[0;39m
                [[36msla-service[0;39m, [1;31mtraceId[0;39m=[31mNONE[0;39m, [1;31mspanId[0;39m=NONE] - 🛑 mta-monitor is not running
[33m[2025-03-03 08:49:42.676][0;39m [34mINFO [0;39m
                [[36msla-service[0;39m, [34mtraceId[0;39m=[31mNONE[0;39m, [34mspanId[0;39m=NONE] - Command execution complete
[33m[2025-03-03 08:49:42.713][0;39m [34mINFO [0;39m
                [[36msla-service[0;39m, [34mtraceId[0;39m=[31mNONE[0;39m, [34mspanId[0;39m=NONE] - Process IDs retrieved successfully
[33m[2025-03-03 08:49:42.713][0;39m [34mINFO [0;39m
                [[36msla-service[0;39m, [34mtraceId[0;39m=[31mNONE[0;39m, [34mspanId[0;39m=NONE] - 🟢 termius-clone is running with process IDs: [97307]
[33m[2025-03-03 08:49:45.901][0;39m [31mWARN [0;39m
                [[36msla-service[0;39m, [31mtraceId[0;39m=[31mNONE[0;39m, [31mspanId[0;39m=NONE] - Started watching log file: /Users/danaimunjemu/Downloads/outpost-application/mta-monitor/logs/mta-monitor.log
[33m[2025-03-03 08:50:02.577][0;39m [34mINFO [0;39m
                [[36msla-service[0;39m, [34mtraceId[0;39m=[31mNONE[0;39m, [34mspanId[0;39m=NONE] - 🔔 THE SCHEDULER IS RUNNING 🔔
[33m[2025-03-03 08:50:02.702][0;39m [34mINFO [0;39m
                [[36msla-service[0;39m, [34mtraceId[0;39m=[31mNONE[0;39m, [34mspanId[0;39m=NONE] - Process IDs retrieved successfully
[33m[2025-03-03 08:50:02.702][0;39m [1;31mERROR[0;39m
                [[36msla-service[0;39m, [1;31mtraceId[0;39m=[31mNONE[0;39m, [1;31mspanId[0;39m=NONE] - 🛑 mta-monitor is not running
[33m[2025-03-03 08:50:02.712][0;39m [34mINFO [0;39m
                [[36msla-service[0;39m, [34mtraceId[0;39m=[31mNONE[0;39m, [34mspanId[0;39m=NONE] - Command execution complete
[33m[2025-03-03 08:50:02.754][0;39m [34mINFO [0;39m
                [[36msla-service[0;39m, [34mtraceId[0;39m=[31mNONE[0;39m, [34mspanId[0;39m=NONE] - Process IDs retrieved successfully
[33m[2025-03-03 08:50:02.754][0;39m [34mINFO [0;39m
                [[36msla-service[0;39m, [34mtraceId[0;39m=[31mNONE[0;39m, [34mspanId[0;39m=NONE] - 🟢 termius-clone is running with process IDs: [97307]
[33m[2025-03-03 08:50:22.575][0;39m [34mINFO [0;39m
                [[36msla-service[0;39m, [34mtraceId[0;39m=[31mNONE[0;39m, [34mspanId[0;39m=NONE] - 🔔 THE SCHEDULER IS RUNNING 🔔
[33m[2025-03-03 08:50:22.647][0;39m [34mINFO [0;39m
                [[36msla-service[0;39m, [34mtraceId[0;39m=[31mNONE[0;39m, [34mspanId[0;39m=NONE] - Process IDs retrieved successfully
[33m[2025-03-03 08:50:22.647][0;39m [1;31mERROR[0;39m
                [[36msla-service[0;39m, [1;31mtraceId[0;39m=[31mNONE[0;39m, [1;31mspanId[0;39m=NONE] - 🛑 mta-monitor is not running
[33m[2025-03-03 08:50:22.651][0;39m [34mINFO [0;39m
                [[36msla-service[0;39m, [34mtraceId[0;39m=[31mNONE[0;39m, [34mspanId[0;39m=NONE] - Command execution complete
[33m[2025-03-03 08:50:22.678][0;39m [34mINFO [0;39m
                [[36msla-service[0;39m, [34mtraceId[0;39m=[31mNONE[0;39m, [34mspanId[0;39m=NONE] - Process IDs retrieved successfully
[33m[2025-03-03 08:50:22.678][0;39m [34mINFO [0;39m
                [[36msla-service[0;39m, [34mtraceId[0;39m=[31mNONE[0;39m, [34mspanId[0;39m=NONE] - 🟢 termius-clone is running with process IDs: [97307]
[33m[2025-03-03 08:50:42.578][0;39m [34mINFO [0;39m
                [[36msla-service[0;39m, [34mtraceId[0;39m=[31mNONE[0;39m, [34mspanId[0;39m=NONE] - 🔔 THE SCHEDULER IS RUNNING 🔔
[33m[2025-03-03 08:50:42.634][0;39m [34mINFO [0;39m
                [[36msla-service[0;39m, [34mtraceId[0;39m=[31mNONE[0;39m, [34mspanId[0;39m=NONE] - Process IDs retrieved successfully
[33m[2025-03-03 08:50:42.634][0;39m [1;31mERROR[0;39m
                [[36msla-service[0;39m, [1;31mtraceId[0;39m=[31mNONE[0;39m, [1;31mspanId[0;39m=NONE] - 🛑 mta-monitor is not running
[33m[2025-03-03 08:50:42.639][0;39m [34mINFO [0;39m
                [[36msla-service[0;39m, [34mtraceId[0;39m=[31mNONE[0;39m, [34mspanId[0;39m=NONE] - Command execution complete
[33m[2025-03-03 08:50:42.664][0;39m [34mINFO [0;39m
                [[36msla-service[0;39m, [34mtraceId[0;39m=[31mNONE[0;39m, [34mspanId[0;39m=NONE] - Process IDs retrieved successfully
[33m[2025-03-03 08:50:42.664][0;39m [34mINFO [0;39m
                [[36msla-service[0;39m, [34mtraceId[0;39m=[31mNONE[0;39m, [34mspanId[0;39m=NONE] - 🟢 termius-clone is running with process IDs: [97307]
[33m[2025-03-03 08:51:02.574][0;39m [34mINFO [0;39m
                [[36msla-service[0;39m, [34mtraceId[0;39m=[31mNONE[0;39m, [34mspanId[0;39m=NONE] - 🔔 THE SCHEDULER IS RUNNING 🔔
[33m[2025-03-03 08:51:02.662][0;39m [34mINFO [0;39m
                [[36msla-service[0;39m, [34mtraceId[0;39m=[31mNONE[0;39m, [34mspanId[0;39m=NONE] - Process IDs retrieved successfully
[33m[2025-03-03 08:51:02.662][0;39m [1;31mERROR[0;39m
                [[36msla-service[0;39m, [1;31mtraceId[0;39m=[31mNONE[0;39m, [1;31mspanId[0;39m=NONE] - 🛑 mta-monitor is not running
[33m[2025-03-03 08:51:02.667][0;39m [34mINFO [0;39m
                [[36msla-service[0;39m, [34mtraceId[0;39m=[31mNONE[0;39m, [34mspanId[0;39m=NONE] - Command execution complete
[33m[2025-03-03 08:51:02.693][0;39m [34mINFO [0;39m
                [[36msla-service[0;39m, [34mtraceId[0;39m=[31mNONE[0;39m, [34mspanId[0;39m=NONE] - Process IDs retrieved successfully
[33m[2025-03-03 08:51:02.693][0;39m [34mINFO [0;39m
                [[36msla-service[0;39m, [34mtraceId[0;39m=[31mNONE[0;39m, [34mspanId[0;39m=NONE] - 🟢 termius-clone is running with process IDs: [97307]
[33m[2025-03-03 08:51:22.586][0;39m [34mINFO [0;39m
                [[36msla-service[0;39m, [34mtraceId[0;39m=[31mNONE[0;39m, [34mspanId[0;39m=NONE] - 🔔 THE SCHEDULER IS RUNNING 🔔
[33m[2025-03-03 08:51:22.668][0;39m [34mINFO [0;39m
                [[36msla-service[0;39m, [34mtraceId[0;39m=[31mNONE[0;39m, [34mspanId[0;39m=NONE] - Process IDs retrieved successfully
[33m[2025-03-03 08:51:22.668][0;39m [1;31mERROR[0;39m
                [[36msla-service[0;39m, [1;31mtraceId[0;39m=[31mNONE[0;39m, [1;31mspanId[0;39m=NONE] - 🛑 mta-monitor is not running
[33m[2025-03-03 08:51:22.671][0;39m [34mINFO [0;39m
                [[36msla-service[0;39m, [34mtraceId[0;39m=[31mNONE[0;39m, [34mspanId[0;39m=NONE] - Command execution complete
[33m[2025-03-03 08:51:22.697][0;39m [34mINFO [0;39m
                [[36msla-service[0;39m, [34mtraceId[0;39m=[31mNONE[0;39m, [34mspanId[0;39m=NONE] - Process IDs retrieved successfully
[33m[2025-03-03 08:51:22.697][0;39m [34mINFO [0;39m
                [[36msla-service[0;39m, [34mtraceId[0;39m=[31mNONE[0;39m, [34mspanId[0;39m=NONE] - 🟢 termius-clone is running with process IDs: [97307]
[33m[2025-03-03 08:51:42.572][0;39m [34mINFO [0;39m
                [[36msla-service[0;39m, [34mtraceId[0;39m=[31mNONE[0;39m, [34mspanId[0;39m=NONE] - 🔔 THE SCHEDULER IS RUNNING 🔔
[33m[2025-03-03 08:51:42.674][0;39m [34mINFO [0;39m
                [[36msla-service[0;39m, [34mtraceId[0;39m=[31mNONE[0;39m, [34mspanId[0;39m=NONE] - Process IDs retrieved successfully
[33m[2025-03-03 08:51:42.674][0;39m [1;31mERROR[0;39m
                [[36msla-service[0;39m, [1;31mtraceId[0;39m=[31mNONE[0;39m, [1;31mspanId[0;39m=NONE] - 🛑 mta-monitor is not running
[33m[2025-03-03 08:51:42.680][0;39m [34mINFO [0;39m
                [[36msla-service[0;39m, [34mtraceId[0;39m=[31mNONE[0;39m, [34mspanId[0;39m=NONE] - Command execution complete
[33m[2025-03-03 08:51:42.711][0;39m [34mINFO [0;39m
                [[36msla-service[0;39m, [34mtraceId[0;39m=[31mNONE[0;39m, [34mspanId[0;39m=NONE] - Process IDs retrieved successfully
[33m[2025-03-03 08:51:42.711][0;39m [34mINFO [0;39m
                [[36msla-service[0;39m, [34mtraceId[0;39m=[31mNONE[0;39m, [34mspanId[0;39m=NONE] - 🟢 termius-clone is running with process IDs: [97307]
[33m[2025-03-03 08:52:02.581][0;39m [34mINFO [0;39m
                [[36msla-service[0;39m, [34mtraceId[0;39m=[31mNONE[0;39m, [34mspanId[0;39m=NONE] - 🔔 THE SCHEDULER IS RUNNING 🔔
[33m[2025-03-03 08:52:02.658][0;39m [34mINFO [0;39m
                [[36msla-service[0;39m, [34mtraceId[0;39m=[31mNONE[0;39m, [34mspanId[0;39m=NONE] - Process IDs retrieved successfully
[33m[2025-03-03 08:52:02.659][0;39m [1;31mERROR[0;39m
                [[36msla-service[0;39m, [1;31mtraceId[0;39m=[31mNONE[0;39m, [1;31mspanId[0;39m=NONE] - 🛑 mta-monitor is not running
[33m[2025-03-03 08:52:02.662][0;39m [34mINFO [0;39m
                [[36msla-service[0;39m, [34mtraceId[0;39m=[31mNONE[0;39m, [34mspanId[0;39m=NONE] - Command execution complete
[33m[2025-03-03 08:52:02.686][0;39m [34mINFO [0;39m
                [[36msla-service[0;39m, [34mtraceId[0;39m=[31mNONE[0;39m, [34mspanId[0;39m=NONE] - Process IDs retrieved successfully
[33m[2025-03-03 08:52:02.686][0;39m [34mINFO [0;39m
                [[36msla-service[0;39m, [34mtraceId[0;39m=[31mNONE[0;39m, [34mspanId[0;39m=NONE] - 🟢 termius-clone is running with process IDs: [97307]
[33m[2025-03-03 08:52:22.572][0;39m [34mINFO [0;39m
                [[36msla-service[0;39m, [34mtraceId[0;39m=[31mNONE[0;39m, [34mspanId[0;39m=NONE] - 🔔 THE SCHEDULER IS RUNNING 🔔
[33m[2025-03-03 08:52:22.674][0;39m [34mINFO [0;39m
                [[36msla-service[0;39m, [34mtraceId[0;39m=[31mNONE[0;39m, [34mspanId[0;39m=NONE] - Process IDs retrieved successfully
[33m[2025-03-03 08:52:22.674][0;39m [1;31mERROR[0;39m
                [[36msla-service[0;39m, [1;31mtraceId[0;39m=[31mNONE[0;39m, [1;31mspanId[0;39m=NONE] - 🛑 mta-monitor is not running
[33m[2025-03-03 08:52:22.679][0;39m [34mINFO [0;39m
                [[36msla-service[0;39m, [34mtraceId[0;39m=[31mNONE[0;39m, [34mspanId[0;39m=NONE] - Command execution complete
[33m[2025-03-03 08:52:22.706][0;39m [34mINFO [0;39m
                [[36msla-service[0;39m, [34mtraceId[0;39m=[31mNONE[0;39m, [34mspanId[0;39m=NONE] - Process IDs retrieved successfully
[33m[2025-03-03 08:52:22.706][0;39m [34mINFO [0;39m
                [[36msla-service[0;39m, [34mtraceId[0;39m=[31mNONE[0;39m, [34mspanId[0;39m=NONE] - 🟢 termius-clone is running with process IDs: [97307]
[33m[2025-03-03 08:52:42.572][0;39m [34mINFO [0;39m
                [[36msla-service[0;39m, [34mtraceId[0;39m=[31mNONE[0;39m, [34mspanId[0;39m=NONE] - 🔔 THE SCHEDULER IS RUNNING 🔔
[33m[2025-03-03 08:52:42.641][0;39m [34mINFO [0;39m
                [[36msla-service[0;39m, [34mtraceId[0;39m=[31mNONE[0;39m, [34mspanId[0;39m=NONE] - Process IDs retrieved successfully
[33m[2025-03-03 08:52:42.641][0;39m [1;31mERROR[0;39m
                [[36msla-service[0;39m, [1;31mtraceId[0;39m=[31mNONE[0;39m, [1;31mspanId[0;39m=NONE] - 🛑 mta-monitor is not running
[33m[2025-03-03 08:52:42.644][0;39m [34mINFO [0;39m
                [[36msla-service[0;39m, [34mtraceId[0;39m=[31mNONE[0;39m, [34mspanId[0;39m=NONE] - Command execution complete
[33m[2025-03-03 08:52:42.670][0;39m [34mINFO [0;39m
                [[36msla-service[0;39m, [34mtraceId[0;39m=[31mNONE[0;39m, [34mspanId[0;39m=NONE] - Process IDs retrieved successfully
[33m[2025-03-03 08:52:42.670][0;39m [34mINFO [0;39m
                [[36msla-service[0;39m, [34mtraceId[0;39m=[31mNONE[0;39m, [34mspanId[0;39m=NONE] - 🟢 termius-clone is running with process IDs: [97307]
[33m[2025-03-03 08:53:02.573][0;39m [34mINFO [0;39m
                [[36msla-service[0;39m, [34mtraceId[0;39m=[31mNONE[0;39m, [34mspanId[0;39m=NONE] - 🔔 THE SCHEDULER IS RUNNING 🔔
[33m[2025-03-03 08:53:02.639][0;39m [34mINFO [0;39m
                [[36msla-service[0;39m, [34mtraceId[0;39m=[31mNONE[0;39m, [34mspanId[0;39m=NONE] - Process IDs retrieved successfully
[33m[2025-03-03 08:53:02.639][0;39m [1;31mERROR[0;39m
                [[36msla-service[0;39m, [1;31mtraceId[0;39m=[31mNONE[0;39m, [1;31mspanId[0;39m=NONE] - 🛑 mta-monitor is not running
[33m[2025-03-03 08:53:02.644][0;39m [34mINFO [0;39m
                [[36msla-service[0;39m, [34mtraceId[0;39m=[31mNONE[0;39m, [34mspanId[0;39m=NONE] - Command execution complete
[33m[2025-03-03 08:53:02.671][0;39m [34mINFO [0;39m
                [[36msla-service[0;39m, [34mtraceId[0;39m=[31mNONE[0;39m, [34mspanId[0;39m=NONE] - Process IDs retrieved successfully
[33m[2025-03-03 08:53:02.672][0;39m [34mINFO [0;39m
                [[36msla-service[0;39m, [34mtraceId[0;39m=[31mNONE[0;39m, [34mspanId[0;39m=NONE] - 🟢 termius-clone is running with process IDs: [97307]
[33m[2025-03-03 08:53:22.576][0;39m [34mINFO [0;39m
                [[36msla-service[0;39m, [34mtraceId[0;39m=[31mNONE[0;39m, [34mspanId[0;39m=NONE] - 🔔 THE SCHEDULER IS RUNNING 🔔
[33m[2025-03-03 08:53:22.646][0;39m [34mINFO [0;39m
                [[36msla-service[0;39m, [34mtraceId[0;39m=[31mNONE[0;39m, [34mspanId[0;39m=NONE] - Process IDs retrieved successfully
[33m[2025-03-03 08:53:22.646][0;39m [1;31mERROR[0;39m
                [[36msla-service[0;39m, [1;31mtraceId[0;39m=[31mNONE[0;39m, [1;31mspanId[0;39m=NONE] - 🛑 mta-monitor is not running
[33m[2025-03-03 08:53:22.650][0;39m [34mINFO [0;39m
                [[36msla-service[0;39m, [34mtraceId[0;39m=[31mNONE[0;39m, [34mspanId[0;39m=NONE] - Command execution complete
[33m[2025-03-03 08:53:22.676][0;39m [34mINFO [0;39m
                [[36msla-service[0;39m, [34mtraceId[0;39m=[31mNONE[0;39m, [34mspanId[0;39m=NONE] - Process IDs retrieved successfully
[33m[2025-03-03 08:53:22.676][0;39m [34mINFO [0;39m
                [[36msla-service[0;39m, [34mtraceId[0;39m=[31mNONE[0;39m, [34mspanId[0;39m=NONE] - 🟢 termius-clone is running with process IDs: [97307]
[33m[2025-03-03 08:53:42.570][0;39m [34mINFO [0;39m
                [[36msla-service[0;39m, [34mtraceId[0;39m=[31mNONE[0;39m, [34mspanId[0;39m=NONE] - 🔔 THE SCHEDULER IS RUNNING 🔔
[33m[2025-03-03 08:53:42.613][0;39m [34mINFO [0;39m
                [[36msla-service[0;39m, [34mtraceId[0;39m=[31mNONE[0;39m, [34mspanId[0;39m=NONE] - Process IDs retrieved successfully
[33m[2025-03-03 08:53:42.613][0;39m [1;31mERROR[0;39m
                [[36msla-service[0;39m, [1;31mtraceId[0;39m=[31mNONE[0;39m, [1;31mspanId[0;39m=NONE] - 🛑 mta-monitor is not running
[33m[2025-03-03 08:53:42.618][0;39m [34mINFO [0;39m
                [[36msla-service[0;39m, [34mtraceId[0;39m=[31mNONE[0;39m, [34mspanId[0;39m=NONE] - Command execution complete
[33m[2025-03-03 08:53:42.669][0;39m [34mINFO [0;39m
                [[36msla-service[0;39m, [34mtraceId[0;39m=[31mNONE[0;39m, [34mspanId[0;39m=NONE] - Process IDs retrieved successfully
[33m[2025-03-03 08:53:42.669][0;39m [34mINFO [0;39m
                [[36msla-service[0;39m, [34mtraceId[0;39m=[31mNONE[0;39m, [34mspanId[0;39m=NONE] - 🟢 termius-clone is running with process IDs: [97307]
[33m[2025-03-03 08:54:02.589][0;39m [34mINFO [0;39m
                [[36msla-service[0;39m, [34mtraceId[0;39m=[31mNONE[0;39m, [34mspanId[0;39m=NONE] - 🔔 THE SCHEDULER IS RUNNING 🔔
[33m[2025-03-03 08:54:02.680][0;39m [34mINFO [0;39m
                [[36msla-service[0;39m, [34mtraceId[0;39m=[31mNONE[0;39m, [34mspanId[0;39m=NONE] - Process IDs retrieved successfully
[33m[2025-03-03 08:54:02.680][0;39m [1;31mERROR[0;39m
                [[36msla-service[0;39m, [1;31mtraceId[0;39m=[31mNONE[0;39m, [1;31mspanId[0;39m=NONE] - 🛑 mta-monitor is not running
[33m[2025-03-03 08:54:02.685][0;39m [34mINFO [0;39m
                [[36msla-service[0;39m, [34mtraceId[0;39m=[31mNONE[0;39m, [34mspanId[0;39m=NONE] - Command execution complete
[33m[2025-03-03 08:54:02.716][0;39m [34mINFO [0;39m
                [[36msla-service[0;39m, [34mtraceId[0;39m=[31mNONE[0;39m, [34mspanId[0;39m=NONE] - Process IDs retrieved successfully
[33m[2025-03-03 08:54:02.716][0;39m [34mINFO [0;39m
                [[36msla-service[0;39m, [34mtraceId[0;39m=[31mNONE[0;39m, [34mspanId[0;39m=NONE] - 🟢 termius-clone is running with process IDs: [97307]
[33m[2025-03-03 08:54:22.580][0;39m [34mINFO [0;39m
                [[36msla-service[0;39m, [34mtraceId[0;39m=[31mNONE[0;39m, [34mspanId[0;39m=NONE] - 🔔 THE SCHEDULER IS RUNNING 🔔
[33m[2025-03-03 08:54:22.644][0;39m [34mINFO [0;39m
                [[36msla-service[0;39m, [34mtraceId[0;39m=[31mNONE[0;39m, [34mspanId[0;39m=NONE] - Process IDs retrieved successfully
[33m[2025-03-03 08:54:22.644][0;39m [1;31mERROR[0;39m
                [[36msla-service[0;39m, [1;31mtraceId[0;39m=[31mNONE[0;39m, [1;31mspanId[0;39m=NONE] - 🛑 mta-monitor is not running
[33m[2025-03-03 08:54:22.647][0;39m [34mINFO [0;39m
                [[36msla-service[0;39m, [34mtraceId[0;39m=[31mNONE[0;39m, [34mspanId[0;39m=NONE] - Command execution complete
[33m[2025-03-03 08:54:22.673][0;39m [34mINFO [0;39m
                [[36msla-service[0;39m, [34mtraceId[0;39m=[31mNONE[0;39m, [34mspanId[0;39m=NONE] - Process IDs retrieved successfully
[33m[2025-03-03 08:54:22.673][0;39m [34mINFO [0;39m
                [[36msla-service[0;39m, [34mtraceId[0;39m=[31mNONE[0;39m, [34mspanId[0;39m=NONE] - 🟢 termius-clone is running with process IDs: [97307]
[33m[2025-03-03 08:54:42.571][0;39m [34mINFO [0;39m
                [[36msla-service[0;39m, [34mtraceId[0;39m=[31mNONE[0;39m, [34mspanId[0;39m=NONE] - 🔔 THE SCHEDULER IS RUNNING 🔔
[33m[2025-03-03 08:54:42.647][0;39m [34mINFO [0;39m
                [[36msla-service[0;39m, [34mtraceId[0;39m=[31mNONE[0;39m, [34mspanId[0;39m=NONE] - Process IDs retrieved successfully
[33m[2025-03-03 08:54:42.647][0;39m [1;31mERROR[0;39m
                [[36msla-service[0;39m, [1;31mtraceId[0;39m=[31mNONE[0;39m, [1;31mspanId[0;39m=NONE] - 🛑 mta-monitor is not running
[33m[2025-03-03 08:54:42.652][0;39m [34mINFO [0;39m
                [[36msla-service[0;39m, [34mtraceId[0;39m=[31mNONE[0;39m, [34mspanId[0;39m=NONE] - Command execution complete
[33m[2025-03-03 08:54:42.677][0;39m [34mINFO [0;39m
                [[36msla-service[0;39m, [34mtraceId[0;39m=[31mNONE[0;39m, [34mspanId[0;39m=NONE] - Process IDs retrieved successfully
[33m[2025-03-03 08:54:42.677][0;39m [34mINFO [0;39m
                [[36msla-service[0;39m, [34mtraceId[0;39m=[31mNONE[0;39m, [34mspanId[0;39m=NONE] - 🟢 termius-clone is running with process IDs: [97307]
[33m[2025-03-03 08:55:02.571][0;39m [34mINFO [0;39m
                [[36msla-service[0;39m, [34mtraceId[0;39m=[31mNONE[0;39m, [34mspanId[0;39m=NONE] - 🔔 THE SCHEDULER IS RUNNING 🔔
[33m[2025-03-03 08:55:02.652][0;39m [34mINFO [0;39m
                [[36msla-service[0;39m, [34mtraceId[0;39m=[31mNONE[0;39m, [34mspanId[0;39m=NONE] - Process IDs retrieved successfully
[33m[2025-03-03 08:55:02.652][0;39m [1;31mERROR[0;39m
                [[36msla-service[0;39m, [1;31mtraceId[0;39m=[31mNONE[0;39m, [1;31mspanId[0;39m=NONE] - 🛑 mta-monitor is not running
[33m[2025-03-03 08:55:02.657][0;39m [34mINFO [0;39m
                [[36msla-service[0;39m, [34mtraceId[0;39m=[31mNONE[0;39m, [34mspanId[0;39m=NONE] - Command execution complete
[33m[2025-03-03 08:55:02.751][0;39m [34mINFO [0;39m
                [[36msla-service[0;39m, [34mtraceId[0;39m=[31mNONE[0;39m, [34mspanId[0;39m=NONE] - Process IDs retrieved successfully
[33m[2025-03-03 08:55:02.751][0;39m [34mINFO [0;39m
                [[36msla-service[0;39m, [34mtraceId[0;39m=[31mNONE[0;39m, [34mspanId[0;39m=NONE] - 🟢 termius-clone is running with process IDs: [97307]
[33m[2025-03-03 08:55:22.572][0;39m [34mINFO [0;39m
                [[36msla-service[0;39m, [34mtraceId[0;39m=[31mNONE[0;39m, [34mspanId[0;39m=NONE] - 🔔 THE SCHEDULER IS RUNNING 🔔
[33m[2025-03-03 08:55:22.654][0;39m [34mINFO [0;39m
                [[36msla-service[0;39m, [34mtraceId[0;39m=[31mNONE[0;39m, [34mspanId[0;39m=NONE] - Process IDs retrieved successfully
[33m[2025-03-03 08:55:22.654][0;39m [1;31mERROR[0;39m
                [[36msla-service[0;39m, [1;31mtraceId[0;39m=[31mNONE[0;39m, [1;31mspanId[0;39m=NONE] - 🛑 mta-monitor is not running
[33m[2025-03-03 08:55:22.658][0;39m [34mINFO [0;39m
                [[36msla-service[0;39m, [34mtraceId[0;39m=[31mNONE[0;39m, [34mspanId[0;39m=NONE] - Command execution complete
[33m[2025-03-03 08:55:22.682][0;39m [34mINFO [0;39m
                [[36msla-service[0;39m, [34mtraceId[0;39m=[31mNONE[0;39m, [34mspanId[0;39m=NONE] - Process IDs retrieved successfully
[33m[2025-03-03 08:55:22.682][0;39m [34mINFO [0;39m
                [[36msla-service[0;39m, [34mtraceId[0;39m=[31mNONE[0;39m, [34mspanId[0;39m=NONE] - 🟢 termius-clone is running with process IDs: [97307]
[33m[2025-03-03 08:55:42.570][0;39m [34mINFO [0;39m
                [[36msla-service[0;39m, [34mtraceId[0;39m=[31mNONE[0;39m, [34mspanId[0;39m=NONE] - 🔔 THE SCHEDULER IS RUNNING 🔔
[33m[2025-03-03 08:55:42.610][0;39m [34mINFO [0;39m
                [[36msla-service[0;39m, [34mtraceId[0;39m=[31mNONE[0;39m, [34mspanId[0;39m=NONE] - Process IDs retrieved successfully
[33m[2025-03-03 08:55:42.610][0;39m [1;31mERROR[0;39m
                [[36msla-service[0;39m, [1;31mtraceId[0;39m=[31mNONE[0;39m, [1;31mspanId[0;39m=NONE] - 🛑 mta-monitor is not running
[33m[2025-03-03 08:55:42.614][0;39m [34mINFO [0;39m
                [[36msla-service[0;39m, [34mtraceId[0;39m=[31mNONE[0;39m, [34mspanId[0;39m=NONE] - Command execution complete
[33m[2025-03-03 08:55:42.643][0;39m [34mINFO [0;39m
                [[36msla-service[0;39m, [34mtraceId[0;39m=[31mNONE[0;39m, [34mspanId[0;39m=NONE] - Process IDs retrieved successfully
[33m[2025-03-03 08:55:42.644][0;39m [34mINFO [0;39m
                [[36msla-service[0;39m, [34mtraceId[0;39m=[31mNONE[0;39m, [34mspanId[0;39m=NONE] - 🟢 termius-clone is running with process IDs: [97307]
[33m[2025-03-03 08:56:02.571][0;39m [34mINFO [0;39m
                [[36msla-service[0;39m, [34mtraceId[0;39m=[31mNONE[0;39m, [34mspanId[0;39m=NONE] - 🔔 THE SCHEDULER IS RUNNING 🔔
[33m[2025-03-03 08:56:02.650][0;39m [34mINFO [0;39m
                [[36msla-service[0;39m, [34mtraceId[0;39m=[31mNONE[0;39m, [34mspanId[0;39m=NONE] - Process IDs retrieved successfully
[33m[2025-03-03 08:56:02.650][0;39m [1;31mERROR[0;39m
                [[36msla-service[0;39m, [1;31mtraceId[0;39m=[31mNONE[0;39m, [1;31mspanId[0;39m=NONE] - 🛑 mta-monitor is not running
[33m[2025-03-03 08:56:02.654][0;39m [34mINFO [0;39m
                [[36msla-service[0;39m, [34mtraceId[0;39m=[31mNONE[0;39m, [34mspanId[0;39m=NONE] - Command execution complete
[33m[2025-03-03 08:56:02.679][0;39m [34mINFO [0;39m
                [[36msla-service[0;39m, [34mtraceId[0;39m=[31mNONE[0;39m, [34mspanId[0;39m=NONE] - Process IDs retrieved successfully
[33m[2025-03-03 08:56:02.679][0;39m [34mINFO [0;39m
                [[36msla-service[0;39m, [34mtraceId[0;39m=[31mNONE[0;39m, [34mspanId[0;39m=NONE] - 🟢 termius-clone is running with process IDs: [97307]
[33m[2025-03-03 08:56:22.572][0;39m [34mINFO [0;39m
                [[36msla-service[0;39m, [34mtraceId[0;39m=[31mNONE[0;39m, [34mspanId[0;39m=NONE] - 🔔 THE SCHEDULER IS RUNNING 🔔
[33m[2025-03-03 08:56:22.636][0;39m [34mINFO [0;39m
                [[36msla-service[0;39m, [34mtraceId[0;39m=[31mNONE[0;39m, [34mspanId[0;39m=NONE] - Process IDs retrieved successfully
[33m[2025-03-03 08:56:22.636][0;39m [1;31mERROR[0;39m
                [[36msla-service[0;39m, [1;31mtraceId[0;39m=[31mNONE[0;39m, [1;31mspanId[0;39m=NONE] - 🛑 mta-monitor is not running
[33m[2025-03-03 08:56:22.640][0;39m [34mINFO [0;39m
                [[36msla-service[0;39m, [34mtraceId[0;39m=[31mNONE[0;39m, [34mspanId[0;39m=NONE] - Command execution complete
[33m[2025-03-03 08:56:22.668][0;39m [34mINFO [0;39m
                [[36msla-service[0;39m, [34mtraceId[0;39m=[31mNONE[0;39m, [34mspanId[0;39m=NONE] - Process IDs retrieved successfully
[33m[2025-03-03 08:56:22.669][0;39m [34mINFO [0;39m
                [[36msla-service[0;39m, [34mtraceId[0;39m=[31mNONE[0;39m, [34mspanId[0;39m=NONE] - 🟢 termius-clone is running with process IDs: [97307]
[33m[2025-03-03 08:56:42.585][0;39m [34mINFO [0;39m
                [[36msla-service[0;39m, [34mtraceId[0;39m=[31mNONE[0;39m, [34mspanId[0;39m=NONE] - 🔔 THE SCHEDULER IS RUNNING 🔔
[33m[2025-03-03 08:56:42.674][0;39m [34mINFO [0;39m
                [[36msla-service[0;39m, [34mtraceId[0;39m=[31mNONE[0;39m, [34mspanId[0;39m=NONE] - Process IDs retrieved successfully
[33m[2025-03-03 08:56:42.674][0;39m [1;31mERROR[0;39m
                [[36msla-service[0;39m, [1;31mtraceId[0;39m=[31mNONE[0;39m, [1;31mspanId[0;39m=NONE] - 🛑 mta-monitor is not running
[33m[2025-03-03 08:56:42.678][0;39m [34mINFO [0;39m
                [[36msla-service[0;39m, [34mtraceId[0;39m=[31mNONE[0;39m, [34mspanId[0;39m=NONE] - Command execution complete
[33m[2025-03-03 08:56:42.702][0;39m [34mINFO [0;39m
                [[36msla-service[0;39m, [34mtraceId[0;39m=[31mNONE[0;39m, [34mspanId[0;39m=NONE] - Process IDs retrieved successfully
[33m[2025-03-03 08:56:42.702][0;39m [34mINFO [0;39m
                [[36msla-service[0;39m, [34mtraceId[0;39m=[31mNONE[0;39m, [34mspanId[0;39m=NONE] - 🟢 termius-clone is running with process IDs: [97307]
[33m[2025-03-03 08:57:02.568][0;39m [34mINFO [0;39m
                [[36msla-service[0;39m, [34mtraceId[0;39m=[31mNONE[0;39m, [34mspanId[0;39m=NONE] - 🔔 THE SCHEDULER IS RUNNING 🔔
[33m[2025-03-03 08:57:02.621][0;39m [34mINFO [0;39m
                [[36msla-service[0;39m, [34mtraceId[0;39m=[31mNONE[0;39m, [34mspanId[0;39m=NONE] - Process IDs retrieved successfully
[33m[2025-03-03 08:57:02.621][0;39m [1;31mERROR[0;39m
                [[36msla-service[0;39m, [1;31mtraceId[0;39m=[31mNONE[0;39m, [1;31mspanId[0;39m=NONE] - 🛑 mta-monitor is not running
[33m[2025-03-03 08:57:02.625][0;39m [34mINFO [0;39m
                [[36msla-service[0;39m, [34mtraceId[0;39m=[31mNONE[0;39m, [34mspanId[0;39m=NONE] - Command execution complete
[33m[2025-03-03 08:57:02.650][0;39m [34mINFO [0;39m
                [[36msla-service[0;39m, [34mtraceId[0;39m=[31mNONE[0;39m, [34mspanId[0;39m=NONE] - Process IDs retrieved successfully
[33m[2025-03-03 08:57:02.650][0;39m [34mINFO [0;39m
                [[36msla-service[0;39m, [34mtraceId[0;39m=[31mNONE[0;39m, [34mspanId[0;39m=NONE] - 🟢 termius-clone is running with process IDs: [97307]
[33m[2025-03-03 08:57:22.570][0;39m [34mINFO [0;39m
                [[36msla-service[0;39m, [34mtraceId[0;39m=[31mNONE[0;39m, [34mspanId[0;39m=NONE] - 🔔 THE SCHEDULER IS RUNNING 🔔
[33m[2025-03-03 08:57:22.634][0;39m [34mINFO [0;39m
                [[36msla-service[0;39m, [34mtraceId[0;39m=[31mNONE[0;39m, [34mspanId[0;39m=NONE] - Process IDs retrieved successfully
[33m[2025-03-03 08:57:22.634][0;39m [1;31mERROR[0;39m
                [[36msla-service[0;39m, [1;31mtraceId[0;39m=[31mNONE[0;39m, [1;31mspanId[0;39m=NONE] - 🛑 mta-monitor is not running
[33m[2025-03-03 08:57:22.639][0;39m [34mINFO [0;39m
                [[36msla-service[0;39m, [34mtraceId[0;39m=[31mNONE[0;39m, [34mspanId[0;39m=NONE] - Command execution complete
[33m[2025-03-03 08:57:22.662][0;39m [34mINFO [0;39m
                [[36msla-service[0;39m, [34mtraceId[0;39m=[31mNONE[0;39m, [34mspanId[0;39m=NONE] - Process IDs retrieved successfully
[33m[2025-03-03 08:57:22.662][0;39m [34mINFO [0;39m
                [[36msla-service[0;39m, [34mtraceId[0;39m=[31mNONE[0;39m, [34mspanId[0;39m=NONE] - 🟢 termius-clone is running with process IDs: [97307]
[33m[2025-03-03 08:57:52.069][0;39m [34mINFO [0;39m
                [[36msla-service[0;39m, [34mtraceId[0;39m=[31mNONE[0;39m, [34mspanId[0;39m=NONE] - Commencing graceful shutdown. Waiting for active requests to complete
[33m[2025-03-03 08:57:52.112][0;39m [34mINFO [0;39m
                [[36msla-service[0;39m, [34mtraceId[0;39m=[31mNONE[0;39m, [34mspanId[0;39m=NONE] - Graceful shutdown complete
[33m[2025-03-03 08:57:52.353][0;39m [34mINFO [0;39m
                [[36msla-service[0;39m, [34mtraceId[0;39m=[31mNONE[0;39m, [34mspanId[0;39m=NONE] - Closing JPA EntityManagerFactory for persistence unit 'default'
[33m[2025-03-03 08:57:52.394][0;39m [34mINFO [0;39m
                [[36msla-service[0;39m, [34mtraceId[0;39m=[31mNONE[0;39m, [34mspanId[0;39m=NONE] - HikariPool-1 - Shutdown initiated...
[33m[2025-03-03 08:57:52.424][0;39m [34mINFO [0;39m
                [[36msla-service[0;39m, [34mtraceId[0;39m=[31mNONE[0;39m, [34mspanId[0;39m=NONE] - HikariPool-1 - Shutdown completed.
