[33m[2025-03-07 15:27:52.093][0;39m [34mINFO [0;39m
                [[36msla-service[0;39m, [34mtraceId[0;39m=[31mNONE[0;39m, [34mspanId[0;39m=NONE] - Starting TroopApplication using Java 19.0.1 with PID 69352 (/Users/danaimunjemu/Downloads/troop/target/classes started by danaimunjemu in /Users/danaimunjemu/Downloads/troop)
[33m[2025-03-07 15:27:52.094][0;39m [39mDEBUG[0;39m
                [[36msla-service[0;39m, [39mtraceId[0;39m=[31mNONE[0;39m, [39mspanId[0;39m=NONE] - Running with Spring Boot v3.4.3, Spring v6.2.3
[33m[2025-03-07 15:27:52.094][0;39m [34mINFO [0;39m
                [[36msla-service[0;39m, [34mtraceId[0;39m=[31mNONE[0;39m, [34mspanId[0;39m=NONE] - No active profile set, falling back to 1 default profile: "default"
[33m[2025-03-07 15:27:52.690][0;39m [34mINFO [0;39m
                [[36msla-service[0;39m, [34mtraceId[0;39m=[31mNONE[0;39m, [34mspanId[0;39m=NONE] - Bootstrapping Spring Data JPA repositories in DEFAULT mode.
[33m[2025-03-07 15:27:52.732][0;39m [34mINFO [0;39m
                [[36msla-service[0;39m, [34mtraceId[0;39m=[31mNONE[0;39m, [34mspanId[0;39m=NONE] - Finished Spring Data repository scanning in 35 ms. Found 6 JPA repository interfaces.
[33m[2025-03-07 15:27:53.171][0;39m [34mINFO [0;39m
                [[36msla-service[0;39m, [34mtraceId[0;39m=[31mNONE[0;39m, [34mspanId[0;39m=NONE] - Tomcat initialized with port 8113 (http)
[33m[2025-03-07 15:27:53.182][0;39m [34mINFO [0;39m
                [[36msla-service[0;39m, [34mtraceId[0;39m=[31mNONE[0;39m, [34mspanId[0;39m=NONE] - Initializing ProtocolHandler ["http-nio-8113"]
[33m[2025-03-07 15:27:53.183][0;39m [34mINFO [0;39m
                [[36msla-service[0;39m, [34mtraceId[0;39m=[31mNONE[0;39m, [34mspanId[0;39m=NONE] - Starting service [Tomcat]
[33m[2025-03-07 15:27:53.183][0;39m [34mINFO [0;39m
                [[36msla-service[0;39m, [34mtraceId[0;39m=[31mNONE[0;39m, [34mspanId[0;39m=NONE] - Starting Servlet engine: [Apache Tomcat/10.1.36]
[33m[2025-03-07 15:27:53.208][0;39m [34mINFO [0;39m
                [[36msla-service[0;39m, [34mtraceId[0;39m=[31mNONE[0;39m, [34mspanId[0;39m=NONE] - Initializing Spring embedded WebApplicationContext
[33m[2025-03-07 15:27:53.208][0;39m [34mINFO [0;39m
                [[36msla-service[0;39m, [34mtraceId[0;39m=[31mNONE[0;39m, [34mspanId[0;39m=NONE] - Root WebApplicationContext: initialization completed in 1092 ms
[33m[2025-03-07 15:27:53.372][0;39m [34mINFO [0;39m
                [[36msla-service[0;39m, [34mtraceId[0;39m=[31mNONE[0;39m, [34mspanId[0;39m=NONE] - HikariPool-1 - Starting...
[33m[2025-03-07 15:27:53.523][0;39m [34mINFO [0;39m
                [[36msla-service[0;39m, [34mtraceId[0;39m=[31mNONE[0;39m, [34mspanId[0;39m=NONE] - HikariPool-1 - Added connection org.postgresql.jdbc.PgConnection@7c31e410
[33m[2025-03-07 15:27:53.523][0;39m [34mINFO [0;39m
                [[36msla-service[0;39m, [34mtraceId[0;39m=[31mNONE[0;39m, [34mspanId[0;39m=NONE] - HikariPool-1 - Start completed.
[33m[2025-03-07 15:27:53.659][0;39m [34mINFO [0;39m
                [[36msla-service[0;39m, [34mtraceId[0;39m=[31mNONE[0;39m, [34mspanId[0;39m=NONE] - Set default schema name to public
[33m[2025-03-07 15:27:53.779][0;39m [34mINFO [0;39m
                [[36msla-service[0;39m, [34mtraceId[0;39m=[31mNONE[0;39m, [34mspanId[0;39m=NONE] - Reading resource: liquibase/changelogs/06-01-changelog.xml
[33m[2025-03-07 15:27:53.847][0;39m [34mINFO [0;39m
                [[36msla-service[0;39m, [34mtraceId[0;39m=[31mNONE[0;39m, [34mspanId[0;39m=NONE] - Reading resource: liquibase/changelogs/06-02-changelog.xml
[33m[2025-03-07 15:27:53.855][0;39m [34mINFO [0;39m
                [[36msla-service[0;39m, [34mtraceId[0;39m=[31mNONE[0;39m, [34mspanId[0;39m=NONE] - Reading resource: liquibase/changelogs/06-03-changelog.xml
[33m[2025-03-07 15:27:53.865][0;39m [34mINFO [0;39m
                [[36msla-service[0;39m, [34mtraceId[0;39m=[31mNONE[0;39m, [34mspanId[0;39m=NONE] - Reading resource: liquibase/changelogs/27-01-changelog.xml
[33m[2025-03-07 15:27:54.003][0;39m [34mINFO [0;39m
                [[36msla-service[0;39m, [34mtraceId[0;39m=[31mNONE[0;39m, [34mspanId[0;39m=NONE] - Reading from public.databasechangelog
[33m[2025-03-07 15:27:54.058][0;39m [34mINFO [0;39m
                [[36msla-service[0;39m, [34mtraceId[0;39m=[31mNONE[0;39m, [34mspanId[0;39m=NONE] - Database is up to date, no changesets to execute
[33m[2025-03-07 15:27:54.063][0;39m [34mINFO [0;39m
                [[36msla-service[0;39m, [34mtraceId[0;39m=[31mNONE[0;39m, [34mspanId[0;39m=NONE] - Reading from public.databasechangelog
[33m[2025-03-07 15:27:54.069][0;39m [34mINFO [0;39m
                [[36msla-service[0;39m, [34mtraceId[0;39m=[31mNONE[0;39m, [34mspanId[0;39m=NONE] - UPDATE SUMMARY
[33m[2025-03-07 15:27:54.069][0;39m [34mINFO [0;39m
                [[36msla-service[0;39m, [34mtraceId[0;39m=[31mNONE[0;39m, [34mspanId[0;39m=NONE] - Run:                          0
[33m[2025-03-07 15:27:54.069][0;39m [34mINFO [0;39m
                [[36msla-service[0;39m, [34mtraceId[0;39m=[31mNONE[0;39m, [34mspanId[0;39m=NONE] - Previously run:              15
[33m[2025-03-07 15:27:54.069][0;39m [34mINFO [0;39m
                [[36msla-service[0;39m, [34mtraceId[0;39m=[31mNONE[0;39m, [34mspanId[0;39m=NONE] - Filtered out:                 0
[33m[2025-03-07 15:27:54.069][0;39m [34mINFO [0;39m
                [[36msla-service[0;39m, [34mtraceId[0;39m=[31mNONE[0;39m, [34mspanId[0;39m=NONE] - -------------------------------
[33m[2025-03-07 15:27:54.069][0;39m [34mINFO [0;39m
                [[36msla-service[0;39m, [34mtraceId[0;39m=[31mNONE[0;39m, [34mspanId[0;39m=NONE] - Total change sets:           15
[33m[2025-03-07 15:27:54.070][0;39m [34mINFO [0;39m
                [[36msla-service[0;39m, [34mtraceId[0;39m=[31mNONE[0;39m, [34mspanId[0;39m=NONE] - Update summary generated
[33m[2025-03-07 15:27:54.070][0;39m [34mINFO [0;39m
                [[36msla-service[0;39m, [34mtraceId[0;39m=[31mNONE[0;39m, [34mspanId[0;39m=NONE] - Command execution complete
[33m[2025-03-07 15:27:54.133][0;39m [34mINFO [0;39m
                [[36msla-service[0;39m, [34mtraceId[0;39m=[31mNONE[0;39m, [34mspanId[0;39m=NONE] - HHH000204: Processing PersistenceUnitInfo [name: default]
[33m[2025-03-07 15:27:54.170][0;39m [34mINFO [0;39m
                [[36msla-service[0;39m, [34mtraceId[0;39m=[31mNONE[0;39m, [34mspanId[0;39m=NONE] - HHH000412: Hibernate ORM core version 6.6.8.Final
[33m[2025-03-07 15:27:54.189][0;39m [34mINFO [0;39m
                [[36msla-service[0;39m, [34mtraceId[0;39m=[31mNONE[0;39m, [34mspanId[0;39m=NONE] - HHH000026: Second-level cache disabled
[33m[2025-03-07 15:27:54.352][0;39m [34mINFO [0;39m
                [[36msla-service[0;39m, [34mtraceId[0;39m=[31mNONE[0;39m, [34mspanId[0;39m=NONE] - No LoadTimeWeaver setup: ignoring JPA class transformer
[33m[2025-03-07 15:27:54.412][0;39m [34mINFO [0;39m
                [[36msla-service[0;39m, [34mtraceId[0;39m=[31mNONE[0;39m, [34mspanId[0;39m=NONE] - HHH10001005: Database info:
	Database JDBC URL [Connecting through datasource 'HikariDataSource (HikariPool-1)']
	Database driver: undefined/unknown
	Database version: 15.4
	Autocommit mode: undefined/unknown
	Isolation level: undefined/unknown
	Minimum pool size: undefined/unknown
	Maximum pool size: undefined/unknown
[33m[2025-03-07 15:27:54.943][0;39m [34mINFO [0;39m
                [[36msla-service[0;39m, [34mtraceId[0;39m=[31mNONE[0;39m, [34mspanId[0;39m=NONE] - HHH000489: No JTA platform available (set 'hibernate.transaction.jta.platform' to enable JTA platform integration)
[33m[2025-03-07 15:27:54.944][0;39m [34mINFO [0;39m
                [[36msla-service[0;39m, [34mtraceId[0;39m=[31mNONE[0;39m, [34mspanId[0;39m=NONE] - Initialized JPA EntityManagerFactory for persistence unit 'default'
[33m[2025-03-07 15:27:55.114][0;39m [34mINFO [0;39m
                [[36msla-service[0;39m, [34mtraceId[0;39m=[31mNONE[0;39m, [34mspanId[0;39m=NONE] - Hibernate is in classpath; If applicable, HQL parser will be used.
[33m[2025-03-07 15:27:55.555][0;39m [31mWARN [0;39m
                [[36msla-service[0;39m, [31mtraceId[0;39m=[31mNONE[0;39m, [31mspanId[0;39m=NONE] - spring.jpa.open-in-view is enabled by default. Therefore, database queries may be performed during view rendering. Explicitly configure spring.jpa.open-in-view to disable this warning
[33m[2025-03-07 15:27:55.954][0;39m [34mINFO [0;39m
                [[36msla-service[0;39m, [34mtraceId[0;39m=[31mNONE[0;39m, [34mspanId[0;39m=NONE] - Exposing 16 endpoints beneath base path '/admin'
[33m[2025-03-07 15:27:56.000][0;39m [34mINFO [0;39m
                [[36msla-service[0;39m, [34mtraceId[0;39m=[31mNONE[0;39m, [34mspanId[0;39m=NONE] - Starting ProtocolHandler ["http-nio-8113"]
[33m[2025-03-07 15:27:56.011][0;39m [34mINFO [0;39m
                [[36msla-service[0;39m, [34mtraceId[0;39m=[31mNONE[0;39m, [34mspanId[0;39m=NONE] - Tomcat started on port 8113 (http) with context path '/api/troop'
[33m[2025-03-07 15:27:56.022][0;39m [34mINFO [0;39m
                [[36msla-service[0;39m, [34mtraceId[0;39m=[31mNONE[0;39m, [34mspanId[0;39m=NONE] - Started TroopApplication in 4.238 seconds (process running for 4.781)
[33m[2025-03-07 15:27:56.025][0;39m [34mINFO [0;39m
                [[36msla-service[0;39m, [34mtraceId[0;39m=[31mNONE[0;39m, [34mspanId[0;39m=NONE] - 🔔 THE SCHEDULER IS RUNNING 🔔
[33m[2025-03-07 15:27:56.150][0;39m [34mINFO [0;39m
                [[36msla-service[0;39m, [34mtraceId[0;39m=[31mNONE[0;39m, [34mspanId[0;39m=NONE] - Process IDs retrieved successfully
[33m[2025-03-07 15:27:56.150][0;39m [1;31mERROR[0;39m
                [[36msla-service[0;39m, [1;31mtraceId[0;39m=[31mNONE[0;39m, [1;31mspanId[0;39m=NONE] - 🛑 mta-monitor is not running
[33m[2025-03-07 15:27:56.472][0;39m [34mINFO [0;39m
                [[36msla-service[0;39m, [34mtraceId[0;39m=[31mNONE[0;39m, [34mspanId[0;39m=NONE] - Initializing Spring DispatcherServlet 'dispatcherServlet'
[33m[2025-03-07 15:27:56.472][0;39m [34mINFO [0;39m
                [[36msla-service[0;39m, [34mtraceId[0;39m=[31mNONE[0;39m, [34mspanId[0;39m=NONE] - Initializing Servlet 'dispatcherServlet'
[33m[2025-03-07 15:27:56.473][0;39m [34mINFO [0;39m
                [[36msla-service[0;39m, [34mtraceId[0;39m=[31mNONE[0;39m, [34mspanId[0;39m=NONE] - Completed initialization in 1 ms
[33m[2025-03-07 15:27:58.060][0;39m [34mINFO [0;39m
                [[36msla-service[0;39m, [34mtraceId[0;39m=[31mNONE[0;39m, [34mspanId[0;39m=NONE] - ✅ WhatsApp alert sent successfully to 263780728704
[33m[2025-03-07 15:27:58.061][0;39m [34mINFO [0;39m
                [[36msla-service[0;39m, [34mtraceId[0;39m=[31mNONE[0;39m, [34mspanId[0;39m=NONE] - Initializing 
[33m[2025-03-07 15:27:58.112][0;39m [34mINFO [0;39m
                [[36msla-service[0;39m, [34mtraceId[0;39m=[31mNONE[0;39m, [34mspanId[0;39m=NONE] - Process IDs retrieved successfully
[33m[2025-03-07 15:27:58.112][0;39m [1;31mERROR[0;39m
                [[36msla-service[0;39m, [1;31mtraceId[0;39m=[31mNONE[0;39m, [1;31mspanId[0;39m=NONE] - 🛑 termius-clone is not running
[33m[2025-03-07 15:27:59.867][0;39m [34mINFO [0;39m
                [[36msla-service[0;39m, [34mtraceId[0;39m=[31mNONE[0;39m, [34mspanId[0;39m=NONE] - ✅ WhatsApp alert sent successfully to 263780728704
[33m[2025-03-07 15:27:59.867][0;39m [34mINFO [0;39m
                [[36msla-service[0;39m, [34mtraceId[0;39m=[31mNONE[0;39m, [34mspanId[0;39m=NONE] - Initializing 
[33m[2025-03-07 15:27:59.994][0;39m [1;31mERROR[0;39m
                [[36msla-service[0;39m, [1;31mtraceId[0;39m=[31mNONE[0;39m, [1;31mspanId[0;39m=NONE] - 🛑 Main disk usage is high: 98.50% used
[33m[2025-03-07 15:28:00.881][0;39m [34mINFO [0;39m
                [[36msla-service[0;39m, [34mtraceId[0;39m=[31mNONE[0;39m, [34mspanId[0;39m=NONE] - ✅ WhatsApp alert sent successfully to 263780728704
[33m[2025-03-07 15:28:00.881][0;39m [34mINFO [0;39m
                [[36msla-service[0;39m, [34mtraceId[0;39m=[31mNONE[0;39m, [34mspanId[0;39m=NONE] - Initializing 
[33m[2025-03-07 15:28:11.762][0;39m [34mINFO [0;39m
                [[36msla-service[0;39m, [34mtraceId[0;39m=[31mNONE[0;39m, [34mspanId[0;39m=NONE] - Commencing graceful shutdown. Waiting for active requests to complete
[33m[2025-03-07 15:28:11.765][0;39m [34mINFO [0;39m
                [[36msla-service[0;39m, [34mtraceId[0;39m=[31mNONE[0;39m, [34mspanId[0;39m=NONE] - Graceful shutdown complete
[33m[2025-03-07 15:28:11.772][0;39m [34mINFO [0;39m
                [[36msla-service[0;39m, [34mtraceId[0;39m=[31mNONE[0;39m, [34mspanId[0;39m=NONE] - Closing JPA EntityManagerFactory for persistence unit 'default'
[33m[2025-03-07 15:28:11.775][0;39m [34mINFO [0;39m
                [[36msla-service[0;39m, [34mtraceId[0;39m=[31mNONE[0;39m, [34mspanId[0;39m=NONE] - HikariPool-1 - Shutdown initiated...
[33m[2025-03-07 15:28:11.777][0;39m [34mINFO [0;39m
                [[36msla-service[0;39m, [34mtraceId[0;39m=[31mNONE[0;39m, [34mspanId[0;39m=NONE] - HikariPool-1 - Shutdown completed.
[33m[2025-03-07 15:29:43.324][0;39m [34mINFO [0;39m
                [[36msla-service[0;39m, [34mtraceId[0;39m=[31mNONE[0;39m, [34mspanId[0;39m=NONE] - Starting TroopApplication using Java 19.0.1 with PID 69483 (/Users/danaimunjemu/Downloads/troop/target/classes started by danaimunjemu in /Users/danaimunjemu/Downloads/troop)
[33m[2025-03-07 15:29:43.324][0;39m [39mDEBUG[0;39m
                [[36msla-service[0;39m, [39mtraceId[0;39m=[31mNONE[0;39m, [39mspanId[0;39m=NONE] - Running with Spring Boot v3.4.3, Spring v6.2.3
[33m[2025-03-07 15:29:43.325][0;39m [34mINFO [0;39m
                [[36msla-service[0;39m, [34mtraceId[0;39m=[31mNONE[0;39m, [34mspanId[0;39m=NONE] - No active profile set, falling back to 1 default profile: "default"
[33m[2025-03-07 15:29:43.887][0;39m [34mINFO [0;39m
                [[36msla-service[0;39m, [34mtraceId[0;39m=[31mNONE[0;39m, [34mspanId[0;39m=NONE] - Bootstrapping Spring Data JPA repositories in DEFAULT mode.
[33m[2025-03-07 15:29:43.932][0;39m [34mINFO [0;39m
                [[36msla-service[0;39m, [34mtraceId[0;39m=[31mNONE[0;39m, [34mspanId[0;39m=NONE] - Finished Spring Data repository scanning in 38 ms. Found 6 JPA repository interfaces.
[33m[2025-03-07 15:29:44.342][0;39m [34mINFO [0;39m
                [[36msla-service[0;39m, [34mtraceId[0;39m=[31mNONE[0;39m, [34mspanId[0;39m=NONE] - Tomcat initialized with port 8113 (http)
[33m[2025-03-07 15:29:44.350][0;39m [34mINFO [0;39m
                [[36msla-service[0;39m, [34mtraceId[0;39m=[31mNONE[0;39m, [34mspanId[0;39m=NONE] - Initializing ProtocolHandler ["http-nio-8113"]
[33m[2025-03-07 15:29:44.351][0;39m [34mINFO [0;39m
                [[36msla-service[0;39m, [34mtraceId[0;39m=[31mNONE[0;39m, [34mspanId[0;39m=NONE] - Starting service [Tomcat]
[33m[2025-03-07 15:29:44.351][0;39m [34mINFO [0;39m
                [[36msla-service[0;39m, [34mtraceId[0;39m=[31mNONE[0;39m, [34mspanId[0;39m=NONE] - Starting Servlet engine: [Apache Tomcat/10.1.36]
[33m[2025-03-07 15:29:44.374][0;39m [34mINFO [0;39m
                [[36msla-service[0;39m, [34mtraceId[0;39m=[31mNONE[0;39m, [34mspanId[0;39m=NONE] - Initializing Spring embedded WebApplicationContext
[33m[2025-03-07 15:29:44.374][0;39m [34mINFO [0;39m
                [[36msla-service[0;39m, [34mtraceId[0;39m=[31mNONE[0;39m, [34mspanId[0;39m=NONE] - Root WebApplicationContext: initialization completed in 1026 ms
[33m[2025-03-07 15:29:44.754][0;39m [34mINFO [0;39m
                [[36msla-service[0;39m, [34mtraceId[0;39m=[31mNONE[0;39m, [34mspanId[0;39m=NONE] - HikariPool-1 - Starting...
[33m[2025-03-07 15:29:44.857][0;39m [34mINFO [0;39m
                [[36msla-service[0;39m, [34mtraceId[0;39m=[31mNONE[0;39m, [34mspanId[0;39m=NONE] - HikariPool-1 - Added connection org.postgresql.jdbc.PgConnection@57b63253
[33m[2025-03-07 15:29:44.866][0;39m [34mINFO [0;39m
                [[36msla-service[0;39m, [34mtraceId[0;39m=[31mNONE[0;39m, [34mspanId[0;39m=NONE] - HikariPool-1 - Start completed.
[33m[2025-03-07 15:29:44.942][0;39m [34mINFO [0;39m
                [[36msla-service[0;39m, [34mtraceId[0;39m=[31mNONE[0;39m, [34mspanId[0;39m=NONE] - Set default schema name to public
[33m[2025-03-07 15:29:45.075][0;39m [34mINFO [0;39m
                [[36msla-service[0;39m, [34mtraceId[0;39m=[31mNONE[0;39m, [34mspanId[0;39m=NONE] - Reading resource: liquibase/changelogs/06-01-changelog.xml
[33m[2025-03-07 15:29:45.145][0;39m [34mINFO [0;39m
                [[36msla-service[0;39m, [34mtraceId[0;39m=[31mNONE[0;39m, [34mspanId[0;39m=NONE] - Reading resource: liquibase/changelogs/06-02-changelog.xml
[33m[2025-03-07 15:29:45.155][0;39m [34mINFO [0;39m
                [[36msla-service[0;39m, [34mtraceId[0;39m=[31mNONE[0;39m, [34mspanId[0;39m=NONE] - Reading resource: liquibase/changelogs/06-03-changelog.xml
[33m[2025-03-07 15:29:45.166][0;39m [34mINFO [0;39m
                [[36msla-service[0;39m, [34mtraceId[0;39m=[31mNONE[0;39m, [34mspanId[0;39m=NONE] - Reading resource: liquibase/changelogs/27-01-changelog.xml
[33m[2025-03-07 15:29:45.247][0;39m [34mINFO [0;39m
                [[36msla-service[0;39m, [34mtraceId[0;39m=[31mNONE[0;39m, [34mspanId[0;39m=NONE] - Reading from public.databasechangelog
[33m[2025-03-07 15:29:45.303][0;39m [34mINFO [0;39m
                [[36msla-service[0;39m, [34mtraceId[0;39m=[31mNONE[0;39m, [34mspanId[0;39m=NONE] - Database is up to date, no changesets to execute
[33m[2025-03-07 15:29:45.304][0;39m [34mINFO [0;39m
                [[36msla-service[0;39m, [34mtraceId[0;39m=[31mNONE[0;39m, [34mspanId[0;39m=NONE] - Reading from public.databasechangelog
[33m[2025-03-07 15:29:45.312][0;39m [34mINFO [0;39m
                [[36msla-service[0;39m, [34mtraceId[0;39m=[31mNONE[0;39m, [34mspanId[0;39m=NONE] - UPDATE SUMMARY
[33m[2025-03-07 15:29:45.312][0;39m [34mINFO [0;39m
                [[36msla-service[0;39m, [34mtraceId[0;39m=[31mNONE[0;39m, [34mspanId[0;39m=NONE] - Run:                          0
[33m[2025-03-07 15:29:45.312][0;39m [34mINFO [0;39m
                [[36msla-service[0;39m, [34mtraceId[0;39m=[31mNONE[0;39m, [34mspanId[0;39m=NONE] - Previously run:              15
[33m[2025-03-07 15:29:45.312][0;39m [34mINFO [0;39m
                [[36msla-service[0;39m, [34mtraceId[0;39m=[31mNONE[0;39m, [34mspanId[0;39m=NONE] - Filtered out:                 0
[33m[2025-03-07 15:29:45.312][0;39m [34mINFO [0;39m
                [[36msla-service[0;39m, [34mtraceId[0;39m=[31mNONE[0;39m, [34mspanId[0;39m=NONE] - -------------------------------
[33m[2025-03-07 15:29:45.312][0;39m [34mINFO [0;39m
                [[36msla-service[0;39m, [34mtraceId[0;39m=[31mNONE[0;39m, [34mspanId[0;39m=NONE] - Total change sets:           15
[33m[2025-03-07 15:29:45.312][0;39m [34mINFO [0;39m
                [[36msla-service[0;39m, [34mtraceId[0;39m=[31mNONE[0;39m, [34mspanId[0;39m=NONE] - Update summary generated
[33m[2025-03-07 15:29:45.313][0;39m [34mINFO [0;39m
                [[36msla-service[0;39m, [34mtraceId[0;39m=[31mNONE[0;39m, [34mspanId[0;39m=NONE] - Command execution complete
[33m[2025-03-07 15:29:45.378][0;39m [34mINFO [0;39m
                [[36msla-service[0;39m, [34mtraceId[0;39m=[31mNONE[0;39m, [34mspanId[0;39m=NONE] - HHH000204: Processing PersistenceUnitInfo [name: default]
[33m[2025-03-07 15:29:45.439][0;39m [34mINFO [0;39m
                [[36msla-service[0;39m, [34mtraceId[0;39m=[31mNONE[0;39m, [34mspanId[0;39m=NONE] - HHH000412: Hibernate ORM core version 6.6.8.Final
[33m[2025-03-07 15:29:45.459][0;39m [34mINFO [0;39m
                [[36msla-service[0;39m, [34mtraceId[0;39m=[31mNONE[0;39m, [34mspanId[0;39m=NONE] - HHH000026: Second-level cache disabled
[33m[2025-03-07 15:29:45.632][0;39m [34mINFO [0;39m
                [[36msla-service[0;39m, [34mtraceId[0;39m=[31mNONE[0;39m, [34mspanId[0;39m=NONE] - No LoadTimeWeaver setup: ignoring JPA class transformer
[33m[2025-03-07 15:29:45.690][0;39m [34mINFO [0;39m
                [[36msla-service[0;39m, [34mtraceId[0;39m=[31mNONE[0;39m, [34mspanId[0;39m=NONE] - HHH10001005: Database info:
	Database JDBC URL [Connecting through datasource 'HikariDataSource (HikariPool-1)']
	Database driver: undefined/unknown
	Database version: 15.4
	Autocommit mode: undefined/unknown
	Isolation level: undefined/unknown
	Minimum pool size: undefined/unknown
	Maximum pool size: undefined/unknown
[33m[2025-03-07 15:29:46.230][0;39m [34mINFO [0;39m
                [[36msla-service[0;39m, [34mtraceId[0;39m=[31mNONE[0;39m, [34mspanId[0;39m=NONE] - HHH000489: No JTA platform available (set 'hibernate.transaction.jta.platform' to enable JTA platform integration)
[33m[2025-03-07 15:29:46.232][0;39m [34mINFO [0;39m
                [[36msla-service[0;39m, [34mtraceId[0;39m=[31mNONE[0;39m, [34mspanId[0;39m=NONE] - Initialized JPA EntityManagerFactory for persistence unit 'default'
[33m[2025-03-07 15:29:46.418][0;39m [34mINFO [0;39m
                [[36msla-service[0;39m, [34mtraceId[0;39m=[31mNONE[0;39m, [34mspanId[0;39m=NONE] - Hibernate is in classpath; If applicable, HQL parser will be used.
[33m[2025-03-07 15:29:46.846][0;39m [31mWARN [0;39m
                [[36msla-service[0;39m, [31mtraceId[0;39m=[31mNONE[0;39m, [31mspanId[0;39m=NONE] - spring.jpa.open-in-view is enabled by default. Therefore, database queries may be performed during view rendering. Explicitly configure spring.jpa.open-in-view to disable this warning
[33m[2025-03-07 15:29:47.268][0;39m [34mINFO [0;39m
                [[36msla-service[0;39m, [34mtraceId[0;39m=[31mNONE[0;39m, [34mspanId[0;39m=NONE] - Exposing 16 endpoints beneath base path '/admin'
[33m[2025-03-07 15:29:47.318][0;39m [34mINFO [0;39m
                [[36msla-service[0;39m, [34mtraceId[0;39m=[31mNONE[0;39m, [34mspanId[0;39m=NONE] - Starting ProtocolHandler ["http-nio-8113"]
[33m[2025-03-07 15:29:47.327][0;39m [34mINFO [0;39m
                [[36msla-service[0;39m, [34mtraceId[0;39m=[31mNONE[0;39m, [34mspanId[0;39m=NONE] - Tomcat started on port 8113 (http) with context path '/api/troop'
[33m[2025-03-07 15:29:47.339][0;39m [34mINFO [0;39m
                [[36msla-service[0;39m, [34mtraceId[0;39m=[31mNONE[0;39m, [34mspanId[0;39m=NONE] - Started TroopApplication in 4.216 seconds (process running for 4.644)
[33m[2025-03-07 15:29:47.343][0;39m [34mINFO [0;39m
                [[36msla-service[0;39m, [34mtraceId[0;39m=[31mNONE[0;39m, [34mspanId[0;39m=NONE] - 🔔 THE SCHEDULER IS RUNNING 🔔
[33m[2025-03-07 15:29:47.502][0;39m [34mINFO [0;39m
                [[36msla-service[0;39m, [34mtraceId[0;39m=[31mNONE[0;39m, [34mspanId[0;39m=NONE] - Process IDs retrieved successfully
[33m[2025-03-07 15:29:47.502][0;39m [1;31mERROR[0;39m
                [[36msla-service[0;39m, [1;31mtraceId[0;39m=[31mNONE[0;39m, [1;31mspanId[0;39m=NONE] - 🛑 mta-monitor is not running
[33m[2025-03-07 15:29:47.573][0;39m [34mINFO [0;39m
                [[36msla-service[0;39m, [34mtraceId[0;39m=[31mNONE[0;39m, [34mspanId[0;39m=NONE] - Request: 
[33m[2025-03-07 15:29:47.589][0;39m [34mINFO [0;39m
                [[36msla-service[0;39m, [34mtraceId[0;39m=[31mNONE[0;39m, [34mspanId[0;39m=NONE] - Initializing Spring DispatcherServlet 'dispatcherServlet'
[33m[2025-03-07 15:29:47.589][0;39m [34mINFO [0;39m
                [[36msla-service[0;39m, [34mtraceId[0;39m=[31mNONE[0;39m, [34mspanId[0;39m=NONE] - Initializing Servlet 'dispatcherServlet'
[33m[2025-03-07 15:29:47.590][0;39m [34mINFO [0;39m
                [[36msla-service[0;39m, [34mtraceId[0;39m=[31mNONE[0;39m, [34mspanId[0;39m=NONE] - Completed initialization in 1 ms
[33m[2025-03-07 15:29:48.924][0;39m [34mINFO [0;39m
                [[36msla-service[0;39m, [34mtraceId[0;39m=[31mNONE[0;39m, [34mspanId[0;39m=NONE] - ✅ WhatsApp alert sent successfully to 263780728704
[33m[2025-03-07 15:29:48.925][0;39m [34mINFO [0;39m
                [[36msla-service[0;39m, [34mtraceId[0;39m=[31mNONE[0;39m, [34mspanId[0;39m=NONE] - Initializing 
[33m[2025-03-07 15:29:48.971][0;39m [34mINFO [0;39m
                [[36msla-service[0;39m, [34mtraceId[0;39m=[31mNONE[0;39m, [34mspanId[0;39m=NONE] - Process IDs retrieved successfully
[33m[2025-03-07 15:29:48.971][0;39m [1;31mERROR[0;39m
                [[36msla-service[0;39m, [1;31mtraceId[0;39m=[31mNONE[0;39m, [1;31mspanId[0;39m=NONE] - 🛑 termius-clone is not running
[33m[2025-03-07 15:29:48.980][0;39m [34mINFO [0;39m
                [[36msla-service[0;39m, [34mtraceId[0;39m=[31mNONE[0;39m, [34mspanId[0;39m=NONE] - Request: 
[33m[2025-03-07 15:29:49.950][0;39m [34mINFO [0;39m
                [[36msla-service[0;39m, [34mtraceId[0;39m=[31mNONE[0;39m, [34mspanId[0;39m=NONE] - ✅ WhatsApp alert sent successfully to 263780728704
[33m[2025-03-07 15:29:49.950][0;39m [34mINFO [0;39m
                [[36msla-service[0;39m, [34mtraceId[0;39m=[31mNONE[0;39m, [34mspanId[0;39m=NONE] - Initializing 
[33m[2025-03-07 15:29:50.017][0;39m [1;31mERROR[0;39m
                [[36msla-service[0;39m, [1;31mtraceId[0;39m=[31mNONE[0;39m, [1;31mspanId[0;39m=NONE] - 🛑 Main disk usage is high: 98.50% used
[33m[2025-03-07 15:29:50.022][0;39m [34mINFO [0;39m
                [[36msla-service[0;39m, [34mtraceId[0;39m=[31mNONE[0;39m, [34mspanId[0;39m=NONE] - Request: 
[33m[2025-03-07 15:29:51.008][0;39m [34mINFO [0;39m
                [[36msla-service[0;39m, [34mtraceId[0;39m=[31mNONE[0;39m, [34mspanId[0;39m=NONE] - ✅ WhatsApp alert sent successfully to 263780728704
[33m[2025-03-07 15:29:51.008][0;39m [34mINFO [0;39m
                [[36msla-service[0;39m, [34mtraceId[0;39m=[31mNONE[0;39m, [34mspanId[0;39m=NONE] - Initializing 
[33m[2025-03-07 15:29:56.145][0;39m [34mINFO [0;39m
                [[36msla-service[0;39m, [34mtraceId[0;39m=[31mNONE[0;39m, [34mspanId[0;39m=NONE] - Commencing graceful shutdown. Waiting for active requests to complete
[33m[2025-03-07 15:29:56.148][0;39m [34mINFO [0;39m
                [[36msla-service[0;39m, [34mtraceId[0;39m=[31mNONE[0;39m, [34mspanId[0;39m=NONE] - Graceful shutdown complete
[33m[2025-03-07 15:29:56.153][0;39m [34mINFO [0;39m
                [[36msla-service[0;39m, [34mtraceId[0;39m=[31mNONE[0;39m, [34mspanId[0;39m=NONE] - Closing JPA EntityManagerFactory for persistence unit 'default'
[33m[2025-03-07 15:29:56.155][0;39m [34mINFO [0;39m
                [[36msla-service[0;39m, [34mtraceId[0;39m=[31mNONE[0;39m, [34mspanId[0;39m=NONE] - HikariPool-1 - Shutdown initiated...
[33m[2025-03-07 15:29:56.157][0;39m [34mINFO [0;39m
                [[36msla-service[0;39m, [34mtraceId[0;39m=[31mNONE[0;39m, [34mspanId[0;39m=NONE] - HikariPool-1 - Shutdown completed.
