[33m[2025-03-02 00:01:19.637][0;39m [34mINFO [0;39m
                [[36msla-service[0;39m, [34mtraceId[0;39m=[31mNONE[0;39m, [34mspanId[0;39m=NONE] - 🔔 THE SCHEDULER IS RUNNING 🔔
[33m[2025-03-02 00:01:19.771][0;39m [34mINFO [0;39m
                [[36msla-service[0;39m, [34mtraceId[0;39m=[31mNONE[0;39m, [34mspanId[0;39m=NONE] - Process IDs retrieved successfully
[33m[2025-03-02 00:01:19.771][0;39m [1;31mERROR[0;39m
                [[36msla-service[0;39m, [1;31mtraceId[0;39m=[31mNONE[0;39m, [1;31mspanId[0;39m=NONE] - 🛑 mta-monitor is not running
[33m[2025-03-02 00:01:19.788][0;39m [34mINFO [0;39m
                [[36msla-service[0;39m, [34mtraceId[0;39m=[31mNONE[0;39m, [34mspanId[0;39m=NONE] - Command execution complete
[33m[2025-03-02 00:01:19.834][0;39m [34mINFO [0;39m
                [[36msla-service[0;39m, [34mtraceId[0;39m=[31mNONE[0;39m, [34mspanId[0;39m=NONE] - Process IDs retrieved successfully
[33m[2025-03-02 00:01:19.834][0;39m [34mINFO [0;39m
                [[36msla-service[0;39m, [34mtraceId[0;39m=[31mNONE[0;39m, [34mspanId[0;39m=NONE] - 🟢 termius-clone is running with process IDs: [29653]
[33m[2025-03-02 00:19:17.842][0;39m [31mWARN [0;39m
                [[36msla-service[0;39m, [31mtraceId[0;39m=[31mNONE[0;39m, [31mspanId[0;39m=NONE] - HikariPool-1 - Thread starvation or clock leap detected (housekeeper delta=1h18m42s379ms).
[33m[2025-03-02 00:19:18.324][0;39m [34mINFO [0;39m
                [[36msla-service[0;39m, [34mtraceId[0;39m=[31mNONE[0;39m, [34mspanId[0;39m=NONE] - 🔔 THE SCHEDULER IS RUNNING 🔔
[33m[2025-03-02 00:19:18.383][0;39m [34mINFO [0;39m
                [[36msla-service[0;39m, [34mtraceId[0;39m=[31mNONE[0;39m, [34mspanId[0;39m=NONE] - Process IDs retrieved successfully
[33m[2025-03-02 00:19:18.383][0;39m [1;31mERROR[0;39m
                [[36msla-service[0;39m, [1;31mtraceId[0;39m=[31mNONE[0;39m, [1;31mspanId[0;39m=NONE] - 🛑 mta-monitor is not running
[33m[2025-03-02 00:19:18.386][0;39m [34mINFO [0;39m
                [[36msla-service[0;39m, [34mtraceId[0;39m=[31mNONE[0;39m, [34mspanId[0;39m=NONE] - Command execution complete
[33m[2025-03-02 00:19:18.409][0;39m [34mINFO [0;39m
                [[36msla-service[0;39m, [34mtraceId[0;39m=[31mNONE[0;39m, [34mspanId[0;39m=NONE] - Process IDs retrieved successfully
[33m[2025-03-02 00:19:18.410][0;39m [34mINFO [0;39m
                [[36msla-service[0;39m, [34mtraceId[0;39m=[31mNONE[0;39m, [34mspanId[0;39m=NONE] - 🟢 termius-clone is running with process IDs: [29653]
[33m[2025-03-02 01:02:30.879][0;39m [34mINFO [0;39m
                [[36msla-service[0;39m, [34mtraceId[0;39m=[31mNONE[0;39m, [34mspanId[0;39m=NONE] - 🔔 THE SCHEDULER IS RUNNING 🔔
[33m[2025-03-02 01:02:30.982][0;39m [34mINFO [0;39m
                [[36msla-service[0;39m, [34mtraceId[0;39m=[31mNONE[0;39m, [34mspanId[0;39m=NONE] - Process IDs retrieved successfully
[33m[2025-03-02 01:02:30.982][0;39m [1;31mERROR[0;39m
                [[36msla-service[0;39m, [1;31mtraceId[0;39m=[31mNONE[0;39m, [1;31mspanId[0;39m=NONE] - 🛑 mta-monitor is not running
[33m[2025-03-02 01:02:30.986][0;39m [34mINFO [0;39m
                [[36msla-service[0;39m, [34mtraceId[0;39m=[31mNONE[0;39m, [34mspanId[0;39m=NONE] - Command execution complete
[33m[2025-03-02 01:02:31.010][0;39m [34mINFO [0;39m
                [[36msla-service[0;39m, [34mtraceId[0;39m=[31mNONE[0;39m, [34mspanId[0;39m=NONE] - Process IDs retrieved successfully
[33m[2025-03-02 01:02:31.010][0;39m [34mINFO [0;39m
                [[36msla-service[0;39m, [34mtraceId[0;39m=[31mNONE[0;39m, [34mspanId[0;39m=NONE] - 🟢 termius-clone is running with process IDs: [29653]
[33m[2025-03-02 02:03:23.383][0;39m [31mWARN [0;39m
                [[36msla-service[0;39m, [31mtraceId[0;39m=[31mNONE[0;39m, [31mspanId[0;39m=NONE] - HikariPool-1 - Thread starvation or clock leap detected (housekeeper delta=1h44m5s559ms).
[33m[2025-03-02 02:24:46.442][0;39m [34mINFO [0;39m
                [[36msla-service[0;39m, [34mtraceId[0;39m=[31mNONE[0;39m, [34mspanId[0;39m=NONE] - 🔔 THE SCHEDULER IS RUNNING 🔔
[33m[2025-03-02 02:24:47.514][0;39m [34mINFO [0;39m
                [[36msla-service[0;39m, [34mtraceId[0;39m=[31mNONE[0;39m, [34mspanId[0;39m=NONE] - Process IDs retrieved successfully
[33m[2025-03-02 02:24:47.516][0;39m [1;31mERROR[0;39m
                [[36msla-service[0;39m, [1;31mtraceId[0;39m=[31mNONE[0;39m, [1;31mspanId[0;39m=NONE] - 🛑 mta-monitor is not running
[33m[2025-03-02 02:24:47.564][0;39m [34mINFO [0;39m
                [[36msla-service[0;39m, [34mtraceId[0;39m=[31mNONE[0;39m, [34mspanId[0;39m=NONE] - Command execution complete
[33m[2025-03-02 02:24:47.613][0;39m [34mINFO [0;39m
                [[36msla-service[0;39m, [34mtraceId[0;39m=[31mNONE[0;39m, [34mspanId[0;39m=NONE] - Process IDs retrieved successfully
[33m[2025-03-02 02:24:47.613][0;39m [34mINFO [0;39m
                [[36msla-service[0;39m, [34mtraceId[0;39m=[31mNONE[0;39m, [34mspanId[0;39m=NONE] - 🟢 termius-clone is running with process IDs: [29653]
[33m[2025-03-02 02:25:05.089][0;39m [31mWARN [0;39m
                [[36msla-service[0;39m, [31mtraceId[0;39m=[31mNONE[0;39m, [31mspanId[0;39m=NONE] - HikariPool-1 - Thread starvation or clock leap detected (housekeeper delta=21m41s705ms).
[33m[2025-03-02 02:25:05.566][0;39m [34mINFO [0;39m
                [[36msla-service[0;39m, [34mtraceId[0;39m=[31mNONE[0;39m, [34mspanId[0;39m=NONE] - 🔔 THE SCHEDULER IS RUNNING 🔔
[33m[2025-03-02 02:25:05.703][0;39m [34mINFO [0;39m
                [[36msla-service[0;39m, [34mtraceId[0;39m=[31mNONE[0;39m, [34mspanId[0;39m=NONE] - Process IDs retrieved successfully
[33m[2025-03-02 02:25:05.703][0;39m [1;31mERROR[0;39m
                [[36msla-service[0;39m, [1;31mtraceId[0;39m=[31mNONE[0;39m, [1;31mspanId[0;39m=NONE] - 🛑 mta-monitor is not running
[33m[2025-03-02 02:25:05.706][0;39m [34mINFO [0;39m
                [[36msla-service[0;39m, [34mtraceId[0;39m=[31mNONE[0;39m, [34mspanId[0;39m=NONE] - Command execution complete
[33m[2025-03-02 02:25:05.728][0;39m [34mINFO [0;39m
                [[36msla-service[0;39m, [34mtraceId[0;39m=[31mNONE[0;39m, [34mspanId[0;39m=NONE] - Process IDs retrieved successfully
[33m[2025-03-02 02:25:05.728][0;39m [34mINFO [0;39m
                [[36msla-service[0;39m, [34mtraceId[0;39m=[31mNONE[0;39m, [34mspanId[0;39m=NONE] - 🟢 termius-clone is running with process IDs: [29653]
[33m[2025-03-02 02:25:25.567][0;39m [34mINFO [0;39m
                [[36msla-service[0;39m, [34mtraceId[0;39m=[31mNONE[0;39m, [34mspanId[0;39m=NONE] - 🔔 THE SCHEDULER IS RUNNING 🔔
[33m[2025-03-02 02:25:25.686][0;39m [34mINFO [0;39m
                [[36msla-service[0;39m, [34mtraceId[0;39m=[31mNONE[0;39m, [34mspanId[0;39m=NONE] - Process IDs retrieved successfully
[33m[2025-03-02 02:25:25.686][0;39m [1;31mERROR[0;39m
                [[36msla-service[0;39m, [1;31mtraceId[0;39m=[31mNONE[0;39m, [1;31mspanId[0;39m=NONE] - 🛑 mta-monitor is not running
[33m[2025-03-02 02:25:25.690][0;39m [34mINFO [0;39m
                [[36msla-service[0;39m, [34mtraceId[0;39m=[31mNONE[0;39m, [34mspanId[0;39m=NONE] - Command execution complete
[33m[2025-03-02 02:25:25.715][0;39m [34mINFO [0;39m
                [[36msla-service[0;39m, [34mtraceId[0;39m=[31mNONE[0;39m, [34mspanId[0;39m=NONE] - Process IDs retrieved successfully
[33m[2025-03-02 02:25:25.716][0;39m [34mINFO [0;39m
                [[36msla-service[0;39m, [34mtraceId[0;39m=[31mNONE[0;39m, [34mspanId[0;39m=NONE] - 🟢 termius-clone is running with process IDs: [29653]
[33m[2025-03-02 02:25:45.577][0;39m [34mINFO [0;39m
                [[36msla-service[0;39m, [34mtraceId[0;39m=[31mNONE[0;39m, [34mspanId[0;39m=NONE] - 🔔 THE SCHEDULER IS RUNNING 🔔
[33m[2025-03-02 02:25:45.898][0;39m [34mINFO [0;39m
                [[36msla-service[0;39m, [34mtraceId[0;39m=[31mNONE[0;39m, [34mspanId[0;39m=NONE] - Process IDs retrieved successfully
[33m[2025-03-02 02:25:45.898][0;39m [1;31mERROR[0;39m
                [[36msla-service[0;39m, [1;31mtraceId[0;39m=[31mNONE[0;39m, [1;31mspanId[0;39m=NONE] - 🛑 mta-monitor is not running
[33m[2025-03-02 02:25:45.907][0;39m [34mINFO [0;39m
                [[36msla-service[0;39m, [34mtraceId[0;39m=[31mNONE[0;39m, [34mspanId[0;39m=NONE] - Command execution complete
[33m[2025-03-02 02:25:45.956][0;39m [34mINFO [0;39m
                [[36msla-service[0;39m, [34mtraceId[0;39m=[31mNONE[0;39m, [34mspanId[0;39m=NONE] - Process IDs retrieved successfully
[33m[2025-03-02 02:25:45.956][0;39m [34mINFO [0;39m
                [[36msla-service[0;39m, [34mtraceId[0;39m=[31mNONE[0;39m, [34mspanId[0;39m=NONE] - 🟢 termius-clone is running with process IDs: [29653]
[33m[2025-03-02 02:26:05.560][0;39m [34mINFO [0;39m
                [[36msla-service[0;39m, [34mtraceId[0;39m=[31mNONE[0;39m, [34mspanId[0;39m=NONE] - 🔔 THE SCHEDULER IS RUNNING 🔔
[33m[2025-03-02 02:26:05.630][0;39m [34mINFO [0;39m
                [[36msla-service[0;39m, [34mtraceId[0;39m=[31mNONE[0;39m, [34mspanId[0;39m=NONE] - Process IDs retrieved successfully
[33m[2025-03-02 02:26:05.630][0;39m [1;31mERROR[0;39m
                [[36msla-service[0;39m, [1;31mtraceId[0;39m=[31mNONE[0;39m, [1;31mspanId[0;39m=NONE] - 🛑 mta-monitor is not running
[33m[2025-03-02 02:26:05.633][0;39m [34mINFO [0;39m
                [[36msla-service[0;39m, [34mtraceId[0;39m=[31mNONE[0;39m, [34mspanId[0;39m=NONE] - Command execution complete
[33m[2025-03-02 02:26:05.656][0;39m [34mINFO [0;39m
                [[36msla-service[0;39m, [34mtraceId[0;39m=[31mNONE[0;39m, [34mspanId[0;39m=NONE] - Process IDs retrieved successfully
[33m[2025-03-02 02:26:05.656][0;39m [34mINFO [0;39m
                [[36msla-service[0;39m, [34mtraceId[0;39m=[31mNONE[0;39m, [34mspanId[0;39m=NONE] - 🟢 termius-clone is running with process IDs: [29653]
[33m[2025-03-02 02:26:25.559][0;39m [34mINFO [0;39m
                [[36msla-service[0;39m, [34mtraceId[0;39m=[31mNONE[0;39m, [34mspanId[0;39m=NONE] - 🔔 THE SCHEDULER IS RUNNING 🔔
[33m[2025-03-02 02:26:25.633][0;39m [34mINFO [0;39m
                [[36msla-service[0;39m, [34mtraceId[0;39m=[31mNONE[0;39m, [34mspanId[0;39m=NONE] - Process IDs retrieved successfully
[33m[2025-03-02 02:26:25.633][0;39m [1;31mERROR[0;39m
                [[36msla-service[0;39m, [1;31mtraceId[0;39m=[31mNONE[0;39m, [1;31mspanId[0;39m=NONE] - 🛑 mta-monitor is not running
[33m[2025-03-02 02:26:25.639][0;39m [34mINFO [0;39m
                [[36msla-service[0;39m, [34mtraceId[0;39m=[31mNONE[0;39m, [34mspanId[0;39m=NONE] - Command execution complete
[33m[2025-03-02 02:26:25.668][0;39m [34mINFO [0;39m
                [[36msla-service[0;39m, [34mtraceId[0;39m=[31mNONE[0;39m, [34mspanId[0;39m=NONE] - Process IDs retrieved successfully
[33m[2025-03-02 02:26:25.668][0;39m [34mINFO [0;39m
                [[36msla-service[0;39m, [34mtraceId[0;39m=[31mNONE[0;39m, [34mspanId[0;39m=NONE] - 🟢 termius-clone is running with process IDs: [29653]
[33m[2025-03-02 02:26:45.580][0;39m [34mINFO [0;39m
                [[36msla-service[0;39m, [34mtraceId[0;39m=[31mNONE[0;39m, [34mspanId[0;39m=NONE] - 🔔 THE SCHEDULER IS RUNNING 🔔
[33m[2025-03-02 02:26:45.782][0;39m [34mINFO [0;39m
                [[36msla-service[0;39m, [34mtraceId[0;39m=[31mNONE[0;39m, [34mspanId[0;39m=NONE] - Process IDs retrieved successfully
[33m[2025-03-02 02:26:45.782][0;39m [1;31mERROR[0;39m
                [[36msla-service[0;39m, [1;31mtraceId[0;39m=[31mNONE[0;39m, [1;31mspanId[0;39m=NONE] - 🛑 mta-monitor is not running
[33m[2025-03-02 02:26:45.791][0;39m [34mINFO [0;39m
                [[36msla-service[0;39m, [34mtraceId[0;39m=[31mNONE[0;39m, [34mspanId[0;39m=NONE] - Command execution complete
[33m[2025-03-02 02:26:45.852][0;39m [34mINFO [0;39m
                [[36msla-service[0;39m, [34mtraceId[0;39m=[31mNONE[0;39m, [34mspanId[0;39m=NONE] - Process IDs retrieved successfully
[33m[2025-03-02 02:26:45.852][0;39m [34mINFO [0;39m
                [[36msla-service[0;39m, [34mtraceId[0;39m=[31mNONE[0;39m, [34mspanId[0;39m=NONE] - 🟢 termius-clone is running with process IDs: [29653]
[33m[2025-03-02 02:27:05.557][0;39m [34mINFO [0;39m
                [[36msla-service[0;39m, [34mtraceId[0;39m=[31mNONE[0;39m, [34mspanId[0;39m=NONE] - 🔔 THE SCHEDULER IS RUNNING 🔔
[33m[2025-03-02 02:27:05.638][0;39m [34mINFO [0;39m
                [[36msla-service[0;39m, [34mtraceId[0;39m=[31mNONE[0;39m, [34mspanId[0;39m=NONE] - Process IDs retrieved successfully
[33m[2025-03-02 02:27:05.638][0;39m [1;31mERROR[0;39m
                [[36msla-service[0;39m, [1;31mtraceId[0;39m=[31mNONE[0;39m, [1;31mspanId[0;39m=NONE] - 🛑 mta-monitor is not running
[33m[2025-03-02 02:27:05.642][0;39m [34mINFO [0;39m
                [[36msla-service[0;39m, [34mtraceId[0;39m=[31mNONE[0;39m, [34mspanId[0;39m=NONE] - Command execution complete
[33m[2025-03-02 02:27:05.668][0;39m [34mINFO [0;39m
                [[36msla-service[0;39m, [34mtraceId[0;39m=[31mNONE[0;39m, [34mspanId[0;39m=NONE] - Process IDs retrieved successfully
[33m[2025-03-02 02:27:05.668][0;39m [34mINFO [0;39m
                [[36msla-service[0;39m, [34mtraceId[0;39m=[31mNONE[0;39m, [34mspanId[0;39m=NONE] - 🟢 termius-clone is running with process IDs: [29653]
[33m[2025-03-02 02:27:25.559][0;39m [34mINFO [0;39m
                [[36msla-service[0;39m, [34mtraceId[0;39m=[31mNONE[0;39m, [34mspanId[0;39m=NONE] - 🔔 THE SCHEDULER IS RUNNING 🔔
[33m[2025-03-02 02:27:25.631][0;39m [34mINFO [0;39m
                [[36msla-service[0;39m, [34mtraceId[0;39m=[31mNONE[0;39m, [34mspanId[0;39m=NONE] - Process IDs retrieved successfully
[33m[2025-03-02 02:27:25.632][0;39m [1;31mERROR[0;39m
                [[36msla-service[0;39m, [1;31mtraceId[0;39m=[31mNONE[0;39m, [1;31mspanId[0;39m=NONE] - 🛑 mta-monitor is not running
[33m[2025-03-02 02:27:25.642][0;39m [34mINFO [0;39m
                [[36msla-service[0;39m, [34mtraceId[0;39m=[31mNONE[0;39m, [34mspanId[0;39m=NONE] - Command execution complete
[33m[2025-03-02 02:27:25.669][0;39m [34mINFO [0;39m
                [[36msla-service[0;39m, [34mtraceId[0;39m=[31mNONE[0;39m, [34mspanId[0;39m=NONE] - Process IDs retrieved successfully
[33m[2025-03-02 02:27:25.669][0;39m [34mINFO [0;39m
                [[36msla-service[0;39m, [34mtraceId[0;39m=[31mNONE[0;39m, [34mspanId[0;39m=NONE] - 🟢 termius-clone is running with process IDs: [29653]
[33m[2025-03-02 02:27:45.572][0;39m [34mINFO [0;39m
                [[36msla-service[0;39m, [34mtraceId[0;39m=[31mNONE[0;39m, [34mspanId[0;39m=NONE] - 🔔 THE SCHEDULER IS RUNNING 🔔
[33m[2025-03-02 02:27:45.707][0;39m [34mINFO [0;39m
                [[36msla-service[0;39m, [34mtraceId[0;39m=[31mNONE[0;39m, [34mspanId[0;39m=NONE] - Process IDs retrieved successfully
[33m[2025-03-02 02:27:45.707][0;39m [1;31mERROR[0;39m
                [[36msla-service[0;39m, [1;31mtraceId[0;39m=[31mNONE[0;39m, [1;31mspanId[0;39m=NONE] - 🛑 mta-monitor is not running
[33m[2025-03-02 02:27:45.713][0;39m [34mINFO [0;39m
                [[36msla-service[0;39m, [34mtraceId[0;39m=[31mNONE[0;39m, [34mspanId[0;39m=NONE] - Command execution complete
[33m[2025-03-02 02:27:45.791][0;39m [34mINFO [0;39m
                [[36msla-service[0;39m, [34mtraceId[0;39m=[31mNONE[0;39m, [34mspanId[0;39m=NONE] - Process IDs retrieved successfully
[33m[2025-03-02 02:27:45.791][0;39m [34mINFO [0;39m
                [[36msla-service[0;39m, [34mtraceId[0;39m=[31mNONE[0;39m, [34mspanId[0;39m=NONE] - 🟢 termius-clone is running with process IDs: [29653]
[33m[2025-03-02 02:28:05.558][0;39m [34mINFO [0;39m
                [[36msla-service[0;39m, [34mtraceId[0;39m=[31mNONE[0;39m, [34mspanId[0;39m=NONE] - 🔔 THE SCHEDULER IS RUNNING 🔔
[33m[2025-03-02 02:28:05.639][0;39m [34mINFO [0;39m
                [[36msla-service[0;39m, [34mtraceId[0;39m=[31mNONE[0;39m, [34mspanId[0;39m=NONE] - Process IDs retrieved successfully
[33m[2025-03-02 02:28:05.639][0;39m [1;31mERROR[0;39m
                [[36msla-service[0;39m, [1;31mtraceId[0;39m=[31mNONE[0;39m, [1;31mspanId[0;39m=NONE] - 🛑 mta-monitor is not running
[33m[2025-03-02 02:28:05.645][0;39m [34mINFO [0;39m
                [[36msla-service[0;39m, [34mtraceId[0;39m=[31mNONE[0;39m, [34mspanId[0;39m=NONE] - Command execution complete
[33m[2025-03-02 02:28:05.673][0;39m [34mINFO [0;39m
                [[36msla-service[0;39m, [34mtraceId[0;39m=[31mNONE[0;39m, [34mspanId[0;39m=NONE] - Process IDs retrieved successfully
[33m[2025-03-02 02:28:05.673][0;39m [34mINFO [0;39m
                [[36msla-service[0;39m, [34mtraceId[0;39m=[31mNONE[0;39m, [34mspanId[0;39m=NONE] - 🟢 termius-clone is running with process IDs: [29653]
[33m[2025-03-02 02:28:25.554][0;39m [34mINFO [0;39m
                [[36msla-service[0;39m, [34mtraceId[0;39m=[31mNONE[0;39m, [34mspanId[0;39m=NONE] - 🔔 THE SCHEDULER IS RUNNING 🔔
[33m[2025-03-02 02:28:25.614][0;39m [34mINFO [0;39m
                [[36msla-service[0;39m, [34mtraceId[0;39m=[31mNONE[0;39m, [34mspanId[0;39m=NONE] - Process IDs retrieved successfully
[33m[2025-03-02 02:28:25.614][0;39m [1;31mERROR[0;39m
                [[36msla-service[0;39m, [1;31mtraceId[0;39m=[31mNONE[0;39m, [1;31mspanId[0;39m=NONE] - 🛑 mta-monitor is not running
[33m[2025-03-02 02:28:25.619][0;39m [34mINFO [0;39m
                [[36msla-service[0;39m, [34mtraceId[0;39m=[31mNONE[0;39m, [34mspanId[0;39m=NONE] - Command execution complete
[33m[2025-03-02 02:28:25.657][0;39m [34mINFO [0;39m
                [[36msla-service[0;39m, [34mtraceId[0;39m=[31mNONE[0;39m, [34mspanId[0;39m=NONE] - Process IDs retrieved successfully
[33m[2025-03-02 02:28:25.657][0;39m [34mINFO [0;39m
                [[36msla-service[0;39m, [34mtraceId[0;39m=[31mNONE[0;39m, [34mspanId[0;39m=NONE] - 🟢 termius-clone is running with process IDs: [29653]
[33m[2025-03-02 02:28:45.584][0;39m [34mINFO [0;39m
                [[36msla-service[0;39m, [34mtraceId[0;39m=[31mNONE[0;39m, [34mspanId[0;39m=NONE] - 🔔 THE SCHEDULER IS RUNNING 🔔
[33m[2025-03-02 02:28:45.757][0;39m [34mINFO [0;39m
                [[36msla-service[0;39m, [34mtraceId[0;39m=[31mNONE[0;39m, [34mspanId[0;39m=NONE] - Process IDs retrieved successfully
[33m[2025-03-02 02:28:45.757][0;39m [1;31mERROR[0;39m
                [[36msla-service[0;39m, [1;31mtraceId[0;39m=[31mNONE[0;39m, [1;31mspanId[0;39m=NONE] - 🛑 mta-monitor is not running
[33m[2025-03-02 02:28:45.760][0;39m [34mINFO [0;39m
                [[36msla-service[0;39m, [34mtraceId[0;39m=[31mNONE[0;39m, [34mspanId[0;39m=NONE] - Command execution complete
[33m[2025-03-02 02:28:45.795][0;39m [34mINFO [0;39m
                [[36msla-service[0;39m, [34mtraceId[0;39m=[31mNONE[0;39m, [34mspanId[0;39m=NONE] - Process IDs retrieved successfully
[33m[2025-03-02 02:28:45.795][0;39m [34mINFO [0;39m
                [[36msla-service[0;39m, [34mtraceId[0;39m=[31mNONE[0;39m, [34mspanId[0;39m=NONE] - 🟢 termius-clone is running with process IDs: [29653]
[33m[2025-03-02 02:29:05.559][0;39m [34mINFO [0;39m
                [[36msla-service[0;39m, [34mtraceId[0;39m=[31mNONE[0;39m, [34mspanId[0;39m=NONE] - 🔔 THE SCHEDULER IS RUNNING 🔔
[33m[2025-03-02 02:29:05.629][0;39m [34mINFO [0;39m
                [[36msla-service[0;39m, [34mtraceId[0;39m=[31mNONE[0;39m, [34mspanId[0;39m=NONE] - Process IDs retrieved successfully
[33m[2025-03-02 02:29:05.629][0;39m [1;31mERROR[0;39m
                [[36msla-service[0;39m, [1;31mtraceId[0;39m=[31mNONE[0;39m, [1;31mspanId[0;39m=NONE] - 🛑 mta-monitor is not running
[33m[2025-03-02 02:29:05.633][0;39m [34mINFO [0;39m
                [[36msla-service[0;39m, [34mtraceId[0;39m=[31mNONE[0;39m, [34mspanId[0;39m=NONE] - Command execution complete
[33m[2025-03-02 02:29:05.660][0;39m [34mINFO [0;39m
                [[36msla-service[0;39m, [34mtraceId[0;39m=[31mNONE[0;39m, [34mspanId[0;39m=NONE] - Process IDs retrieved successfully
[33m[2025-03-02 02:29:05.660][0;39m [34mINFO [0;39m
                [[36msla-service[0;39m, [34mtraceId[0;39m=[31mNONE[0;39m, [34mspanId[0;39m=NONE] - 🟢 termius-clone is running with process IDs: [29653]
[33m[2025-03-02 02:29:25.555][0;39m [34mINFO [0;39m
                [[36msla-service[0;39m, [34mtraceId[0;39m=[31mNONE[0;39m, [34mspanId[0;39m=NONE] - 🔔 THE SCHEDULER IS RUNNING 🔔
[33m[2025-03-02 02:29:25.658][0;39m [34mINFO [0;39m
                [[36msla-service[0;39m, [34mtraceId[0;39m=[31mNONE[0;39m, [34mspanId[0;39m=NONE] - Process IDs retrieved successfully
[33m[2025-03-02 02:29:25.658][0;39m [1;31mERROR[0;39m
                [[36msla-service[0;39m, [1;31mtraceId[0;39m=[31mNONE[0;39m, [1;31mspanId[0;39m=NONE] - 🛑 mta-monitor is not running
[33m[2025-03-02 02:29:25.662][0;39m [34mINFO [0;39m
                [[36msla-service[0;39m, [34mtraceId[0;39m=[31mNONE[0;39m, [34mspanId[0;39m=NONE] - Command execution complete
[33m[2025-03-02 02:29:25.688][0;39m [34mINFO [0;39m
                [[36msla-service[0;39m, [34mtraceId[0;39m=[31mNONE[0;39m, [34mspanId[0;39m=NONE] - Process IDs retrieved successfully
[33m[2025-03-02 02:29:25.688][0;39m [34mINFO [0;39m
                [[36msla-service[0;39m, [34mtraceId[0;39m=[31mNONE[0;39m, [34mspanId[0;39m=NONE] - 🟢 termius-clone is running with process IDs: [29653]
[33m[2025-03-02 02:29:45.555][0;39m [34mINFO [0;39m
                [[36msla-service[0;39m, [34mtraceId[0;39m=[31mNONE[0;39m, [34mspanId[0;39m=NONE] - 🔔 THE SCHEDULER IS RUNNING 🔔
[33m[2025-03-02 02:29:45.666][0;39m [34mINFO [0;39m
                [[36msla-service[0;39m, [34mtraceId[0;39m=[31mNONE[0;39m, [34mspanId[0;39m=NONE] - Process IDs retrieved successfully
[33m[2025-03-02 02:29:45.666][0;39m [1;31mERROR[0;39m
                [[36msla-service[0;39m, [1;31mtraceId[0;39m=[31mNONE[0;39m, [1;31mspanId[0;39m=NONE] - 🛑 mta-monitor is not running
[33m[2025-03-02 02:29:45.670][0;39m [34mINFO [0;39m
                [[36msla-service[0;39m, [34mtraceId[0;39m=[31mNONE[0;39m, [34mspanId[0;39m=NONE] - Command execution complete
[33m[2025-03-02 02:29:45.729][0;39m [34mINFO [0;39m
                [[36msla-service[0;39m, [34mtraceId[0;39m=[31mNONE[0;39m, [34mspanId[0;39m=NONE] - Process IDs retrieved successfully
[33m[2025-03-02 02:29:45.729][0;39m [34mINFO [0;39m
                [[36msla-service[0;39m, [34mtraceId[0;39m=[31mNONE[0;39m, [34mspanId[0;39m=NONE] - 🟢 termius-clone is running with process IDs: [29653]
[33m[2025-03-02 02:30:05.559][0;39m [34mINFO [0;39m
                [[36msla-service[0;39m, [34mtraceId[0;39m=[31mNONE[0;39m, [34mspanId[0;39m=NONE] - 🔔 THE SCHEDULER IS RUNNING 🔔
[33m[2025-03-02 02:30:05.639][0;39m [34mINFO [0;39m
                [[36msla-service[0;39m, [34mtraceId[0;39m=[31mNONE[0;39m, [34mspanId[0;39m=NONE] - Process IDs retrieved successfully
[33m[2025-03-02 02:30:05.639][0;39m [1;31mERROR[0;39m
                [[36msla-service[0;39m, [1;31mtraceId[0;39m=[31mNONE[0;39m, [1;31mspanId[0;39m=NONE] - 🛑 mta-monitor is not running
[33m[2025-03-02 02:30:05.644][0;39m [34mINFO [0;39m
                [[36msla-service[0;39m, [34mtraceId[0;39m=[31mNONE[0;39m, [34mspanId[0;39m=NONE] - Command execution complete
[33m[2025-03-02 02:30:05.667][0;39m [34mINFO [0;39m
                [[36msla-service[0;39m, [34mtraceId[0;39m=[31mNONE[0;39m, [34mspanId[0;39m=NONE] - Process IDs retrieved successfully
[33m[2025-03-02 02:30:05.667][0;39m [34mINFO [0;39m
                [[36msla-service[0;39m, [34mtraceId[0;39m=[31mNONE[0;39m, [34mspanId[0;39m=NONE] - 🟢 termius-clone is running with process IDs: [29653]
[33m[2025-03-02 02:30:25.561][0;39m [34mINFO [0;39m
                [[36msla-service[0;39m, [34mtraceId[0;39m=[31mNONE[0;39m, [34mspanId[0;39m=NONE] - 🔔 THE SCHEDULER IS RUNNING 🔔
[33m[2025-03-02 02:30:25.635][0;39m [34mINFO [0;39m
                [[36msla-service[0;39m, [34mtraceId[0;39m=[31mNONE[0;39m, [34mspanId[0;39m=NONE] - Process IDs retrieved successfully
[33m[2025-03-02 02:30:25.635][0;39m [1;31mERROR[0;39m
                [[36msla-service[0;39m, [1;31mtraceId[0;39m=[31mNONE[0;39m, [1;31mspanId[0;39m=NONE] - 🛑 mta-monitor is not running
[33m[2025-03-02 02:30:25.638][0;39m [34mINFO [0;39m
                [[36msla-service[0;39m, [34mtraceId[0;39m=[31mNONE[0;39m, [34mspanId[0;39m=NONE] - Command execution complete
[33m[2025-03-02 02:30:25.661][0;39m [34mINFO [0;39m
                [[36msla-service[0;39m, [34mtraceId[0;39m=[31mNONE[0;39m, [34mspanId[0;39m=NONE] - Process IDs retrieved successfully
[33m[2025-03-02 02:30:25.661][0;39m [34mINFO [0;39m
                [[36msla-service[0;39m, [34mtraceId[0;39m=[31mNONE[0;39m, [34mspanId[0;39m=NONE] - 🟢 termius-clone is running with process IDs: [29653]
[33m[2025-03-02 02:30:45.568][0;39m [34mINFO [0;39m
                [[36msla-service[0;39m, [34mtraceId[0;39m=[31mNONE[0;39m, [34mspanId[0;39m=NONE] - 🔔 THE SCHEDULER IS RUNNING 🔔
[33m[2025-03-02 02:30:45.765][0;39m [34mINFO [0;39m
                [[36msla-service[0;39m, [34mtraceId[0;39m=[31mNONE[0;39m, [34mspanId[0;39m=NONE] - Process IDs retrieved successfully
[33m[2025-03-02 02:30:45.765][0;39m [1;31mERROR[0;39m
                [[36msla-service[0;39m, [1;31mtraceId[0;39m=[31mNONE[0;39m, [1;31mspanId[0;39m=NONE] - 🛑 mta-monitor is not running
[33m[2025-03-02 02:30:45.769][0;39m [34mINFO [0;39m
                [[36msla-service[0;39m, [34mtraceId[0;39m=[31mNONE[0;39m, [34mspanId[0;39m=NONE] - Command execution complete
[33m[2025-03-02 02:30:45.803][0;39m [34mINFO [0;39m
                [[36msla-service[0;39m, [34mtraceId[0;39m=[31mNONE[0;39m, [34mspanId[0;39m=NONE] - Process IDs retrieved successfully
[33m[2025-03-02 02:30:45.803][0;39m [34mINFO [0;39m
                [[36msla-service[0;39m, [34mtraceId[0;39m=[31mNONE[0;39m, [34mspanId[0;39m=NONE] - 🟢 termius-clone is running with process IDs: [29653]
[33m[2025-03-02 02:31:05.561][0;39m [34mINFO [0;39m
                [[36msla-service[0;39m, [34mtraceId[0;39m=[31mNONE[0;39m, [34mspanId[0;39m=NONE] - 🔔 THE SCHEDULER IS RUNNING 🔔
[33m[2025-03-02 02:31:05.635][0;39m [34mINFO [0;39m
                [[36msla-service[0;39m, [34mtraceId[0;39m=[31mNONE[0;39m, [34mspanId[0;39m=NONE] - Process IDs retrieved successfully
[33m[2025-03-02 02:31:05.635][0;39m [1;31mERROR[0;39m
                [[36msla-service[0;39m, [1;31mtraceId[0;39m=[31mNONE[0;39m, [1;31mspanId[0;39m=NONE] - 🛑 mta-monitor is not running
[33m[2025-03-02 02:31:05.639][0;39m [34mINFO [0;39m
                [[36msla-service[0;39m, [34mtraceId[0;39m=[31mNONE[0;39m, [34mspanId[0;39m=NONE] - Command execution complete
[33m[2025-03-02 02:31:05.662][0;39m [34mINFO [0;39m
                [[36msla-service[0;39m, [34mtraceId[0;39m=[31mNONE[0;39m, [34mspanId[0;39m=NONE] - Process IDs retrieved successfully
[33m[2025-03-02 02:31:05.662][0;39m [34mINFO [0;39m
                [[36msla-service[0;39m, [34mtraceId[0;39m=[31mNONE[0;39m, [34mspanId[0;39m=NONE] - 🟢 termius-clone is running with process IDs: [29653]
[33m[2025-03-02 02:31:25.560][0;39m [34mINFO [0;39m
                [[36msla-service[0;39m, [34mtraceId[0;39m=[31mNONE[0;39m, [34mspanId[0;39m=NONE] - 🔔 THE SCHEDULER IS RUNNING 🔔
[33m[2025-03-02 02:31:25.650][0;39m [34mINFO [0;39m
                [[36msla-service[0;39m, [34mtraceId[0;39m=[31mNONE[0;39m, [34mspanId[0;39m=NONE] - Process IDs retrieved successfully
[33m[2025-03-02 02:31:25.650][0;39m [1;31mERROR[0;39m
                [[36msla-service[0;39m, [1;31mtraceId[0;39m=[31mNONE[0;39m, [1;31mspanId[0;39m=NONE] - 🛑 mta-monitor is not running
[33m[2025-03-02 02:31:25.655][0;39m [34mINFO [0;39m
                [[36msla-service[0;39m, [34mtraceId[0;39m=[31mNONE[0;39m, [34mspanId[0;39m=NONE] - Command execution complete
[33m[2025-03-02 02:31:25.679][0;39m [34mINFO [0;39m
                [[36msla-service[0;39m, [34mtraceId[0;39m=[31mNONE[0;39m, [34mspanId[0;39m=NONE] - Process IDs retrieved successfully
[33m[2025-03-02 02:31:25.679][0;39m [34mINFO [0;39m
                [[36msla-service[0;39m, [34mtraceId[0;39m=[31mNONE[0;39m, [34mspanId[0;39m=NONE] - 🟢 termius-clone is running with process IDs: [29653]
[33m[2025-03-02 02:31:45.582][0;39m [34mINFO [0;39m
                [[36msla-service[0;39m, [34mtraceId[0;39m=[31mNONE[0;39m, [34mspanId[0;39m=NONE] - 🔔 THE SCHEDULER IS RUNNING 🔔
[33m[2025-03-02 02:31:45.719][0;39m [34mINFO [0;39m
                [[36msla-service[0;39m, [34mtraceId[0;39m=[31mNONE[0;39m, [34mspanId[0;39m=NONE] - Process IDs retrieved successfully
[33m[2025-03-02 02:31:45.719][0;39m [1;31mERROR[0;39m
                [[36msla-service[0;39m, [1;31mtraceId[0;39m=[31mNONE[0;39m, [1;31mspanId[0;39m=NONE] - 🛑 mta-monitor is not running
[33m[2025-03-02 02:31:45.723][0;39m [34mINFO [0;39m
                [[36msla-service[0;39m, [34mtraceId[0;39m=[31mNONE[0;39m, [34mspanId[0;39m=NONE] - Command execution complete
[33m[2025-03-02 02:31:45.758][0;39m [34mINFO [0;39m
                [[36msla-service[0;39m, [34mtraceId[0;39m=[31mNONE[0;39m, [34mspanId[0;39m=NONE] - Process IDs retrieved successfully
[33m[2025-03-02 02:31:45.758][0;39m [34mINFO [0;39m
                [[36msla-service[0;39m, [34mtraceId[0;39m=[31mNONE[0;39m, [34mspanId[0;39m=NONE] - 🟢 termius-clone is running with process IDs: [29653]
[33m[2025-03-02 02:32:05.565][0;39m [34mINFO [0;39m
                [[36msla-service[0;39m, [34mtraceId[0;39m=[31mNONE[0;39m, [34mspanId[0;39m=NONE] - 🔔 THE SCHEDULER IS RUNNING 🔔
[33m[2025-03-02 02:32:05.650][0;39m [34mINFO [0;39m
                [[36msla-service[0;39m, [34mtraceId[0;39m=[31mNONE[0;39m, [34mspanId[0;39m=NONE] - Process IDs retrieved successfully
[33m[2025-03-02 02:32:05.650][0;39m [1;31mERROR[0;39m
                [[36msla-service[0;39m, [1;31mtraceId[0;39m=[31mNONE[0;39m, [1;31mspanId[0;39m=NONE] - 🛑 mta-monitor is not running
[33m[2025-03-02 02:32:05.751][0;39m [34mINFO [0;39m
                [[36msla-service[0;39m, [34mtraceId[0;39m=[31mNONE[0;39m, [34mspanId[0;39m=NONE] - Command execution complete
[33m[2025-03-02 02:32:05.774][0;39m [34mINFO [0;39m
                [[36msla-service[0;39m, [34mtraceId[0;39m=[31mNONE[0;39m, [34mspanId[0;39m=NONE] - Process IDs retrieved successfully
[33m[2025-03-02 02:32:05.774][0;39m [34mINFO [0;39m
                [[36msla-service[0;39m, [34mtraceId[0;39m=[31mNONE[0;39m, [34mspanId[0;39m=NONE] - 🟢 termius-clone is running with process IDs: [29653]
[33m[2025-03-02 02:32:25.561][0;39m [34mINFO [0;39m
                [[36msla-service[0;39m, [34mtraceId[0;39m=[31mNONE[0;39m, [34mspanId[0;39m=NONE] - 🔔 THE SCHEDULER IS RUNNING 🔔
[33m[2025-03-02 02:32:25.655][0;39m [34mINFO [0;39m
                [[36msla-service[0;39m, [34mtraceId[0;39m=[31mNONE[0;39m, [34mspanId[0;39m=NONE] - Process IDs retrieved successfully
[33m[2025-03-02 02:32:25.655][0;39m [1;31mERROR[0;39m
                [[36msla-service[0;39m, [1;31mtraceId[0;39m=[31mNONE[0;39m, [1;31mspanId[0;39m=NONE] - 🛑 mta-monitor is not running
[33m[2025-03-02 02:32:25.658][0;39m [34mINFO [0;39m
                [[36msla-service[0;39m, [34mtraceId[0;39m=[31mNONE[0;39m, [34mspanId[0;39m=NONE] - Command execution complete
[33m[2025-03-02 02:32:25.682][0;39m [34mINFO [0;39m
                [[36msla-service[0;39m, [34mtraceId[0;39m=[31mNONE[0;39m, [34mspanId[0;39m=NONE] - Process IDs retrieved successfully
[33m[2025-03-02 02:32:25.682][0;39m [34mINFO [0;39m
                [[36msla-service[0;39m, [34mtraceId[0;39m=[31mNONE[0;39m, [34mspanId[0;39m=NONE] - 🟢 termius-clone is running with process IDs: [29653]
[33m[2025-03-02 02:32:45.560][0;39m [34mINFO [0;39m
                [[36msla-service[0;39m, [34mtraceId[0;39m=[31mNONE[0;39m, [34mspanId[0;39m=NONE] - 🔔 THE SCHEDULER IS RUNNING 🔔
[33m[2025-03-02 02:32:45.679][0;39m [34mINFO [0;39m
                [[36msla-service[0;39m, [34mtraceId[0;39m=[31mNONE[0;39m, [34mspanId[0;39m=NONE] - Process IDs retrieved successfully
[33m[2025-03-02 02:32:45.679][0;39m [1;31mERROR[0;39m
                [[36msla-service[0;39m, [1;31mtraceId[0;39m=[31mNONE[0;39m, [1;31mspanId[0;39m=NONE] - 🛑 mta-monitor is not running
[33m[2025-03-02 02:32:45.688][0;39m [34mINFO [0;39m
                [[36msla-service[0;39m, [34mtraceId[0;39m=[31mNONE[0;39m, [34mspanId[0;39m=NONE] - Command execution complete
[33m[2025-03-02 02:32:45.734][0;39m [34mINFO [0;39m
                [[36msla-service[0;39m, [34mtraceId[0;39m=[31mNONE[0;39m, [34mspanId[0;39m=NONE] - Process IDs retrieved successfully
[33m[2025-03-02 02:32:45.734][0;39m [34mINFO [0;39m
                [[36msla-service[0;39m, [34mtraceId[0;39m=[31mNONE[0;39m, [34mspanId[0;39m=NONE] - 🟢 termius-clone is running with process IDs: [29653]
[33m[2025-03-02 02:33:05.562][0;39m [34mINFO [0;39m
                [[36msla-service[0;39m, [34mtraceId[0;39m=[31mNONE[0;39m, [34mspanId[0;39m=NONE] - 🔔 THE SCHEDULER IS RUNNING 🔔
[33m[2025-03-02 02:33:05.645][0;39m [34mINFO [0;39m
                [[36msla-service[0;39m, [34mtraceId[0;39m=[31mNONE[0;39m, [34mspanId[0;39m=NONE] - Process IDs retrieved successfully
[33m[2025-03-02 02:33:05.645][0;39m [1;31mERROR[0;39m
                [[36msla-service[0;39m, [1;31mtraceId[0;39m=[31mNONE[0;39m, [1;31mspanId[0;39m=NONE] - 🛑 mta-monitor is not running
[33m[2025-03-02 02:33:05.649][0;39m [34mINFO [0;39m
                [[36msla-service[0;39m, [34mtraceId[0;39m=[31mNONE[0;39m, [34mspanId[0;39m=NONE] - Command execution complete
[33m[2025-03-02 02:33:05.673][0;39m [34mINFO [0;39m
                [[36msla-service[0;39m, [34mtraceId[0;39m=[31mNONE[0;39m, [34mspanId[0;39m=NONE] - Process IDs retrieved successfully
[33m[2025-03-02 02:33:05.674][0;39m [34mINFO [0;39m
                [[36msla-service[0;39m, [34mtraceId[0;39m=[31mNONE[0;39m, [34mspanId[0;39m=NONE] - 🟢 termius-clone is running with process IDs: [29653]
[33m[2025-03-02 02:33:25.560][0;39m [34mINFO [0;39m
                [[36msla-service[0;39m, [34mtraceId[0;39m=[31mNONE[0;39m, [34mspanId[0;39m=NONE] - 🔔 THE SCHEDULER IS RUNNING 🔔
[33m[2025-03-02 02:33:25.661][0;39m [34mINFO [0;39m
                [[36msla-service[0;39m, [34mtraceId[0;39m=[31mNONE[0;39m, [34mspanId[0;39m=NONE] - Process IDs retrieved successfully
[33m[2025-03-02 02:33:25.661][0;39m [1;31mERROR[0;39m
                [[36msla-service[0;39m, [1;31mtraceId[0;39m=[31mNONE[0;39m, [1;31mspanId[0;39m=NONE] - 🛑 mta-monitor is not running
[33m[2025-03-02 02:33:25.664][0;39m [34mINFO [0;39m
                [[36msla-service[0;39m, [34mtraceId[0;39m=[31mNONE[0;39m, [34mspanId[0;39m=NONE] - Command execution complete
[33m[2025-03-02 02:33:25.686][0;39m [34mINFO [0;39m
                [[36msla-service[0;39m, [34mtraceId[0;39m=[31mNONE[0;39m, [34mspanId[0;39m=NONE] - Process IDs retrieved successfully
[33m[2025-03-02 02:33:25.686][0;39m [34mINFO [0;39m
                [[36msla-service[0;39m, [34mtraceId[0;39m=[31mNONE[0;39m, [34mspanId[0;39m=NONE] - 🟢 termius-clone is running with process IDs: [29653]
[33m[2025-03-02 02:33:45.562][0;39m [34mINFO [0;39m
                [[36msla-service[0;39m, [34mtraceId[0;39m=[31mNONE[0;39m, [34mspanId[0;39m=NONE] - 🔔 THE SCHEDULER IS RUNNING 🔔
[33m[2025-03-02 02:33:45.680][0;39m [34mINFO [0;39m
                [[36msla-service[0;39m, [34mtraceId[0;39m=[31mNONE[0;39m, [34mspanId[0;39m=NONE] - Process IDs retrieved successfully
[33m[2025-03-02 02:33:45.680][0;39m [1;31mERROR[0;39m
                [[36msla-service[0;39m, [1;31mtraceId[0;39m=[31mNONE[0;39m, [1;31mspanId[0;39m=NONE] - 🛑 mta-monitor is not running
[33m[2025-03-02 02:33:45.692][0;39m [34mINFO [0;39m
                [[36msla-service[0;39m, [34mtraceId[0;39m=[31mNONE[0;39m, [34mspanId[0;39m=NONE] - Command execution complete
[33m[2025-03-02 02:33:45.742][0;39m [34mINFO [0;39m
                [[36msla-service[0;39m, [34mtraceId[0;39m=[31mNONE[0;39m, [34mspanId[0;39m=NONE] - Process IDs retrieved successfully
[33m[2025-03-02 02:33:45.742][0;39m [34mINFO [0;39m
                [[36msla-service[0;39m, [34mtraceId[0;39m=[31mNONE[0;39m, [34mspanId[0;39m=NONE] - 🟢 termius-clone is running with process IDs: [29653]
[33m[2025-03-02 02:34:05.564][0;39m [34mINFO [0;39m
                [[36msla-service[0;39m, [34mtraceId[0;39m=[31mNONE[0;39m, [34mspanId[0;39m=NONE] - 🔔 THE SCHEDULER IS RUNNING 🔔
[33m[2025-03-02 02:34:05.672][0;39m [34mINFO [0;39m
                [[36msla-service[0;39m, [34mtraceId[0;39m=[31mNONE[0;39m, [34mspanId[0;39m=NONE] - Process IDs retrieved successfully
[33m[2025-03-02 02:34:05.672][0;39m [1;31mERROR[0;39m
                [[36msla-service[0;39m, [1;31mtraceId[0;39m=[31mNONE[0;39m, [1;31mspanId[0;39m=NONE] - 🛑 mta-monitor is not running
[33m[2025-03-02 02:34:05.676][0;39m [34mINFO [0;39m
                [[36msla-service[0;39m, [34mtraceId[0;39m=[31mNONE[0;39m, [34mspanId[0;39m=NONE] - Command execution complete
[33m[2025-03-02 02:34:05.698][0;39m [34mINFO [0;39m
                [[36msla-service[0;39m, [34mtraceId[0;39m=[31mNONE[0;39m, [34mspanId[0;39m=NONE] - Process IDs retrieved successfully
[33m[2025-03-02 02:34:05.698][0;39m [34mINFO [0;39m
                [[36msla-service[0;39m, [34mtraceId[0;39m=[31mNONE[0;39m, [34mspanId[0;39m=NONE] - 🟢 termius-clone is running with process IDs: [29653]
[33m[2025-03-02 02:34:25.559][0;39m [34mINFO [0;39m
                [[36msla-service[0;39m, [34mtraceId[0;39m=[31mNONE[0;39m, [34mspanId[0;39m=NONE] - 🔔 THE SCHEDULER IS RUNNING 🔔
[33m[2025-03-02 02:34:25.644][0;39m [34mINFO [0;39m
                [[36msla-service[0;39m, [34mtraceId[0;39m=[31mNONE[0;39m, [34mspanId[0;39m=NONE] - Process IDs retrieved successfully
[33m[2025-03-02 02:34:25.644][0;39m [1;31mERROR[0;39m
                [[36msla-service[0;39m, [1;31mtraceId[0;39m=[31mNONE[0;39m, [1;31mspanId[0;39m=NONE] - 🛑 mta-monitor is not running
[33m[2025-03-02 02:34:25.647][0;39m [34mINFO [0;39m
                [[36msla-service[0;39m, [34mtraceId[0;39m=[31mNONE[0;39m, [34mspanId[0;39m=NONE] - Command execution complete
[33m[2025-03-02 02:34:25.671][0;39m [34mINFO [0;39m
                [[36msla-service[0;39m, [34mtraceId[0;39m=[31mNONE[0;39m, [34mspanId[0;39m=NONE] - Process IDs retrieved successfully
[33m[2025-03-02 02:34:25.671][0;39m [34mINFO [0;39m
                [[36msla-service[0;39m, [34mtraceId[0;39m=[31mNONE[0;39m, [34mspanId[0;39m=NONE] - 🟢 termius-clone is running with process IDs: [29653]
[33m[2025-03-02 02:34:45.566][0;39m [34mINFO [0;39m
                [[36msla-service[0;39m, [34mtraceId[0;39m=[31mNONE[0;39m, [34mspanId[0;39m=NONE] - 🔔 THE SCHEDULER IS RUNNING 🔔
[33m[2025-03-02 02:34:45.695][0;39m [34mINFO [0;39m
                [[36msla-service[0;39m, [34mtraceId[0;39m=[31mNONE[0;39m, [34mspanId[0;39m=NONE] - Process IDs retrieved successfully
[33m[2025-03-02 02:34:45.695][0;39m [1;31mERROR[0;39m
                [[36msla-service[0;39m, [1;31mtraceId[0;39m=[31mNONE[0;39m, [1;31mspanId[0;39m=NONE] - 🛑 mta-monitor is not running
[33m[2025-03-02 02:34:45.700][0;39m [34mINFO [0;39m
                [[36msla-service[0;39m, [34mtraceId[0;39m=[31mNONE[0;39m, [34mspanId[0;39m=NONE] - Command execution complete
[33m[2025-03-02 02:34:45.748][0;39m [34mINFO [0;39m
                [[36msla-service[0;39m, [34mtraceId[0;39m=[31mNONE[0;39m, [34mspanId[0;39m=NONE] - Process IDs retrieved successfully
[33m[2025-03-02 02:34:45.748][0;39m [34mINFO [0;39m
                [[36msla-service[0;39m, [34mtraceId[0;39m=[31mNONE[0;39m, [34mspanId[0;39m=NONE] - 🟢 termius-clone is running with process IDs: [29653]
[33m[2025-03-02 02:35:05.567][0;39m [34mINFO [0;39m
                [[36msla-service[0;39m, [34mtraceId[0;39m=[31mNONE[0;39m, [34mspanId[0;39m=NONE] - 🔔 THE SCHEDULER IS RUNNING 🔔
[33m[2025-03-02 02:35:05.666][0;39m [34mINFO [0;39m
                [[36msla-service[0;39m, [34mtraceId[0;39m=[31mNONE[0;39m, [34mspanId[0;39m=NONE] - Process IDs retrieved successfully
[33m[2025-03-02 02:35:05.666][0;39m [1;31mERROR[0;39m
                [[36msla-service[0;39m, [1;31mtraceId[0;39m=[31mNONE[0;39m, [1;31mspanId[0;39m=NONE] - 🛑 mta-monitor is not running
[33m[2025-03-02 02:35:05.669][0;39m [34mINFO [0;39m
                [[36msla-service[0;39m, [34mtraceId[0;39m=[31mNONE[0;39m, [34mspanId[0;39m=NONE] - Command execution complete
[33m[2025-03-02 02:35:05.690][0;39m [34mINFO [0;39m
                [[36msla-service[0;39m, [34mtraceId[0;39m=[31mNONE[0;39m, [34mspanId[0;39m=NONE] - Process IDs retrieved successfully
[33m[2025-03-02 02:35:05.690][0;39m [34mINFO [0;39m
                [[36msla-service[0;39m, [34mtraceId[0;39m=[31mNONE[0;39m, [34mspanId[0;39m=NONE] - 🟢 termius-clone is running with process IDs: [29653]
[33m[2025-03-02 02:35:25.568][0;39m [34mINFO [0;39m
                [[36msla-service[0;39m, [34mtraceId[0;39m=[31mNONE[0;39m, [34mspanId[0;39m=NONE] - 🔔 THE SCHEDULER IS RUNNING 🔔
[33m[2025-03-02 02:35:25.669][0;39m [34mINFO [0;39m
                [[36msla-service[0;39m, [34mtraceId[0;39m=[31mNONE[0;39m, [34mspanId[0;39m=NONE] - Process IDs retrieved successfully
[33m[2025-03-02 02:35:25.669][0;39m [1;31mERROR[0;39m
                [[36msla-service[0;39m, [1;31mtraceId[0;39m=[31mNONE[0;39m, [1;31mspanId[0;39m=NONE] - 🛑 mta-monitor is not running
[33m[2025-03-02 02:35:25.673][0;39m [34mINFO [0;39m
                [[36msla-service[0;39m, [34mtraceId[0;39m=[31mNONE[0;39m, [34mspanId[0;39m=NONE] - Command execution complete
[33m[2025-03-02 02:35:25.697][0;39m [34mINFO [0;39m
                [[36msla-service[0;39m, [34mtraceId[0;39m=[31mNONE[0;39m, [34mspanId[0;39m=NONE] - Process IDs retrieved successfully
[33m[2025-03-02 02:35:25.697][0;39m [34mINFO [0;39m
                [[36msla-service[0;39m, [34mtraceId[0;39m=[31mNONE[0;39m, [34mspanId[0;39m=NONE] - 🟢 termius-clone is running with process IDs: [29653]
[33m[2025-03-02 02:35:45.572][0;39m [34mINFO [0;39m
                [[36msla-service[0;39m, [34mtraceId[0;39m=[31mNONE[0;39m, [34mspanId[0;39m=NONE] - 🔔 THE SCHEDULER IS RUNNING 🔔
[33m[2025-03-02 02:35:45.709][0;39m [34mINFO [0;39m
                [[36msla-service[0;39m, [34mtraceId[0;39m=[31mNONE[0;39m, [34mspanId[0;39m=NONE] - Process IDs retrieved successfully
[33m[2025-03-02 02:35:45.710][0;39m [1;31mERROR[0;39m
                [[36msla-service[0;39m, [1;31mtraceId[0;39m=[31mNONE[0;39m, [1;31mspanId[0;39m=NONE] - 🛑 mta-monitor is not running
[33m[2025-03-02 02:35:45.714][0;39m [34mINFO [0;39m
                [[36msla-service[0;39m, [34mtraceId[0;39m=[31mNONE[0;39m, [34mspanId[0;39m=NONE] - Command execution complete
[33m[2025-03-02 02:35:45.771][0;39m [34mINFO [0;39m
                [[36msla-service[0;39m, [34mtraceId[0;39m=[31mNONE[0;39m, [34mspanId[0;39m=NONE] - Process IDs retrieved successfully
[33m[2025-03-02 02:35:45.771][0;39m [34mINFO [0;39m
                [[36msla-service[0;39m, [34mtraceId[0;39m=[31mNONE[0;39m, [34mspanId[0;39m=NONE] - 🟢 termius-clone is running with process IDs: [29653]
[33m[2025-03-02 02:36:05.564][0;39m [34mINFO [0;39m
                [[36msla-service[0;39m, [34mtraceId[0;39m=[31mNONE[0;39m, [34mspanId[0;39m=NONE] - 🔔 THE SCHEDULER IS RUNNING 🔔
[33m[2025-03-02 02:36:05.664][0;39m [34mINFO [0;39m
                [[36msla-service[0;39m, [34mtraceId[0;39m=[31mNONE[0;39m, [34mspanId[0;39m=NONE] - Process IDs retrieved successfully
[33m[2025-03-02 02:36:05.664][0;39m [1;31mERROR[0;39m
                [[36msla-service[0;39m, [1;31mtraceId[0;39m=[31mNONE[0;39m, [1;31mspanId[0;39m=NONE] - 🛑 mta-monitor is not running
[33m[2025-03-02 02:36:05.669][0;39m [34mINFO [0;39m
                [[36msla-service[0;39m, [34mtraceId[0;39m=[31mNONE[0;39m, [34mspanId[0;39m=NONE] - Command execution complete
[33m[2025-03-02 02:36:05.689][0;39m [34mINFO [0;39m
                [[36msla-service[0;39m, [34mtraceId[0;39m=[31mNONE[0;39m, [34mspanId[0;39m=NONE] - Process IDs retrieved successfully
[33m[2025-03-02 02:36:05.690][0;39m [34mINFO [0;39m
                [[36msla-service[0;39m, [34mtraceId[0;39m=[31mNONE[0;39m, [34mspanId[0;39m=NONE] - 🟢 termius-clone is running with process IDs: [29653]
[33m[2025-03-02 02:36:25.564][0;39m [34mINFO [0;39m
                [[36msla-service[0;39m, [34mtraceId[0;39m=[31mNONE[0;39m, [34mspanId[0;39m=NONE] - 🔔 THE SCHEDULER IS RUNNING 🔔
[33m[2025-03-02 02:36:25.656][0;39m [34mINFO [0;39m
                [[36msla-service[0;39m, [34mtraceId[0;39m=[31mNONE[0;39m, [34mspanId[0;39m=NONE] - Process IDs retrieved successfully
[33m[2025-03-02 02:36:25.656][0;39m [1;31mERROR[0;39m
                [[36msla-service[0;39m, [1;31mtraceId[0;39m=[31mNONE[0;39m, [1;31mspanId[0;39m=NONE] - 🛑 mta-monitor is not running
[33m[2025-03-02 02:36:25.660][0;39m [34mINFO [0;39m
                [[36msla-service[0;39m, [34mtraceId[0;39m=[31mNONE[0;39m, [34mspanId[0;39m=NONE] - Command execution complete
[33m[2025-03-02 02:36:25.680][0;39m [34mINFO [0;39m
                [[36msla-service[0;39m, [34mtraceId[0;39m=[31mNONE[0;39m, [34mspanId[0;39m=NONE] - Process IDs retrieved successfully
[33m[2025-03-02 02:36:25.680][0;39m [34mINFO [0;39m
                [[36msla-service[0;39m, [34mtraceId[0;39m=[31mNONE[0;39m, [34mspanId[0;39m=NONE] - 🟢 termius-clone is running with process IDs: [29653]
[33m[2025-03-02 02:36:45.574][0;39m [34mINFO [0;39m
                [[36msla-service[0;39m, [34mtraceId[0;39m=[31mNONE[0;39m, [34mspanId[0;39m=NONE] - 🔔 THE SCHEDULER IS RUNNING 🔔
[33m[2025-03-02 02:36:45.766][0;39m [34mINFO [0;39m
                [[36msla-service[0;39m, [34mtraceId[0;39m=[31mNONE[0;39m, [34mspanId[0;39m=NONE] - Process IDs retrieved successfully
[33m[2025-03-02 02:36:45.767][0;39m [1;31mERROR[0;39m
                [[36msla-service[0;39m, [1;31mtraceId[0;39m=[31mNONE[0;39m, [1;31mspanId[0;39m=NONE] - 🛑 mta-monitor is not running
[33m[2025-03-02 02:36:45.781][0;39m [34mINFO [0;39m
                [[36msla-service[0;39m, [34mtraceId[0;39m=[31mNONE[0;39m, [34mspanId[0;39m=NONE] - Command execution complete
[33m[2025-03-02 02:36:45.825][0;39m [34mINFO [0;39m
                [[36msla-service[0;39m, [34mtraceId[0;39m=[31mNONE[0;39m, [34mspanId[0;39m=NONE] - Process IDs retrieved successfully
[33m[2025-03-02 02:36:45.825][0;39m [34mINFO [0;39m
                [[36msla-service[0;39m, [34mtraceId[0;39m=[31mNONE[0;39m, [34mspanId[0;39m=NONE] - 🟢 termius-clone is running with process IDs: [29653]
[33m[2025-03-02 02:37:05.564][0;39m [34mINFO [0;39m
                [[36msla-service[0;39m, [34mtraceId[0;39m=[31mNONE[0;39m, [34mspanId[0;39m=NONE] - 🔔 THE SCHEDULER IS RUNNING 🔔
[33m[2025-03-02 02:37:05.670][0;39m [34mINFO [0;39m
                [[36msla-service[0;39m, [34mtraceId[0;39m=[31mNONE[0;39m, [34mspanId[0;39m=NONE] - Process IDs retrieved successfully
[33m[2025-03-02 02:37:05.670][0;39m [1;31mERROR[0;39m
                [[36msla-service[0;39m, [1;31mtraceId[0;39m=[31mNONE[0;39m, [1;31mspanId[0;39m=NONE] - 🛑 mta-monitor is not running
[33m[2025-03-02 02:37:05.674][0;39m [34mINFO [0;39m
                [[36msla-service[0;39m, [34mtraceId[0;39m=[31mNONE[0;39m, [34mspanId[0;39m=NONE] - Command execution complete
[33m[2025-03-02 02:37:05.695][0;39m [34mINFO [0;39m
                [[36msla-service[0;39m, [34mtraceId[0;39m=[31mNONE[0;39m, [34mspanId[0;39m=NONE] - Process IDs retrieved successfully
[33m[2025-03-02 02:37:05.695][0;39m [34mINFO [0;39m
                [[36msla-service[0;39m, [34mtraceId[0;39m=[31mNONE[0;39m, [34mspanId[0;39m=NONE] - 🟢 termius-clone is running with process IDs: [29653]
[33m[2025-03-02 02:37:25.559][0;39m [34mINFO [0;39m
                [[36msla-service[0;39m, [34mtraceId[0;39m=[31mNONE[0;39m, [34mspanId[0;39m=NONE] - 🔔 THE SCHEDULER IS RUNNING 🔔
[33m[2025-03-02 02:37:25.653][0;39m [34mINFO [0;39m
                [[36msla-service[0;39m, [34mtraceId[0;39m=[31mNONE[0;39m, [34mspanId[0;39m=NONE] - Process IDs retrieved successfully
[33m[2025-03-02 02:37:25.653][0;39m [1;31mERROR[0;39m
                [[36msla-service[0;39m, [1;31mtraceId[0;39m=[31mNONE[0;39m, [1;31mspanId[0;39m=NONE] - 🛑 mta-monitor is not running
[33m[2025-03-02 02:37:25.657][0;39m [34mINFO [0;39m
                [[36msla-service[0;39m, [34mtraceId[0;39m=[31mNONE[0;39m, [34mspanId[0;39m=NONE] - Command execution complete
[33m[2025-03-02 02:37:25.678][0;39m [34mINFO [0;39m
                [[36msla-service[0;39m, [34mtraceId[0;39m=[31mNONE[0;39m, [34mspanId[0;39m=NONE] - Process IDs retrieved successfully
[33m[2025-03-02 02:37:25.678][0;39m [34mINFO [0;39m
                [[36msla-service[0;39m, [34mtraceId[0;39m=[31mNONE[0;39m, [34mspanId[0;39m=NONE] - 🟢 termius-clone is running with process IDs: [29653]
[33m[2025-03-02 02:37:45.571][0;39m [34mINFO [0;39m
                [[36msla-service[0;39m, [34mtraceId[0;39m=[31mNONE[0;39m, [34mspanId[0;39m=NONE] - 🔔 THE SCHEDULER IS RUNNING 🔔
[33m[2025-03-02 02:37:45.654][0;39m [34mINFO [0;39m
                [[36msla-service[0;39m, [34mtraceId[0;39m=[31mNONE[0;39m, [34mspanId[0;39m=NONE] - Process IDs retrieved successfully
[33m[2025-03-02 02:37:45.654][0;39m [1;31mERROR[0;39m
                [[36msla-service[0;39m, [1;31mtraceId[0;39m=[31mNONE[0;39m, [1;31mspanId[0;39m=NONE] - 🛑 mta-monitor is not running
[33m[2025-03-02 02:37:45.660][0;39m [34mINFO [0;39m
                [[36msla-service[0;39m, [34mtraceId[0;39m=[31mNONE[0;39m, [34mspanId[0;39m=NONE] - Command execution complete
[33m[2025-03-02 02:37:45.711][0;39m [34mINFO [0;39m
                [[36msla-service[0;39m, [34mtraceId[0;39m=[31mNONE[0;39m, [34mspanId[0;39m=NONE] - Process IDs retrieved successfully
[33m[2025-03-02 02:37:45.711][0;39m [34mINFO [0;39m
                [[36msla-service[0;39m, [34mtraceId[0;39m=[31mNONE[0;39m, [34mspanId[0;39m=NONE] - 🟢 termius-clone is running with process IDs: [29653]
[33m[2025-03-02 02:38:05.569][0;39m [34mINFO [0;39m
                [[36msla-service[0;39m, [34mtraceId[0;39m=[31mNONE[0;39m, [34mspanId[0;39m=NONE] - 🔔 THE SCHEDULER IS RUNNING 🔔
[33m[2025-03-02 02:38:05.656][0;39m [34mINFO [0;39m
                [[36msla-service[0;39m, [34mtraceId[0;39m=[31mNONE[0;39m, [34mspanId[0;39m=NONE] - Process IDs retrieved successfully
[33m[2025-03-02 02:38:05.656][0;39m [1;31mERROR[0;39m
                [[36msla-service[0;39m, [1;31mtraceId[0;39m=[31mNONE[0;39m, [1;31mspanId[0;39m=NONE] - 🛑 mta-monitor is not running
[33m[2025-03-02 02:38:05.659][0;39m [34mINFO [0;39m
                [[36msla-service[0;39m, [34mtraceId[0;39m=[31mNONE[0;39m, [34mspanId[0;39m=NONE] - Command execution complete
[33m[2025-03-02 02:38:05.682][0;39m [34mINFO [0;39m
                [[36msla-service[0;39m, [34mtraceId[0;39m=[31mNONE[0;39m, [34mspanId[0;39m=NONE] - Process IDs retrieved successfully
[33m[2025-03-02 02:38:05.682][0;39m [34mINFO [0;39m
                [[36msla-service[0;39m, [34mtraceId[0;39m=[31mNONE[0;39m, [34mspanId[0;39m=NONE] - 🟢 termius-clone is running with process IDs: [29653]
[33m[2025-03-02 02:38:25.561][0;39m [34mINFO [0;39m
                [[36msla-service[0;39m, [34mtraceId[0;39m=[31mNONE[0;39m, [34mspanId[0;39m=NONE] - 🔔 THE SCHEDULER IS RUNNING 🔔
[33m[2025-03-02 02:38:25.655][0;39m [34mINFO [0;39m
                [[36msla-service[0;39m, [34mtraceId[0;39m=[31mNONE[0;39m, [34mspanId[0;39m=NONE] - Process IDs retrieved successfully
[33m[2025-03-02 02:38:25.655][0;39m [1;31mERROR[0;39m
                [[36msla-service[0;39m, [1;31mtraceId[0;39m=[31mNONE[0;39m, [1;31mspanId[0;39m=NONE] - 🛑 mta-monitor is not running
[33m[2025-03-02 02:38:25.659][0;39m [34mINFO [0;39m
                [[36msla-service[0;39m, [34mtraceId[0;39m=[31mNONE[0;39m, [34mspanId[0;39m=NONE] - Command execution complete
[33m[2025-03-02 02:38:25.679][0;39m [34mINFO [0;39m
                [[36msla-service[0;39m, [34mtraceId[0;39m=[31mNONE[0;39m, [34mspanId[0;39m=NONE] - Process IDs retrieved successfully
[33m[2025-03-02 02:38:25.679][0;39m [34mINFO [0;39m
                [[36msla-service[0;39m, [34mtraceId[0;39m=[31mNONE[0;39m, [34mspanId[0;39m=NONE] - 🟢 termius-clone is running with process IDs: [29653]
[33m[2025-03-02 02:38:45.560][0;39m [34mINFO [0;39m
                [[36msla-service[0;39m, [34mtraceId[0;39m=[31mNONE[0;39m, [34mspanId[0;39m=NONE] - 🔔 THE SCHEDULER IS RUNNING 🔔
[33m[2025-03-02 02:38:45.687][0;39m [34mINFO [0;39m
                [[36msla-service[0;39m, [34mtraceId[0;39m=[31mNONE[0;39m, [34mspanId[0;39m=NONE] - Process IDs retrieved successfully
[33m[2025-03-02 02:38:45.687][0;39m [1;31mERROR[0;39m
                [[36msla-service[0;39m, [1;31mtraceId[0;39m=[31mNONE[0;39m, [1;31mspanId[0;39m=NONE] - 🛑 mta-monitor is not running
[33m[2025-03-02 02:38:45.697][0;39m [34mINFO [0;39m
                [[36msla-service[0;39m, [34mtraceId[0;39m=[31mNONE[0;39m, [34mspanId[0;39m=NONE] - Command execution complete
[33m[2025-03-02 02:38:45.744][0;39m [34mINFO [0;39m
                [[36msla-service[0;39m, [34mtraceId[0;39m=[31mNONE[0;39m, [34mspanId[0;39m=NONE] - Process IDs retrieved successfully
[33m[2025-03-02 02:38:45.744][0;39m [34mINFO [0;39m
                [[36msla-service[0;39m, [34mtraceId[0;39m=[31mNONE[0;39m, [34mspanId[0;39m=NONE] - 🟢 termius-clone is running with process IDs: [29653]
[33m[2025-03-02 02:39:05.567][0;39m [34mINFO [0;39m
                [[36msla-service[0;39m, [34mtraceId[0;39m=[31mNONE[0;39m, [34mspanId[0;39m=NONE] - 🔔 THE SCHEDULER IS RUNNING 🔔
[33m[2025-03-02 02:39:05.677][0;39m [34mINFO [0;39m
                [[36msla-service[0;39m, [34mtraceId[0;39m=[31mNONE[0;39m, [34mspanId[0;39m=NONE] - Process IDs retrieved successfully
[33m[2025-03-02 02:39:05.677][0;39m [1;31mERROR[0;39m
                [[36msla-service[0;39m, [1;31mtraceId[0;39m=[31mNONE[0;39m, [1;31mspanId[0;39m=NONE] - 🛑 mta-monitor is not running
[33m[2025-03-02 02:39:05.684][0;39m [34mINFO [0;39m
                [[36msla-service[0;39m, [34mtraceId[0;39m=[31mNONE[0;39m, [34mspanId[0;39m=NONE] - Command execution complete
[33m[2025-03-02 02:39:05.707][0;39m [34mINFO [0;39m
                [[36msla-service[0;39m, [34mtraceId[0;39m=[31mNONE[0;39m, [34mspanId[0;39m=NONE] - Process IDs retrieved successfully
[33m[2025-03-02 02:39:05.707][0;39m [34mINFO [0;39m
                [[36msla-service[0;39m, [34mtraceId[0;39m=[31mNONE[0;39m, [34mspanId[0;39m=NONE] - 🟢 termius-clone is running with process IDs: [29653]
[33m[2025-03-02 02:39:25.571][0;39m [34mINFO [0;39m
                [[36msla-service[0;39m, [34mtraceId[0;39m=[31mNONE[0;39m, [34mspanId[0;39m=NONE] - 🔔 THE SCHEDULER IS RUNNING 🔔
[33m[2025-03-02 02:39:25.663][0;39m [34mINFO [0;39m
                [[36msla-service[0;39m, [34mtraceId[0;39m=[31mNONE[0;39m, [34mspanId[0;39m=NONE] - Process IDs retrieved successfully
[33m[2025-03-02 02:39:25.663][0;39m [1;31mERROR[0;39m
                [[36msla-service[0;39m, [1;31mtraceId[0;39m=[31mNONE[0;39m, [1;31mspanId[0;39m=NONE] - 🛑 mta-monitor is not running
[33m[2025-03-02 02:39:25.666][0;39m [34mINFO [0;39m
                [[36msla-service[0;39m, [34mtraceId[0;39m=[31mNONE[0;39m, [34mspanId[0;39m=NONE] - Command execution complete
[33m[2025-03-02 02:39:25.686][0;39m [34mINFO [0;39m
                [[36msla-service[0;39m, [34mtraceId[0;39m=[31mNONE[0;39m, [34mspanId[0;39m=NONE] - Process IDs retrieved successfully
[33m[2025-03-02 02:39:25.686][0;39m [34mINFO [0;39m
                [[36msla-service[0;39m, [34mtraceId[0;39m=[31mNONE[0;39m, [34mspanId[0;39m=NONE] - 🟢 termius-clone is running with process IDs: [29653]
[33m[2025-03-02 02:39:45.563][0;39m [34mINFO [0;39m
                [[36msla-service[0;39m, [34mtraceId[0;39m=[31mNONE[0;39m, [34mspanId[0;39m=NONE] - 🔔 THE SCHEDULER IS RUNNING 🔔
[33m[2025-03-02 02:39:45.671][0;39m [34mINFO [0;39m
                [[36msla-service[0;39m, [34mtraceId[0;39m=[31mNONE[0;39m, [34mspanId[0;39m=NONE] - Process IDs retrieved successfully
[33m[2025-03-02 02:39:45.672][0;39m [1;31mERROR[0;39m
                [[36msla-service[0;39m, [1;31mtraceId[0;39m=[31mNONE[0;39m, [1;31mspanId[0;39m=NONE] - 🛑 mta-monitor is not running
[33m[2025-03-02 02:39:45.688][0;39m [34mINFO [0;39m
                [[36msla-service[0;39m, [34mtraceId[0;39m=[31mNONE[0;39m, [34mspanId[0;39m=NONE] - Command execution complete
[33m[2025-03-02 02:39:45.774][0;39m [34mINFO [0;39m
                [[36msla-service[0;39m, [34mtraceId[0;39m=[31mNONE[0;39m, [34mspanId[0;39m=NONE] - Process IDs retrieved successfully
[33m[2025-03-02 02:39:45.774][0;39m [34mINFO [0;39m
                [[36msla-service[0;39m, [34mtraceId[0;39m=[31mNONE[0;39m, [34mspanId[0;39m=NONE] - 🟢 termius-clone is running with process IDs: [29653]
[33m[2025-03-02 02:40:05.565][0;39m [34mINFO [0;39m
                [[36msla-service[0;39m, [34mtraceId[0;39m=[31mNONE[0;39m, [34mspanId[0;39m=NONE] - 🔔 THE SCHEDULER IS RUNNING 🔔
[33m[2025-03-02 02:40:05.658][0;39m [34mINFO [0;39m
                [[36msla-service[0;39m, [34mtraceId[0;39m=[31mNONE[0;39m, [34mspanId[0;39m=NONE] - Process IDs retrieved successfully
[33m[2025-03-02 02:40:05.658][0;39m [1;31mERROR[0;39m
                [[36msla-service[0;39m, [1;31mtraceId[0;39m=[31mNONE[0;39m, [1;31mspanId[0;39m=NONE] - 🛑 mta-monitor is not running
[33m[2025-03-02 02:40:05.661][0;39m [34mINFO [0;39m
                [[36msla-service[0;39m, [34mtraceId[0;39m=[31mNONE[0;39m, [34mspanId[0;39m=NONE] - Command execution complete
[33m[2025-03-02 02:40:05.683][0;39m [34mINFO [0;39m
                [[36msla-service[0;39m, [34mtraceId[0;39m=[31mNONE[0;39m, [34mspanId[0;39m=NONE] - Process IDs retrieved successfully
[33m[2025-03-02 02:40:05.683][0;39m [34mINFO [0;39m
                [[36msla-service[0;39m, [34mtraceId[0;39m=[31mNONE[0;39m, [34mspanId[0;39m=NONE] - 🟢 termius-clone is running with process IDs: [29653]
[33m[2025-03-02 02:40:25.559][0;39m [34mINFO [0;39m
                [[36msla-service[0;39m, [34mtraceId[0;39m=[31mNONE[0;39m, [34mspanId[0;39m=NONE] - 🔔 THE SCHEDULER IS RUNNING 🔔
[33m[2025-03-02 02:40:25.639][0;39m [34mINFO [0;39m
                [[36msla-service[0;39m, [34mtraceId[0;39m=[31mNONE[0;39m, [34mspanId[0;39m=NONE] - Process IDs retrieved successfully
[33m[2025-03-02 02:40:25.639][0;39m [1;31mERROR[0;39m
                [[36msla-service[0;39m, [1;31mtraceId[0;39m=[31mNONE[0;39m, [1;31mspanId[0;39m=NONE] - 🛑 mta-monitor is not running
[33m[2025-03-02 02:40:25.645][0;39m [34mINFO [0;39m
                [[36msla-service[0;39m, [34mtraceId[0;39m=[31mNONE[0;39m, [34mspanId[0;39m=NONE] - Command execution complete
[33m[2025-03-02 02:40:25.668][0;39m [34mINFO [0;39m
                [[36msla-service[0;39m, [34mtraceId[0;39m=[31mNONE[0;39m, [34mspanId[0;39m=NONE] - Process IDs retrieved successfully
[33m[2025-03-02 02:40:25.668][0;39m [34mINFO [0;39m
                [[36msla-service[0;39m, [34mtraceId[0;39m=[31mNONE[0;39m, [34mspanId[0;39m=NONE] - 🟢 termius-clone is running with process IDs: [29653]
[33m[2025-03-02 02:40:45.564][0;39m [34mINFO [0;39m
                [[36msla-service[0;39m, [34mtraceId[0;39m=[31mNONE[0;39m, [34mspanId[0;39m=NONE] - 🔔 THE SCHEDULER IS RUNNING 🔔
[33m[2025-03-02 02:40:45.681][0;39m [34mINFO [0;39m
                [[36msla-service[0;39m, [34mtraceId[0;39m=[31mNONE[0;39m, [34mspanId[0;39m=NONE] - Process IDs retrieved successfully
[33m[2025-03-02 02:40:45.681][0;39m [1;31mERROR[0;39m
                [[36msla-service[0;39m, [1;31mtraceId[0;39m=[31mNONE[0;39m, [1;31mspanId[0;39m=NONE] - 🛑 mta-monitor is not running
[33m[2025-03-02 02:40:45.685][0;39m [34mINFO [0;39m
                [[36msla-service[0;39m, [34mtraceId[0;39m=[31mNONE[0;39m, [34mspanId[0;39m=NONE] - Command execution complete
[33m[2025-03-02 02:40:45.760][0;39m [34mINFO [0;39m
                [[36msla-service[0;39m, [34mtraceId[0;39m=[31mNONE[0;39m, [34mspanId[0;39m=NONE] - Process IDs retrieved successfully
[33m[2025-03-02 02:40:45.760][0;39m [34mINFO [0;39m
                [[36msla-service[0;39m, [34mtraceId[0;39m=[31mNONE[0;39m, [34mspanId[0;39m=NONE] - 🟢 termius-clone is running with process IDs: [29653]
[33m[2025-03-02 02:41:05.570][0;39m [34mINFO [0;39m
                [[36msla-service[0;39m, [34mtraceId[0;39m=[31mNONE[0;39m, [34mspanId[0;39m=NONE] - 🔔 THE SCHEDULER IS RUNNING 🔔
[33m[2025-03-02 02:41:05.664][0;39m [34mINFO [0;39m
                [[36msla-service[0;39m, [34mtraceId[0;39m=[31mNONE[0;39m, [34mspanId[0;39m=NONE] - Process IDs retrieved successfully
[33m[2025-03-02 02:41:05.664][0;39m [1;31mERROR[0;39m
                [[36msla-service[0;39m, [1;31mtraceId[0;39m=[31mNONE[0;39m, [1;31mspanId[0;39m=NONE] - 🛑 mta-monitor is not running
[33m[2025-03-02 02:41:05.667][0;39m [34mINFO [0;39m
                [[36msla-service[0;39m, [34mtraceId[0;39m=[31mNONE[0;39m, [34mspanId[0;39m=NONE] - Command execution complete
[33m[2025-03-02 02:41:05.688][0;39m [34mINFO [0;39m
                [[36msla-service[0;39m, [34mtraceId[0;39m=[31mNONE[0;39m, [34mspanId[0;39m=NONE] - Process IDs retrieved successfully
[33m[2025-03-02 02:41:05.688][0;39m [34mINFO [0;39m
                [[36msla-service[0;39m, [34mtraceId[0;39m=[31mNONE[0;39m, [34mspanId[0;39m=NONE] - 🟢 termius-clone is running with process IDs: [29653]
[33m[2025-03-02 02:41:25.570][0;39m [34mINFO [0;39m
                [[36msla-service[0;39m, [34mtraceId[0;39m=[31mNONE[0;39m, [34mspanId[0;39m=NONE] - 🔔 THE SCHEDULER IS RUNNING 🔔
[33m[2025-03-02 02:41:25.663][0;39m [34mINFO [0;39m
                [[36msla-service[0;39m, [34mtraceId[0;39m=[31mNONE[0;39m, [34mspanId[0;39m=NONE] - Process IDs retrieved successfully
[33m[2025-03-02 02:41:25.663][0;39m [1;31mERROR[0;39m
                [[36msla-service[0;39m, [1;31mtraceId[0;39m=[31mNONE[0;39m, [1;31mspanId[0;39m=NONE] - 🛑 mta-monitor is not running
[33m[2025-03-02 02:41:25.667][0;39m [34mINFO [0;39m
                [[36msla-service[0;39m, [34mtraceId[0;39m=[31mNONE[0;39m, [34mspanId[0;39m=NONE] - Command execution complete
[33m[2025-03-02 02:41:25.692][0;39m [34mINFO [0;39m
                [[36msla-service[0;39m, [34mtraceId[0;39m=[31mNONE[0;39m, [34mspanId[0;39m=NONE] - Process IDs retrieved successfully
[33m[2025-03-02 02:41:25.692][0;39m [34mINFO [0;39m
                [[36msla-service[0;39m, [34mtraceId[0;39m=[31mNONE[0;39m, [34mspanId[0;39m=NONE] - 🟢 termius-clone is running with process IDs: [29653]
[33m[2025-03-02 02:41:45.570][0;39m [34mINFO [0;39m
                [[36msla-service[0;39m, [34mtraceId[0;39m=[31mNONE[0;39m, [34mspanId[0;39m=NONE] - 🔔 THE SCHEDULER IS RUNNING 🔔
[33m[2025-03-02 02:41:45.772][0;39m [34mINFO [0;39m
                [[36msla-service[0;39m, [34mtraceId[0;39m=[31mNONE[0;39m, [34mspanId[0;39m=NONE] - Process IDs retrieved successfully
[33m[2025-03-02 02:41:45.772][0;39m [1;31mERROR[0;39m
                [[36msla-service[0;39m, [1;31mtraceId[0;39m=[31mNONE[0;39m, [1;31mspanId[0;39m=NONE] - 🛑 mta-monitor is not running
[33m[2025-03-02 02:41:45.777][0;39m [34mINFO [0;39m
                [[36msla-service[0;39m, [34mtraceId[0;39m=[31mNONE[0;39m, [34mspanId[0;39m=NONE] - Command execution complete
[33m[2025-03-02 02:41:45.804][0;39m [34mINFO [0;39m
                [[36msla-service[0;39m, [34mtraceId[0;39m=[31mNONE[0;39m, [34mspanId[0;39m=NONE] - Process IDs retrieved successfully
[33m[2025-03-02 02:41:45.804][0;39m [34mINFO [0;39m
                [[36msla-service[0;39m, [34mtraceId[0;39m=[31mNONE[0;39m, [34mspanId[0;39m=NONE] - 🟢 termius-clone is running with process IDs: [29653]
[33m[2025-03-02 02:42:05.574][0;39m [34mINFO [0;39m
                [[36msla-service[0;39m, [34mtraceId[0;39m=[31mNONE[0;39m, [34mspanId[0;39m=NONE] - 🔔 THE SCHEDULER IS RUNNING 🔔
[33m[2025-03-02 02:42:05.654][0;39m [34mINFO [0;39m
                [[36msla-service[0;39m, [34mtraceId[0;39m=[31mNONE[0;39m, [34mspanId[0;39m=NONE] - Process IDs retrieved successfully
[33m[2025-03-02 02:42:05.655][0;39m [1;31mERROR[0;39m
                [[36msla-service[0;39m, [1;31mtraceId[0;39m=[31mNONE[0;39m, [1;31mspanId[0;39m=NONE] - 🛑 mta-monitor is not running
[33m[2025-03-02 02:42:05.658][0;39m [34mINFO [0;39m
                [[36msla-service[0;39m, [34mtraceId[0;39m=[31mNONE[0;39m, [34mspanId[0;39m=NONE] - Command execution complete
[33m[2025-03-02 02:42:05.686][0;39m [34mINFO [0;39m
                [[36msla-service[0;39m, [34mtraceId[0;39m=[31mNONE[0;39m, [34mspanId[0;39m=NONE] - Process IDs retrieved successfully
[33m[2025-03-02 02:42:05.686][0;39m [34mINFO [0;39m
                [[36msla-service[0;39m, [34mtraceId[0;39m=[31mNONE[0;39m, [34mspanId[0;39m=NONE] - 🟢 termius-clone is running with process IDs: [29653]
[33m[2025-03-02 02:42:25.570][0;39m [34mINFO [0;39m
                [[36msla-service[0;39m, [34mtraceId[0;39m=[31mNONE[0;39m, [34mspanId[0;39m=NONE] - 🔔 THE SCHEDULER IS RUNNING 🔔
[33m[2025-03-02 02:42:25.655][0;39m [34mINFO [0;39m
                [[36msla-service[0;39m, [34mtraceId[0;39m=[31mNONE[0;39m, [34mspanId[0;39m=NONE] - Process IDs retrieved successfully
[33m[2025-03-02 02:42:25.655][0;39m [1;31mERROR[0;39m
                [[36msla-service[0;39m, [1;31mtraceId[0;39m=[31mNONE[0;39m, [1;31mspanId[0;39m=NONE] - 🛑 mta-monitor is not running
[33m[2025-03-02 02:42:25.663][0;39m [34mINFO [0;39m
                [[36msla-service[0;39m, [34mtraceId[0;39m=[31mNONE[0;39m, [34mspanId[0;39m=NONE] - Command execution complete
[33m[2025-03-02 02:42:25.691][0;39m [34mINFO [0;39m
                [[36msla-service[0;39m, [34mtraceId[0;39m=[31mNONE[0;39m, [34mspanId[0;39m=NONE] - Process IDs retrieved successfully
[33m[2025-03-02 02:42:25.691][0;39m [34mINFO [0;39m
                [[36msla-service[0;39m, [34mtraceId[0;39m=[31mNONE[0;39m, [34mspanId[0;39m=NONE] - 🟢 termius-clone is running with process IDs: [29653]
[33m[2025-03-02 02:42:45.563][0;39m [34mINFO [0;39m
                [[36msla-service[0;39m, [34mtraceId[0;39m=[31mNONE[0;39m, [34mspanId[0;39m=NONE] - 🔔 THE SCHEDULER IS RUNNING 🔔
[33m[2025-03-02 02:42:45.725][0;39m [34mINFO [0;39m
                [[36msla-service[0;39m, [34mtraceId[0;39m=[31mNONE[0;39m, [34mspanId[0;39m=NONE] - Process IDs retrieved successfully
[33m[2025-03-02 02:42:45.725][0;39m [1;31mERROR[0;39m
                [[36msla-service[0;39m, [1;31mtraceId[0;39m=[31mNONE[0;39m, [1;31mspanId[0;39m=NONE] - 🛑 mta-monitor is not running
[33m[2025-03-02 02:42:45.741][0;39m [34mINFO [0;39m
                [[36msla-service[0;39m, [34mtraceId[0;39m=[31mNONE[0;39m, [34mspanId[0;39m=NONE] - Command execution complete
[33m[2025-03-02 02:42:45.875][0;39m [34mINFO [0;39m
                [[36msla-service[0;39m, [34mtraceId[0;39m=[31mNONE[0;39m, [34mspanId[0;39m=NONE] - Process IDs retrieved successfully
[33m[2025-03-02 02:42:45.875][0;39m [34mINFO [0;39m
                [[36msla-service[0;39m, [34mtraceId[0;39m=[31mNONE[0;39m, [34mspanId[0;39m=NONE] - 🟢 termius-clone is running with process IDs: [29653]
[33m[2025-03-02 02:43:05.568][0;39m [34mINFO [0;39m
                [[36msla-service[0;39m, [34mtraceId[0;39m=[31mNONE[0;39m, [34mspanId[0;39m=NONE] - 🔔 THE SCHEDULER IS RUNNING 🔔
[33m[2025-03-02 02:43:05.642][0;39m [34mINFO [0;39m
                [[36msla-service[0;39m, [34mtraceId[0;39m=[31mNONE[0;39m, [34mspanId[0;39m=NONE] - Process IDs retrieved successfully
[33m[2025-03-02 02:43:05.642][0;39m [1;31mERROR[0;39m
                [[36msla-service[0;39m, [1;31mtraceId[0;39m=[31mNONE[0;39m, [1;31mspanId[0;39m=NONE] - 🛑 mta-monitor is not running
[33m[2025-03-02 02:43:05.646][0;39m [34mINFO [0;39m
                [[36msla-service[0;39m, [34mtraceId[0;39m=[31mNONE[0;39m, [34mspanId[0;39m=NONE] - Command execution complete
[33m[2025-03-02 02:43:05.668][0;39m [34mINFO [0;39m
                [[36msla-service[0;39m, [34mtraceId[0;39m=[31mNONE[0;39m, [34mspanId[0;39m=NONE] - Process IDs retrieved successfully
[33m[2025-03-02 02:43:05.668][0;39m [34mINFO [0;39m
                [[36msla-service[0;39m, [34mtraceId[0;39m=[31mNONE[0;39m, [34mspanId[0;39m=NONE] - 🟢 termius-clone is running with process IDs: [29653]
[33m[2025-03-02 02:43:25.561][0;39m [34mINFO [0;39m
                [[36msla-service[0;39m, [34mtraceId[0;39m=[31mNONE[0;39m, [34mspanId[0;39m=NONE] - 🔔 THE SCHEDULER IS RUNNING 🔔
[33m[2025-03-02 02:43:25.628][0;39m [34mINFO [0;39m
                [[36msla-service[0;39m, [34mtraceId[0;39m=[31mNONE[0;39m, [34mspanId[0;39m=NONE] - Process IDs retrieved successfully
[33m[2025-03-02 02:43:25.628][0;39m [1;31mERROR[0;39m
                [[36msla-service[0;39m, [1;31mtraceId[0;39m=[31mNONE[0;39m, [1;31mspanId[0;39m=NONE] - 🛑 mta-monitor is not running
[33m[2025-03-02 02:43:25.642][0;39m [34mINFO [0;39m
                [[36msla-service[0;39m, [34mtraceId[0;39m=[31mNONE[0;39m, [34mspanId[0;39m=NONE] - Command execution complete
[33m[2025-03-02 02:43:25.664][0;39m [34mINFO [0;39m
                [[36msla-service[0;39m, [34mtraceId[0;39m=[31mNONE[0;39m, [34mspanId[0;39m=NONE] - Process IDs retrieved successfully
[33m[2025-03-02 02:43:25.664][0;39m [34mINFO [0;39m
                [[36msla-service[0;39m, [34mtraceId[0;39m=[31mNONE[0;39m, [34mspanId[0;39m=NONE] - 🟢 termius-clone is running with process IDs: [29653]
[33m[2025-03-02 02:43:45.562][0;39m [34mINFO [0;39m
                [[36msla-service[0;39m, [34mtraceId[0;39m=[31mNONE[0;39m, [34mspanId[0;39m=NONE] - 🔔 THE SCHEDULER IS RUNNING 🔔
[33m[2025-03-02 02:43:45.633][0;39m [34mINFO [0;39m
                [[36msla-service[0;39m, [34mtraceId[0;39m=[31mNONE[0;39m, [34mspanId[0;39m=NONE] - Process IDs retrieved successfully
[33m[2025-03-02 02:43:45.633][0;39m [1;31mERROR[0;39m
                [[36msla-service[0;39m, [1;31mtraceId[0;39m=[31mNONE[0;39m, [1;31mspanId[0;39m=NONE] - 🛑 mta-monitor is not running
[33m[2025-03-02 02:43:45.639][0;39m [34mINFO [0;39m
                [[36msla-service[0;39m, [34mtraceId[0;39m=[31mNONE[0;39m, [34mspanId[0;39m=NONE] - Command execution complete
[33m[2025-03-02 02:43:45.675][0;39m [34mINFO [0;39m
                [[36msla-service[0;39m, [34mtraceId[0;39m=[31mNONE[0;39m, [34mspanId[0;39m=NONE] - Process IDs retrieved successfully
[33m[2025-03-02 02:43:45.675][0;39m [34mINFO [0;39m
                [[36msla-service[0;39m, [34mtraceId[0;39m=[31mNONE[0;39m, [34mspanId[0;39m=NONE] - 🟢 termius-clone is running with process IDs: [29653]
[33m[2025-03-02 02:44:05.567][0;39m [34mINFO [0;39m
                [[36msla-service[0;39m, [34mtraceId[0;39m=[31mNONE[0;39m, [34mspanId[0;39m=NONE] - 🔔 THE SCHEDULER IS RUNNING 🔔
[33m[2025-03-02 02:44:05.628][0;39m [34mINFO [0;39m
                [[36msla-service[0;39m, [34mtraceId[0;39m=[31mNONE[0;39m, [34mspanId[0;39m=NONE] - Process IDs retrieved successfully
[33m[2025-03-02 02:44:05.628][0;39m [1;31mERROR[0;39m
                [[36msla-service[0;39m, [1;31mtraceId[0;39m=[31mNONE[0;39m, [1;31mspanId[0;39m=NONE] - 🛑 mta-monitor is not running
[33m[2025-03-02 02:44:05.631][0;39m [34mINFO [0;39m
                [[36msla-service[0;39m, [34mtraceId[0;39m=[31mNONE[0;39m, [34mspanId[0;39m=NONE] - Command execution complete
[33m[2025-03-02 02:44:05.650][0;39m [34mINFO [0;39m
                [[36msla-service[0;39m, [34mtraceId[0;39m=[31mNONE[0;39m, [34mspanId[0;39m=NONE] - Process IDs retrieved successfully
[33m[2025-03-02 02:44:05.650][0;39m [34mINFO [0;39m
                [[36msla-service[0;39m, [34mtraceId[0;39m=[31mNONE[0;39m, [34mspanId[0;39m=NONE] - 🟢 termius-clone is running with process IDs: [29653]
[33m[2025-03-02 02:44:25.566][0;39m [34mINFO [0;39m
                [[36msla-service[0;39m, [34mtraceId[0;39m=[31mNONE[0;39m, [34mspanId[0;39m=NONE] - 🔔 THE SCHEDULER IS RUNNING 🔔
[33m[2025-03-02 02:44:25.652][0;39m [34mINFO [0;39m
                [[36msla-service[0;39m, [34mtraceId[0;39m=[31mNONE[0;39m, [34mspanId[0;39m=NONE] - Process IDs retrieved successfully
[33m[2025-03-02 02:44:25.652][0;39m [1;31mERROR[0;39m
                [[36msla-service[0;39m, [1;31mtraceId[0;39m=[31mNONE[0;39m, [1;31mspanId[0;39m=NONE] - 🛑 mta-monitor is not running
[33m[2025-03-02 02:44:25.655][0;39m [34mINFO [0;39m
                [[36msla-service[0;39m, [34mtraceId[0;39m=[31mNONE[0;39m, [34mspanId[0;39m=NONE] - Command execution complete
[33m[2025-03-02 02:44:25.678][0;39m [34mINFO [0;39m
                [[36msla-service[0;39m, [34mtraceId[0;39m=[31mNONE[0;39m, [34mspanId[0;39m=NONE] - Process IDs retrieved successfully
[33m[2025-03-02 02:44:25.678][0;39m [34mINFO [0;39m
                [[36msla-service[0;39m, [34mtraceId[0;39m=[31mNONE[0;39m, [34mspanId[0;39m=NONE] - 🟢 termius-clone is running with process IDs: [29653]
[33m[2025-03-02 02:44:45.560][0;39m [34mINFO [0;39m
                [[36msla-service[0;39m, [34mtraceId[0;39m=[31mNONE[0;39m, [34mspanId[0;39m=NONE] - 🔔 THE SCHEDULER IS RUNNING 🔔
[33m[2025-03-02 02:44:45.631][0;39m [34mINFO [0;39m
                [[36msla-service[0;39m, [34mtraceId[0;39m=[31mNONE[0;39m, [34mspanId[0;39m=NONE] - Process IDs retrieved successfully
[33m[2025-03-02 02:44:45.631][0;39m [1;31mERROR[0;39m
                [[36msla-service[0;39m, [1;31mtraceId[0;39m=[31mNONE[0;39m, [1;31mspanId[0;39m=NONE] - 🛑 mta-monitor is not running
[33m[2025-03-02 02:44:45.637][0;39m [34mINFO [0;39m
                [[36msla-service[0;39m, [34mtraceId[0;39m=[31mNONE[0;39m, [34mspanId[0;39m=NONE] - Command execution complete
[33m[2025-03-02 02:44:45.697][0;39m [34mINFO [0;39m
                [[36msla-service[0;39m, [34mtraceId[0;39m=[31mNONE[0;39m, [34mspanId[0;39m=NONE] - Process IDs retrieved successfully
[33m[2025-03-02 02:44:45.697][0;39m [34mINFO [0;39m
                [[36msla-service[0;39m, [34mtraceId[0;39m=[31mNONE[0;39m, [34mspanId[0;39m=NONE] - 🟢 termius-clone is running with process IDs: [29653]
[33m[2025-03-02 02:45:05.568][0;39m [34mINFO [0;39m
                [[36msla-service[0;39m, [34mtraceId[0;39m=[31mNONE[0;39m, [34mspanId[0;39m=NONE] - 🔔 THE SCHEDULER IS RUNNING 🔔
[33m[2025-03-02 02:45:05.672][0;39m [34mINFO [0;39m
                [[36msla-service[0;39m, [34mtraceId[0;39m=[31mNONE[0;39m, [34mspanId[0;39m=NONE] - Process IDs retrieved successfully
[33m[2025-03-02 02:45:05.672][0;39m [1;31mERROR[0;39m
                [[36msla-service[0;39m, [1;31mtraceId[0;39m=[31mNONE[0;39m, [1;31mspanId[0;39m=NONE] - 🛑 mta-monitor is not running
[33m[2025-03-02 02:45:05.677][0;39m [34mINFO [0;39m
                [[36msla-service[0;39m, [34mtraceId[0;39m=[31mNONE[0;39m, [34mspanId[0;39m=NONE] - Command execution complete
[33m[2025-03-02 02:45:05.699][0;39m [34mINFO [0;39m
                [[36msla-service[0;39m, [34mtraceId[0;39m=[31mNONE[0;39m, [34mspanId[0;39m=NONE] - Process IDs retrieved successfully
[33m[2025-03-02 02:45:05.699][0;39m [34mINFO [0;39m
                [[36msla-service[0;39m, [34mtraceId[0;39m=[31mNONE[0;39m, [34mspanId[0;39m=NONE] - 🟢 termius-clone is running with process IDs: [29653]
[33m[2025-03-02 02:45:25.571][0;39m [34mINFO [0;39m
                [[36msla-service[0;39m, [34mtraceId[0;39m=[31mNONE[0;39m, [34mspanId[0;39m=NONE] - 🔔 THE SCHEDULER IS RUNNING 🔔
[33m[2025-03-02 02:45:25.669][0;39m [34mINFO [0;39m
                [[36msla-service[0;39m, [34mtraceId[0;39m=[31mNONE[0;39m, [34mspanId[0;39m=NONE] - Process IDs retrieved successfully
[33m[2025-03-02 02:45:25.669][0;39m [1;31mERROR[0;39m
                [[36msla-service[0;39m, [1;31mtraceId[0;39m=[31mNONE[0;39m, [1;31mspanId[0;39m=NONE] - 🛑 mta-monitor is not running
[33m[2025-03-02 02:45:25.673][0;39m [34mINFO [0;39m
                [[36msla-service[0;39m, [34mtraceId[0;39m=[31mNONE[0;39m, [34mspanId[0;39m=NONE] - Command execution complete
[33m[2025-03-02 02:45:25.694][0;39m [34mINFO [0;39m
                [[36msla-service[0;39m, [34mtraceId[0;39m=[31mNONE[0;39m, [34mspanId[0;39m=NONE] - Process IDs retrieved successfully
[33m[2025-03-02 02:45:25.694][0;39m [34mINFO [0;39m
                [[36msla-service[0;39m, [34mtraceId[0;39m=[31mNONE[0;39m, [34mspanId[0;39m=NONE] - 🟢 termius-clone is running with process IDs: [29653]
[33m[2025-03-02 02:45:45.579][0;39m [34mINFO [0;39m
                [[36msla-service[0;39m, [34mtraceId[0;39m=[31mNONE[0;39m, [34mspanId[0;39m=NONE] - 🔔 THE SCHEDULER IS RUNNING 🔔
[33m[2025-03-02 02:45:45.666][0;39m [34mINFO [0;39m
                [[36msla-service[0;39m, [34mtraceId[0;39m=[31mNONE[0;39m, [34mspanId[0;39m=NONE] - Process IDs retrieved successfully
[33m[2025-03-02 02:45:45.666][0;39m [1;31mERROR[0;39m
                [[36msla-service[0;39m, [1;31mtraceId[0;39m=[31mNONE[0;39m, [1;31mspanId[0;39m=NONE] - 🛑 mta-monitor is not running
[33m[2025-03-02 02:45:45.670][0;39m [34mINFO [0;39m
                [[36msla-service[0;39m, [34mtraceId[0;39m=[31mNONE[0;39m, [34mspanId[0;39m=NONE] - Command execution complete
[33m[2025-03-02 02:45:45.718][0;39m [34mINFO [0;39m
                [[36msla-service[0;39m, [34mtraceId[0;39m=[31mNONE[0;39m, [34mspanId[0;39m=NONE] - Process IDs retrieved successfully
[33m[2025-03-02 02:45:45.718][0;39m [34mINFO [0;39m
                [[36msla-service[0;39m, [34mtraceId[0;39m=[31mNONE[0;39m, [34mspanId[0;39m=NONE] - 🟢 termius-clone is running with process IDs: [29653]
[33m[2025-03-02 02:46:05.570][0;39m [34mINFO [0;39m
                [[36msla-service[0;39m, [34mtraceId[0;39m=[31mNONE[0;39m, [34mspanId[0;39m=NONE] - 🔔 THE SCHEDULER IS RUNNING 🔔
[33m[2025-03-02 02:46:05.659][0;39m [34mINFO [0;39m
                [[36msla-service[0;39m, [34mtraceId[0;39m=[31mNONE[0;39m, [34mspanId[0;39m=NONE] - Process IDs retrieved successfully
[33m[2025-03-02 02:46:05.659][0;39m [1;31mERROR[0;39m
                [[36msla-service[0;39m, [1;31mtraceId[0;39m=[31mNONE[0;39m, [1;31mspanId[0;39m=NONE] - 🛑 mta-monitor is not running
[33m[2025-03-02 02:46:05.662][0;39m [34mINFO [0;39m
                [[36msla-service[0;39m, [34mtraceId[0;39m=[31mNONE[0;39m, [34mspanId[0;39m=NONE] - Command execution complete
[33m[2025-03-02 02:46:05.685][0;39m [34mINFO [0;39m
                [[36msla-service[0;39m, [34mtraceId[0;39m=[31mNONE[0;39m, [34mspanId[0;39m=NONE] - Process IDs retrieved successfully
[33m[2025-03-02 02:46:05.685][0;39m [34mINFO [0;39m
                [[36msla-service[0;39m, [34mtraceId[0;39m=[31mNONE[0;39m, [34mspanId[0;39m=NONE] - 🟢 termius-clone is running with process IDs: [29653]
[33m[2025-03-02 02:46:25.571][0;39m [34mINFO [0;39m
                [[36msla-service[0;39m, [34mtraceId[0;39m=[31mNONE[0;39m, [34mspanId[0;39m=NONE] - 🔔 THE SCHEDULER IS RUNNING 🔔
[33m[2025-03-02 02:46:25.645][0;39m [34mINFO [0;39m
                [[36msla-service[0;39m, [34mtraceId[0;39m=[31mNONE[0;39m, [34mspanId[0;39m=NONE] - Process IDs retrieved successfully
[33m[2025-03-02 02:46:25.645][0;39m [1;31mERROR[0;39m
                [[36msla-service[0;39m, [1;31mtraceId[0;39m=[31mNONE[0;39m, [1;31mspanId[0;39m=NONE] - 🛑 mta-monitor is not running
[33m[2025-03-02 02:46:25.648][0;39m [34mINFO [0;39m
                [[36msla-service[0;39m, [34mtraceId[0;39m=[31mNONE[0;39m, [34mspanId[0;39m=NONE] - Command execution complete
[33m[2025-03-02 02:46:25.671][0;39m [34mINFO [0;39m
                [[36msla-service[0;39m, [34mtraceId[0;39m=[31mNONE[0;39m, [34mspanId[0;39m=NONE] - Process IDs retrieved successfully
[33m[2025-03-02 02:46:25.671][0;39m [34mINFO [0;39m
                [[36msla-service[0;39m, [34mtraceId[0;39m=[31mNONE[0;39m, [34mspanId[0;39m=NONE] - 🟢 termius-clone is running with process IDs: [29653]
[33m[2025-03-02 02:46:45.561][0;39m [34mINFO [0;39m
                [[36msla-service[0;39m, [34mtraceId[0;39m=[31mNONE[0;39m, [34mspanId[0;39m=NONE] - 🔔 THE SCHEDULER IS RUNNING 🔔
[33m[2025-03-02 02:46:45.703][0;39m [34mINFO [0;39m
                [[36msla-service[0;39m, [34mtraceId[0;39m=[31mNONE[0;39m, [34mspanId[0;39m=NONE] - Process IDs retrieved successfully
[33m[2025-03-02 02:46:45.703][0;39m [1;31mERROR[0;39m
                [[36msla-service[0;39m, [1;31mtraceId[0;39m=[31mNONE[0;39m, [1;31mspanId[0;39m=NONE] - 🛑 mta-monitor is not running
[33m[2025-03-02 02:46:45.710][0;39m [34mINFO [0;39m
                [[36msla-service[0;39m, [34mtraceId[0;39m=[31mNONE[0;39m, [34mspanId[0;39m=NONE] - Command execution complete
[33m[2025-03-02 02:46:45.763][0;39m [34mINFO [0;39m
                [[36msla-service[0;39m, [34mtraceId[0;39m=[31mNONE[0;39m, [34mspanId[0;39m=NONE] - Process IDs retrieved successfully
[33m[2025-03-02 02:46:45.763][0;39m [34mINFO [0;39m
                [[36msla-service[0;39m, [34mtraceId[0;39m=[31mNONE[0;39m, [34mspanId[0;39m=NONE] - 🟢 termius-clone is running with process IDs: [29653]
[33m[2025-03-02 02:47:05.569][0;39m [34mINFO [0;39m
                [[36msla-service[0;39m, [34mtraceId[0;39m=[31mNONE[0;39m, [34mspanId[0;39m=NONE] - 🔔 THE SCHEDULER IS RUNNING 🔔
[33m[2025-03-02 02:47:05.646][0;39m [34mINFO [0;39m
                [[36msla-service[0;39m, [34mtraceId[0;39m=[31mNONE[0;39m, [34mspanId[0;39m=NONE] - Process IDs retrieved successfully
[33m[2025-03-02 02:47:05.646][0;39m [1;31mERROR[0;39m
                [[36msla-service[0;39m, [1;31mtraceId[0;39m=[31mNONE[0;39m, [1;31mspanId[0;39m=NONE] - 🛑 mta-monitor is not running
[33m[2025-03-02 02:47:05.650][0;39m [34mINFO [0;39m
                [[36msla-service[0;39m, [34mtraceId[0;39m=[31mNONE[0;39m, [34mspanId[0;39m=NONE] - Command execution complete
[33m[2025-03-02 02:47:05.684][0;39m [34mINFO [0;39m
                [[36msla-service[0;39m, [34mtraceId[0;39m=[31mNONE[0;39m, [34mspanId[0;39m=NONE] - Process IDs retrieved successfully
[33m[2025-03-02 02:47:05.684][0;39m [34mINFO [0;39m
                [[36msla-service[0;39m, [34mtraceId[0;39m=[31mNONE[0;39m, [34mspanId[0;39m=NONE] - 🟢 termius-clone is running with process IDs: [29653]
[33m[2025-03-02 02:47:25.501][0;39m [34mINFO [0;39m
                [[36msla-service[0;39m, [34mtraceId[0;39m=[31mNONE[0;39m, [34mspanId[0;39m=NONE] - 🔔 THE SCHEDULER IS RUNNING 🔔
[33m[2025-03-02 02:47:26.015][0;39m [34mINFO [0;39m
                [[36msla-service[0;39m, [34mtraceId[0;39m=[31mNONE[0;39m, [34mspanId[0;39m=NONE] - Process IDs retrieved successfully
[33m[2025-03-02 02:47:26.015][0;39m [1;31mERROR[0;39m
                [[36msla-service[0;39m, [1;31mtraceId[0;39m=[31mNONE[0;39m, [1;31mspanId[0;39m=NONE] - 🛑 mta-monitor is not running
[33m[2025-03-02 02:47:26.026][0;39m [34mINFO [0;39m
                [[36msla-service[0;39m, [34mtraceId[0;39m=[31mNONE[0;39m, [34mspanId[0;39m=NONE] - Command execution complete
[33m[2025-03-02 02:47:26.076][0;39m [34mINFO [0;39m
                [[36msla-service[0;39m, [34mtraceId[0;39m=[31mNONE[0;39m, [34mspanId[0;39m=NONE] - Process IDs retrieved successfully
[33m[2025-03-02 02:47:26.076][0;39m [34mINFO [0;39m
                [[36msla-service[0;39m, [34mtraceId[0;39m=[31mNONE[0;39m, [34mspanId[0;39m=NONE] - 🟢 termius-clone is running with process IDs: [29653]
[33m[2025-03-02 02:47:45.667][0;39m [34mINFO [0;39m
                [[36msla-service[0;39m, [34mtraceId[0;39m=[31mNONE[0;39m, [34mspanId[0;39m=NONE] - 🔔 THE SCHEDULER IS RUNNING 🔔
[33m[2025-03-02 02:47:47.508][0;39m [34mINFO [0;39m
                [[36msla-service[0;39m, [34mtraceId[0;39m=[31mNONE[0;39m, [34mspanId[0;39m=NONE] - Process IDs retrieved successfully
[33m[2025-03-02 02:47:47.517][0;39m [34mINFO [0;39m
                [[36msla-service[0;39m, [34mtraceId[0;39m=[31mNONE[0;39m, [34mspanId[0;39m=NONE] - 🟢 mta-monitor is running with process IDs: [42443]
[33m[2025-03-02 02:47:47.582][0;39m [34mINFO [0;39m
                [[36msla-service[0;39m, [34mtraceId[0;39m=[31mNONE[0;39m, [34mspanId[0;39m=NONE] - Process IDs retrieved successfully
[33m[2025-03-02 02:47:47.582][0;39m [34mINFO [0;39m
                [[36msla-service[0;39m, [34mtraceId[0;39m=[31mNONE[0;39m, [34mspanId[0;39m=NONE] - 🟢 termius-clone is running with process IDs: [29653]
[33m[2025-03-02 02:48:05.475][0;39m [34mINFO [0;39m
                [[36msla-service[0;39m, [34mtraceId[0;39m=[31mNONE[0;39m, [34mspanId[0;39m=NONE] - 🔔 THE SCHEDULER IS RUNNING 🔔
[33m[2025-03-02 02:48:05.987][0;39m [34mINFO [0;39m
                [[36msla-service[0;39m, [34mtraceId[0;39m=[31mNONE[0;39m, [34mspanId[0;39m=NONE] - Process IDs retrieved successfully
[33m[2025-03-02 02:48:05.987][0;39m [1;31mERROR[0;39m
                [[36msla-service[0;39m, [1;31mtraceId[0;39m=[31mNONE[0;39m, [1;31mspanId[0;39m=NONE] - 🛑 mta-monitor is not running
[33m[2025-03-02 02:48:05.992][0;39m [34mINFO [0;39m
                [[36msla-service[0;39m, [34mtraceId[0;39m=[31mNONE[0;39m, [34mspanId[0;39m=NONE] - Command execution complete
[33m[2025-03-02 02:48:06.030][0;39m [34mINFO [0;39m
                [[36msla-service[0;39m, [34mtraceId[0;39m=[31mNONE[0;39m, [34mspanId[0;39m=NONE] - Process IDs retrieved successfully
[33m[2025-03-02 02:48:06.030][0;39m [34mINFO [0;39m
                [[36msla-service[0;39m, [34mtraceId[0;39m=[31mNONE[0;39m, [34mspanId[0;39m=NONE] - 🟢 termius-clone is running with process IDs: [29653]
[33m[2025-03-02 02:48:09.101][0;39m [34mINFO [0;39m
                [[36msla-service[0;39m, [34mtraceId[0;39m=[31mNONE[0;39m, [34mspanId[0;39m=NONE] - Commencing graceful shutdown. Waiting for active requests to complete
[33m[2025-03-02 02:48:09.149][0;39m [34mINFO [0;39m
                [[36msla-service[0;39m, [34mtraceId[0;39m=[31mNONE[0;39m, [34mspanId[0;39m=NONE] - Graceful shutdown complete
[33m[2025-03-02 02:48:09.220][0;39m [34mINFO [0;39m
                [[36msla-service[0;39m, [34mtraceId[0;39m=[31mNONE[0;39m, [34mspanId[0;39m=NONE] - Closing JPA EntityManagerFactory for persistence unit 'default'
[33m[2025-03-02 02:48:09.270][0;39m [34mINFO [0;39m
                [[36msla-service[0;39m, [34mtraceId[0;39m=[31mNONE[0;39m, [34mspanId[0;39m=NONE] - HikariPool-1 - Shutdown initiated...
[33m[2025-03-02 02:48:09.278][0;39m [34mINFO [0;39m
                [[36msla-service[0;39m, [34mtraceId[0;39m=[31mNONE[0;39m, [34mspanId[0;39m=NONE] - HikariPool-1 - Shutdown completed.
